#
# There is insufficient memory for the Java Runtime Environment to continue.
# Native memory allocation (mmap) failed to map 65536 bytes for Failed to commit metaspace.
# Possible reasons:
#   The system is out of physical RAM or swap space
#   The process is running with CompressedOops enabled, and the Java Heap may be blocking the growth of the native heap
# Possible solutions:
#   Reduce memory load on the system
#   Increase physical memory or swap space
#   Check if swap backing store is full
#   Decrease Java heap size (-Xmx/-Xms)
#   Decrease number of Java threads
#   Decrease Java thread stack sizes (-Xss)
#   Set larger code cache with -XX:ReservedCodeCacheSize=
#   JVM is running with Zero Based Compressed Oops mode in which the Java heap is
#     placed in the first 32GB address space. The Java Heap base address is the
#     maximum limit for the native heap growth. Please use -XX:HeapBaseMinAddress
#     to set the Java Heap base and to place the Java Heap above 32GB virtual address.
# This output file may be truncated or incomplete.
#
#  Out of Memory Error (virtualSpaceNode.cpp:110), pid=9956, tid=15116
#
# JRE version: Java(TM) SE Runtime Environment (19.0.2+7) (build 19.0.2+7-44)
# Java VM: Java HotSpot(TM) 64-Bit Server VM (19.0.2+7-44, mixed mode, sharing, tiered, compressed oops, compressed class ptrs, g1 gc, windows-amd64)
# No core dump will be written. Minidumps are not enabled by default on client versions of Windows
#

---------------  S U M M A R Y ------------

Command Line: -ea -Didea.test.cyclic.buffer.size=1048576 -javaagent:D:\ITdevelop\IntelliJ IDEA 2022.3.1\lib\idea_rt.jar=8639:D:\ITdevelop\IntelliJ IDEA 2022.3.1\bin -Dfile.encoding=UTF-8 -Dsun.stdout.encoding=UTF-8 -Dsun.stderr.encoding=UTF-8 com.intellij.rt.junit.JUnitStarter -ideVersion5 -junit4 com.by.store.mapper.CartMapperTest,findVOByCids

Host: AMD Ryzen 5 3600 6-Core Processor              , 12 cores, 15G,  Windows 10 , 64 bit Build 19041 (10.0.19041.2546)
Time: Fri Mar 31 14:39:59 2023  Windows 10 , 64 bit Build 19041 (10.0.19041.2546) elapsed time: 1.421378 seconds (0d 0h 0m 1s)

---------------  T H R E A D  ---------------

Current thread (0x0000024f45e59e10):  JavaThread "background-preinit" [_thread_in_vm, id=15116, stack(0x000000bf88e00000,0x000000bf88f00000)]

Stack: [0x000000bf88e00000,0x000000bf88f00000]
Native frames: (J=compiled Java code, j=interpreted, Vv=VM code, C=native code)
V  [jvm.dll+0x6ee21a]
V  [jvm.dll+0x85765e]
V  [jvm.dll+0x85904e]
V  [jvm.dll+0x859703]
V  [jvm.dll+0x28298f]
V  [jvm.dll+0x8532db]
V  [jvm.dll+0x692cb6]
V  [jvm.dll+0x1f2937]
V  [jvm.dll+0x6956f2]
V  [jvm.dll+0x6954de]
V  [jvm.dll+0x6936de]
V  [jvm.dll+0x3c4eaf]
V  [jvm.dll+0x2161bb]
V  [jvm.dll+0x5a9ce0]
V  [jvm.dll+0x7cd423]
V  [jvm.dll+0x7cd504]
V  [jvm.dll+0x46ac34]
V  [jvm.dll+0x47021f]
C  [java.dll+0x17ec]

Java frames: (J=compiled Java code, j=interpreted, Vv=VM code)
J 873  java.lang.ClassLoader.defineClass1(Ljava/lang/ClassLoader;Ljava/lang/String;[BIILjava/security/ProtectionDomain;Ljava/lang/String;)Ljava/lang/Class; java.base@19.0.2 (0 bytes) @ 0x0000024f2ce88b03 [0x0000024f2ce88a40+0x00000000000000c3]
J 1222 c1 java.lang.ClassLoader.defineClass(Ljava/lang/String;[BIILjava/security/ProtectionDomain;)Ljava/lang/Class; java.base@19.0.2 (43 bytes) @ 0x0000024f2559765c [0x0000024f25597300+0x000000000000035c]
J 1221 c1 java.security.SecureClassLoader.defineClass(Ljava/lang/String;[BIILjava/security/CodeSource;)Ljava/lang/Class; java.base@19.0.2 (16 bytes) @ 0x0000024f25596f8c [0x0000024f25596ec0+0x00000000000000cc]
J 880 c1 jdk.internal.loader.BuiltinClassLoader.defineClass(Ljava/lang/String;Ljdk/internal/loader/Resource;)Ljava/lang/Class; java.base@19.0.2 (121 bytes) @ 0x0000024f254ef594 [0x0000024f254ee620+0x0000000000000f74]
J 934 c1 jdk.internal.loader.BuiltinClassLoader.findClassOnClassPathOrNull(Ljava/lang/String;)Ljava/lang/Class; java.base@19.0.2 (64 bytes) @ 0x0000024f2550a4dc [0x0000024f25509800+0x0000000000000cdc]
J 597 c1 jdk.internal.loader.BuiltinClassLoader.loadClassOrNull(Ljava/lang/String;Z)Ljava/lang/Class; java.base@19.0.2 (143 bytes) @ 0x0000024f2545cbec [0x0000024f2545c160+0x0000000000000a8c]
J 879 c1 jdk.internal.loader.ClassLoaders$AppClassLoader.loadClass(Ljava/lang/String;Z)Ljava/lang/Class; java.base@19.0.2 (40 bytes) @ 0x0000024f254edb44 [0x0000024f254ed960+0x00000000000001e4]
J 845 c1 java.lang.ClassLoader.loadClass(Ljava/lang/String;)Ljava/lang/Class; java.base@19.0.2 (7 bytes) @ 0x0000024f254e214c [0x0000024f254e2040+0x000000000000010c]
v  ~StubRoutines::call_stub 0x0000024f2c8a100e
j  com.fasterxml.jackson.databind.introspect.AnnotatedClassResolver.<clinit>()V+0
v  ~StubRoutines::call_stub 0x0000024f2c8a100e
j  com.fasterxml.jackson.databind.introspect.BasicClassIntrospector.<clinit>()V+24
v  ~StubRoutines::call_stub 0x0000024f2c8a100e
j  com.fasterxml.jackson.databind.ObjectMapper.defaultClassIntrospector()Lcom/fasterxml/jackson/databind/introspect/ClassIntrospector;+0
j  com.fasterxml.jackson.databind.ObjectMapper.<init>(Lcom/fasterxml/jackson/core/JsonFactory;Lcom/fasterxml/jackson/databind/ser/DefaultSerializerProvider;Lcom/fasterxml/jackson/databind/deser/DefaultDeserializationContext;)V+107
j  com.fasterxml.jackson.databind.ObjectMapper.<init>()V+4
j  org.springframework.http.converter.json.Jackson2ObjectMapperBuilder.build()Lcom/fasterxml/jackson/databind/ObjectMapper;+83
j  org.springframework.http.converter.json.MappingJackson2HttpMessageConverter.<init>()V+4
j  org.springframework.http.converter.support.AllEncompassingFormHttpMessageConverter.<init>()V+59
j  org.springframework.boot.autoconfigure.BackgroundPreinitializer$MessageConverterInitializer.run()V+4
j  org.springframework.boot.autoconfigure.BackgroundPreinitializer$1.runSafely(Ljava/lang/Runnable;)V+1
j  org.springframework.boot.autoconfigure.BackgroundPreinitializer$1.run()V+33
j  java.lang.Thread.run()V+13 java.base@19.0.2
v  ~StubRoutines::call_stub 0x0000024f2c8a100e

Compiled method (n/a)    1444  873     n 0       java.lang.ClassLoader::defineClass1 (native)
 total in heap  [0x0000024f2ce88890,0x0000024f2ce88ee8] = 1624
 relocation     [0x0000024f2ce889f0,0x0000024f2ce88a28] = 56
 main code      [0x0000024f2ce88a40,0x0000024f2ce88ee2] = 1186
 stub code      [0x0000024f2ce88ee2,0x0000024f2ce88ee8] = 6

[Constant Pool (empty)]

[MachCode]
[Entry Point]
  # {method} {0x0000000800435c20} 'defineClass1' '(Ljava/lang/ClassLoader;Ljava/lang/String;[BIILjava/security/ProtectionDomain;Ljava/lang/String;)Ljava/lang/Class;' in 'java/lang/ClassLoader'
  # parm0:    rdx:rdx   = 'java/lang/ClassLoader'
  # parm1:    r8:r8     = 'java/lang/String'
  # parm2:    r9:r9     = '[B'
  # parm3:    rdi       = int
  # parm4:    rsi       = int
  # parm5:    rcx:rcx   = 'java/security/ProtectionDomain'
  # parm6:    [sp+0xa0]   = 'java/lang/String'  (sp of caller)
  0x0000024f2ce88a40: 448b 5208 | 49bb 0000 | 0000 0800 | 0000 4d03 | d349 3bc2 | 0f84 0600 

  0x0000024f2ce88a58: ;   {runtime_call ic_miss_stub}
  0x0000024f2ce88a58: 0000 e921 | 8da7 ff90 
[Verified Entry Point]
  0x0000024f2ce88a60: 8984 2400 | 90ff ff55 | 488b ec48 | 81ec 9000 | 0000 4881 | 7d10 0000 | 0000 488d | 4510 480f 
  0x0000024f2ce88a80: 4445 1048 | 8944 2440 | 4889 4c24 | 7048 83f9 | 0048 8d44 | 2470 480f | 4444 2470 | 4889 4424 
  0x0000024f2ce88aa0: 3848 8974 | 2430 4889 | 7c24 284c | 894c 2458 | 4983 f900 | 488d 4424 | 5848 0f44 | 4424 5848 
  0x0000024f2ce88ac0: 8944 2420 | 4c89 4424 | 5049 83f8 | 004c 8d4c | 2450 4c0f | 444c 2450 | 4889 5424 | 4848 83fa 
  0x0000024f2ce88ae0: 004c 8d44 | 2448 4c0f | 4444 2448 

  0x0000024f2ce88aec: ;   {oop(a 'java/lang/Class'{0x00000007014394b8} = 'java/lang/ClassLoader')}
  0x0000024f2ce88aec: 49be b894 | 4301 0700 | 0000 4c89 | 7424 784c | 8d74 2478 | 498b d6c5 

  0x0000024f2ce88b04: ;   {internal_word}
  0x0000024f2ce88b04: f877 49ba | 038b e82c | 4f02 0000 | 4d89 97c8 | 0200 0049 | 89a7 c002 

  0x0000024f2ce88b1c: ;   {external_word}
  0x0000024f2ce88b1c: 0000 49ba | c984 8903 | fe7f 0000 | 4180 3a00 | 0f84 5000 | 0000 5241 

  0x0000024f2ce88b34: ;   {metadata({method} {0x0000000800435c20} 'defineClass1' '(Ljava/lang/ClassLoader;Ljava/lang/String;[BIILjava/security/ProtectionDomain;Ljava/lang/String;)Ljava/lang/Class;' in 'java/lang/ClassLoader')}
  0x0000024f2ce88b34: 5041 5148 | ba18 5c43 | 0008 0000 | 0049 8bcf | 4883 ec20 | 40f6 c40f | 0f84 1a00 | 0000 4883 
  0x0000024f2ce88b54: ;   {runtime_call}
  0x0000024f2ce88b54: ec08 49ba | d027 4103 | fe7f 0000 | 41ff d248 | 83c4 08e9 | 0d00 0000 

  0x0000024f2ce88b6c: ;   {runtime_call}
  0x0000024f2ce88b6c: 49ba d027 | 4103 fe7f | 0000 41ff | d248 83c4 | 2041 5941 | 585a 498d | 8fe0 0200 | 0041 c787 
  0x0000024f2ce88b8c: 7403 0000 | 0400 0000 

  0x0000024f2ce88b94: ;   {runtime_call}
  0x0000024f2ce88b94: 49ba ac16 | 045c fe7f | 0000 41ff | d2c5 f877 | 41c7 8774 | 0300 0005 | 0000 00f0 | 8344 24c0 
  0x0000024f2ce88bb4: 0049 3baf | 7803 0000 | 0f87 1100 | 0000 4181 | bf70 0300 | 0000 0000 | 000f 842c | 0000 00c5 
  0x0000024f2ce88bd4: f877 4889 | 45f8 498b | cf4c 8be4 | 4883 ec20 | 4883 e4f0 

  0x0000024f2ce88be8: ;   {runtime_call}
  0x0000024f2ce88be8: 49ba 0015 | 4c03 fe7f | 0000 41ff | d249 8be4 | 4d33 e448 | 8b45 f841 | c787 7403 | 0000 0800 
  0x0000024f2ce88c08: 0000 4181 | bfe8 0300 | 0002 0000 | 000f 8499 

  0x0000024f2ce88c18: ;   {external_word}
  0x0000024f2ce88c18: 0200 0049 | bac9 8489 | 03fe 7f00 | 0041 803a | 000f 844e | 0000 0048 

  0x0000024f2ce88c30: ;   {metadata({method} {0x0000000800435c20} 'defineClass1' '(Ljava/lang/ClassLoader;Ljava/lang/String;[BIILjava/security/ProtectionDomain;Ljava/lang/String;)Ljava/lang/Class;' in 'java/lang/ClassLoader')}
  0x0000024f2ce88c30: 8945 f848 | ba18 5c43 | 0008 0000 | 0049 8bcf | 4883 ec20 | 40f6 c40f | 0f84 1a00 | 0000 4883 
  0x0000024f2ce88c50: ;   {runtime_call}
  0x0000024f2ce88c50: ec08 49ba | d027 4103 | fe7f 0000 | 41ff d248 | 83c4 08e9 | 0d00 0000 

  0x0000024f2ce88c68: ;   {runtime_call}
  0x0000024f2ce88c68: 49ba d027 | 4103 fe7f | 0000 41ff | d248 83c4 | 2048 8b45 | f849 c787 | c002 0000 | 0000 0000 
  0x0000024f2ce88c88: 49c7 87c8 | 0200 0000 | 0000 00c5 | f877 4885 | c00f 84ef | 0100 00a8 | 010f 84e4 | 0100 0048 
  0x0000024f2ce88ca8: 8b40 ff41 | 807f 4000 | 0f84 d001 | 0000 4883 | f800 0f84 | c601 0000 | 498b 4f28 | 4883 f900 
  0x0000024f2ce88cc8: 0f84 1400 | 0000 4883 | e908 4989 | 4f28 4903 | 4f38 4889 | 01e9 a401 | 0000 4881 | ecd0 0000 
  0x0000024f2ce88ce8: 0048 8904 | 2448 894c | 2408 4889 | 5424 1048 | 8974 2418 | 4889 7c24 | 204c 8944 | 2428 4c89 
  0x0000024f2ce88d08: 4c24 304c | 8954 2438 | 4c89 5c24 | 40c5 fb11 | 4424 50c5 | fb11 4c24 | 58c5 fb11 | 5424 60c5 
  0x0000024f2ce88d28: fb11 5c24 | 68c5 fb11 | 6424 70c5 | fb11 6c24 | 78c5 fb11 | b424 8000 | 0000 c5fb | 11bc 2488 
  0x0000024f2ce88d48: 0000 00c5 | 7b11 8424 | 9000 0000 | c57b 118c | 2498 0000 | 00c5 7b11 | 9424 a000 | 0000 c57b 
  0x0000024f2ce88d68: 119c 24a8 | 0000 00c5 | 7b11 a424 | b000 0000 | c57b 11ac | 24b8 0000 | 00c5 7b11 | b424 c000 
  0x0000024f2ce88d88: 0000 c57b | 11bc 24c8 | 0000 0049 | 8bd7 488b | c848 83ec | 2040 f6c4 | 0f0f 841a | 0000 0048 
  0x0000024f2ce88da8: ;   {runtime_call}
  0x0000024f2ce88da8: 83ec 0849 | bab0 1efe | 02fe 7f00 | 0041 ffd2 | 4883 c408 | e90d 0000 

  0x0000024f2ce88dc0: ;   {runtime_call}
  0x0000024f2ce88dc0: 0049 bab0 | 1efe 02fe | 7f00 0041 | ffd2 4883 | c420 c57b | 10bc 24c8 | 0000 00c5 | 7b10 b424 
  0x0000024f2ce88de0: c000 0000 | c57b 10ac | 24b8 0000 | 00c5 7b10 | a424 b000 | 0000 c57b | 109c 24a8 | 0000 00c5 
  0x0000024f2ce88e00: 7b10 9424 | a000 0000 | c57b 108c | 2498 0000 | 00c5 7b10 | 8424 9000 | 0000 c5fb | 10bc 2488 
  0x0000024f2ce88e20: 0000 00c5 | fb10 b424 | 8000 0000 | c5fb 106c | 2478 c5fb | 1064 2470 | c5fb 105c | 2468 c5fb 
  0x0000024f2ce88e40: 1054 2460 | c5fb 104c | 2458 c5fb | 1044 2450 | 4c8b 5c24 | 404c 8b54 | 2438 4c8b | 4c24 304c 
  0x0000024f2ce88e60: 8b44 2428 | 488b 7c24 | 2048 8b74 | 2418 488b | 5424 1048 | 8b4c 2408 | 488b 0424 | 4881 c4d0 
  0x0000024f2ce88e80: 0000 00c5 | f877 e903 | 0000 0048 | 8b00 498b | 8f50 0300 | 00c7 8100 | 0100 0000 | 0000 00c9 
  0x0000024f2ce88ea0: 4981 7f08 | 0000 0000 | 0f85 0100 

  0x0000024f2ce88eac: ;   {runtime_call StubRoutines (1)}
  0x0000024f2ce88eac: 0000 c3e9 | 4c80 a1ff | c5f8 7748 | 8945 f84c | 8be4 4883 | ec20 4883 

  0x0000024f2ce88ec4: ;   {runtime_call}
  0x0000024f2ce88ec4: e4f0 49ba | 305c 4103 | fe7f 0000 | 41ff d249 | 8be4 4d33 | e448 8b45 | f8e9 39fd | ffff f4f4 
  0x0000024f2ce88ee4: f4f4 f4f4 
[/MachCode]


Compiled method (c1)    1454 1222       3       java.lang.ClassLoader::defineClass (43 bytes)
 total in heap  [0x0000024f25597110,0x0000024f25597a48] = 2360
 relocation     [0x0000024f25597270,0x0000024f25597300] = 144
 main code      [0x0000024f25597300,0x0000024f255977a0] = 1184
 stub code      [0x0000024f255977a0,0x0000024f25597818] = 120
 metadata       [0x0000024f25597818,0x0000024f25597848] = 48
 scopes data    [0x0000024f25597848,0x0000024f25597938] = 240
 scopes pcs     [0x0000024f25597938,0x0000024f25597a18] = 224
 dependencies   [0x0000024f25597a18,0x0000024f25597a20] = 8
 nul chk table  [0x0000024f25597a20,0x0000024f25597a48] = 40

[Constant Pool (empty)]

[MachCode]
[Entry Point]
  # {method} {0x0000000800435f48} 'defineClass' '(Ljava/lang/String;[BIILjava/security/ProtectionDomain;)Ljava/lang/Class;' in 'java/lang/ClassLoader'
  # this:     rdx:rdx   = 'java/lang/ClassLoader'
  # parm0:    r8:r8     = 'java/lang/String'
  # parm1:    r9:r9     = '[B'
  # parm2:    rdi       = int
  # parm3:    rsi       = int
  # parm4:    rcx:rcx   = 'java/security/ProtectionDomain'
  #           [sp+0xc0]  (sp of caller)
  0x0000024f25597300: 448b 5208 | 49bb 0000 | 0000 0800 | 0000 4d03 | d34c 3bd0 

  0x0000024f25597314: ;   {runtime_call ic_miss_stub}
  0x0000024f25597314: 0f85 66a4 | 3607 660f | 1f44 0000 
[Verified Entry Point]
  0x0000024f25597320: 8984 2400 | 90ff ff55 | 4881 ecb0 | 0000 0048 | 8954 2478 

  0x0000024f25597334: ;   {metadata(method data for {method} {0x0000000800435f48} 'defineClass' '(Ljava/lang/String;[BIILjava/security/ProtectionDomain;)Ljava/lang/Class;' in 'java/lang/ClassLoader')}
  0x0000024f25597334: 48bb 8855 | 2641 4f02 | 0000 8b83 | cc00 0000 | 83c0 0289 | 83cc 0000 | 0025 fe07 | 0000 83f8 
  0x0000024f25597354: 000f 8457 | 0300 0089 | b424 9400 | 0000 89bc | 2490 0000 | 004c 898c | 2488 0000 | 0048 8bda 
  0x0000024f25597374: ;   {metadata(method data for {method} {0x0000000800435f48} 'defineClass' '(Ljava/lang/String;[BIILjava/security/ProtectionDomain;)Ljava/lang/Class;' in 'java/lang/ClassLoader')}
  0x0000024f25597374: 48b8 8855 | 2641 4f02 | 0000 4883 | 8010 0100 | 0001 498b | d84c 8bc3 | 4c8b c948 | 8bca 488b 
  0x0000024f25597394: d148 899c | 2480 0000 

  0x0000024f2559739c: ;   {optimized virtual_call}
  0x0000024f2559739c: 0066 90e8 

  0x0000024f255973a0: ; ImmutableOopMap {[120]=Oop [128]=Oop [136]=Oop }
                      ;*invokevirtual preDefineClass {reexecute=0 rethrow=0 return_oop=0}
                      ; - java.lang.ClassLoader::defineClass@4 (line 1011)
  0x0000024f255973a0: dc97 faff | 4889 8424 | 9800 0000 | 488b 5424 

  0x0000024f255973b0: ;   {metadata(method data for {method} {0x0000000800435f48} 'defineClass' '(Ljava/lang/String;[BIILjava/security/ProtectionDomain;)Ljava/lang/Class;' in 'java/lang/ClassLoader')}
  0x0000024f255973b0: 7849 b888 | 5526 414f | 0200 0049 | 8380 4801 

  0x0000024f255973c0: ;   {metadata(method data for {method} {0x0000000800435c88} 'defineClassSourceLocation' '(Ljava/security/ProtectionDomain;)Ljava/lang/String;' in 'java/lang/ClassLoader')}
  0x0000024f255973c0: 0000 0149 | b860 1d23 | 414f 0200 | 0041 8b90 | cc00 0000 | 83c2 0241 | 8990 cc00 | 0000 81e2 
  0x0000024f255973e0: feff 1f00 | 83fa 000f | 84e6 0200 | 0048 3b00 

  0x0000024f255973f0: ;   {metadata(method data for {method} {0x0000000800435c88} 'defineClassSourceLocation' '(Ljava/security/ProtectionDomain;)Ljava/lang/String;' in 'java/lang/ClassLoader')}
  0x0000024f255973f0: 4c8b c048 | ba60 1d23 | 414f 0200 | 0048 8382 | 1001 0000 | 0144 8b40 | 1049 c1e0 | 0349 83f8 
  0x0000024f25597410: ;   {metadata(method data for {method} {0x0000000800435c88} 'defineClassSourceLocation' '(Ljava/security/ProtectionDomain;)Ljava/lang/String;' in 'java/lang/ClassLoader')}
  0x0000024f25597410: 0048 ba60 | 1d23 414f | 0200 0048 | be58 0100 | 0000 0000 | 000f 850a | 0000 0048 | be48 0100 
  0x0000024f25597430: 0000 0000 | 0048 8b3c | 3248 8d7f | 0148 893c | 320f 850f 

  0x0000024f25597444: ;   {oop(NULL)}
  0x0000024f25597444: 0000 0048 | bb00 0000 | 0000 0000 | 00e9 b101 | 0000 493b | 0049 8bd0 

  0x0000024f2559745c: ;   {metadata(method data for {method} {0x0000000800435c88} 'defineClassSourceLocation' '(Ljava/security/ProtectionDomain;)Ljava/lang/String;' in 'java/lang/ClassLoader')}
  0x0000024f2559745c: 48be 601d | 2341 4f02 | 0000 4883 | 8668 0100 | 0001 418b | 500c 48c1 | e203 4883 

  0x0000024f25597478: ;   {metadata(method data for {method} {0x0000000800435c88} 'defineClassSourceLocation' '(Ljava/security/ProtectionDomain;)Ljava/lang/String;' in 'java/lang/ClassLoader')}
  0x0000024f25597478: fa00 48be | 601d 2341 | 4f02 0000 | 48bf b001 | 0000 0000 | 0000 0f85 | 0a00 0000 | 48bf a001 
  0x0000024f25597498: 0000 0000 | 0000 488b | 1c3e 488d | 5b01 4889 | 1c3e 0f85 | 0f00 0000 

  0x0000024f255974b0: ;   {oop(NULL)}
  0x0000024f255974b0: 48bb 0000 | 0000 0000 | 0000 e948 

  0x0000024f255974bc: ;   {metadata(method data for {method} {0x0000000800435c88} 'defineClassSourceLocation' '(Ljava/security/ProtectionDomain;)Ljava/lang/String;' in 'java/lang/ClassLoader')}
  0x0000024f255974bc: 0100 0048 | be60 1d23 | 414f 0200 | 0048 8386 | c001 0000 | 0148 3b02 

  0x0000024f255974d4: ;   {metadata(method data for {method} {0x0000000800435c88} 'defineClassSourceLocation' '(Ljava/security/ProtectionDomain;)Ljava/lang/String;' in 'java/lang/ClassLoader')}
  0x0000024f255974d4: 4c8b c248 | be60 1d23 | 414f 0200 | 0048 8386 | f801 0000 

  0x0000024f255974e8: ;   {metadata(method data for {method} {0x0000000800068628} 'toString' '()Ljava/lang/String;' in 'java/net/URL')}
  0x0000024f255974e8: 0149 b800 | 271c 414f | 0200 0041 | 8bb0 cc00 | 0000 83c6 | 0241 89b0 | cc00 0000 | 81e6 feff 
  0x0000024f25597508: 1f00 83fe | 000f 84f0 | 0100 004c 

  0x0000024f25597514: ;   {metadata(method data for {method} {0x0000000800068628} 'toString' '()Ljava/lang/String;' in 'java/net/URL')}
  0x0000024f25597514: 8bc2 48be | 0027 1c41 | 4f02 0000 | 4883 8610 | 0100 0001 

  0x0000024f25597528: ;   {metadata(method data for {method} {0x0000000800068ec0} 'toExternalForm' '()Ljava/lang/String;' in 'java/net/URL')}
  0x0000024f25597528: 49b8 8828 | 1c41 4f02 | 0000 418b | b0cc 0000 | 0083 c602 | 4189 b0cc | 0000 0081 | e6fe ff1f 
  0x0000024f25597548: 0083 fe00 | 0f84 d201 | 0000 8b72 | 3848 c1e6 | 0348 3b06 

  0x0000024f2559755c: ;   {metadata(method data for {method} {0x0000000800068ec0} 'toExternalForm' '()Ljava/lang/String;' in 'java/net/URL')}
  0x0000024f2559755c: 4c8b c648 | bf88 281c | 414f 0200 | 0045 8b40 | 0849 ba00 | 0000 0008 | 0000 004d | 03c2 4c3b 
  0x0000024f2559757c: 8720 0100 | 0075 0d48 | 8387 2801 | 0000 01e9 | 6600 0000 | 4c3b 8730 | 0100 0075 | 0d48 8387 
  0x0000024f2559759c: 3801 0000 | 01e9 5000 | 0000 4881 | bf20 0100 | 0000 0000 | 0075 174c | 8987 2001 | 0000 48c7 
  0x0000024f255975bc: 8728 0100 | 0001 0000 | 00e9 2c00 | 0000 4881 | bf30 0100 | 0000 0000 | 0075 174c | 8987 3001 
  0x0000024f255975dc: 0000 48c7 | 8738 0100 | 0001 0000 | 00e9 0800 | 0000 4883 | 8710 0100 | 0001 4c8b | c248 8bd6 
  0x0000024f255975fc: ;   {optimized virtual_call}
  0x0000024f255975fc: 6666 90e8 

  0x0000024f25597600: ; ImmutableOopMap {[120]=Oop [128]=Oop [136]=Oop [152]=Oop }
                      ;*invokevirtual toExternalForm {reexecute=0 rethrow=0 return_oop=0}
                      ; - java.net.URL::toExternalForm@5 (line 1040)
                      ; - java.net.URL::toString@1 (line 1026)
                      ; - java.lang.ClassLoader::defineClassSourceLocation@22 (line 913)
                      ; - java.lang.ClassLoader::defineClass@12 (line 1012)
  0x0000024f25597600: fc7b f7ff | 488b d848 | 8b84 2498 | 0000 008b | b424 9400 | 0000 8bbc | 2490 0000 | 004c 8b8c 
  0x0000024f25597620: 2488 0000 | 004c 8b84 | 2480 0000 | 0048 8b54 

  0x0000024f25597630: ;   {metadata(method data for {method} {0x0000000800435f48} 'defineClass' '(Ljava/lang/String;[BIILjava/security/ProtectionDomain;)Ljava/lang/Class;' in 'java/lang/ClassLoader')}
  0x0000024f25597630: 2478 48b9 | 8855 2641 | 4f02 0000 | 4883 8180 | 0100 0001 | 4c8b da49 | 8bd3 488b | c848 891c 
  0x0000024f25597650: 2466 0f1f 

  0x0000024f25597654: ;   {static_call}
  0x0000024f25597654: 4400 00e8 

  0x0000024f25597658: ; ImmutableOopMap {[120]=Oop [152]=Oop }
                      ;*invokestatic defineClass1 {reexecute=0 rethrow=0 return_oop=0}
                      ; - java.lang.ClassLoader::defineClass@27 (line 1013)
  0x0000024f25597658: 0414 8f07 | 488b 5424 

  0x0000024f25597660: ;   {metadata(method data for {method} {0x0000000800435f48} 'defineClass' '(Ljava/lang/String;[BIILjava/security/ProtectionDomain;)Ljava/lang/Class;' in 'java/lang/ClassLoader')}
  0x0000024f25597660: 7849 b888 | 5526 414f | 0200 0049 | 8380 9001 | 0000 014c | 8bc0 4c8b | 8c24 9800 | 0000 488b 
  0x0000024f25597680: 5424 7848 | 8984 24a0 | 0000 000f 

  0x0000024f2559768c: ;   {optimized virtual_call}
  0x0000024f2559768c: 1f40 00e8 

  0x0000024f25597690: ; ImmutableOopMap {[160]=Oop }
                      ;*invokevirtual postDefineClass {reexecute=0 rethrow=0 return_oop=0}
                      ; - java.lang.ClassLoader::defineClass@37 (line 1014)
  0x0000024f25597690: 8cce faff | 488b 8424 | a000 0000 | 4881 c4b0 | 0000 005d 

  0x0000024f255976a4: ;   {poll_return}
  0x0000024f255976a4: 493b a778 | 0300 000f | 8799 0000 

  0x0000024f255976b0: ;   {metadata({method} {0x0000000800435f48} 'defineClass' '(Ljava/lang/String;[BIILjava/security/ProtectionDomain;)Ljava/lang/Class;' in 'java/lang/ClassLoader')}
  0x0000024f255976b0: 00c3 49ba | 405f 4300 | 0800 0000 | 4c89 5424 | 0848 c704 | 24ff ffff 

  0x0000024f255976c8: ;   {runtime_call counter_overflow Runtime1 stub}
  0x0000024f255976c8: ffe8 32a1 

  0x0000024f255976cc: ; ImmutableOopMap {rdx=Oop r8=Oop r9=Oop rcx=Oop [120]=Oop }
                      ;*synchronization entry
                      ; - java.lang.ClassLoader::defineClass@-1 (line 1011)
  0x0000024f255976cc: 4107 e988 

  0x0000024f255976d0: ;   {metadata({method} {0x0000000800435c88} 'defineClassSourceLocation' '(Ljava/security/ProtectionDomain;)Ljava/lang/String;' in 'java/lang/ClassLoader')}
  0x0000024f255976d0: fcff ff49 | ba80 5c43 | 0008 0000 | 004c 8954 | 2408 48c7 | 0424 ffff 

  0x0000024f255976e8: ;   {runtime_call counter_overflow Runtime1 stub}
  0x0000024f255976e8: ffff e811 

  0x0000024f255976ec: ; ImmutableOopMap {rax=Oop [120]=Oop [128]=Oop [136]=Oop [152]=Oop }
                      ;*synchronization entry
                      ; - java.lang.ClassLoader::defineClassSourceLocation@-1 (line 910)
                      ; - java.lang.ClassLoader::defineClass@12 (line 1012)
  0x0000024f255976ec: a141 07e9 | f9fc ffff 

  0x0000024f255976f4: ;   {runtime_call throw_null_pointer_exception Runtime1 stub}
  0x0000024f255976f4: e827 3541 

  0x0000024f255976f8: ; ImmutableOopMap {rax=Oop [120]=Oop [128]=Oop [136]=Oop [152]=Oop }
                      ;*invokevirtual getCodeSource {reexecute=0 rethrow=0 return_oop=0}
                      ; - java.lang.ClassLoader::defineClassSourceLocation@1 (line 910)
                      ; - java.lang.ClassLoader::defineClass@12 (line 1012)
                      ;   {runtime_call throw_null_pointer_exception Runtime1 stub}
  0x0000024f255976f8: 07e8 2235 

  0x0000024f255976fc: ; ImmutableOopMap {rax=Oop r8=Oop [120]=Oop [128]=Oop [136]=Oop [152]=Oop }
                      ;*invokevirtual getLocation {reexecute=0 rethrow=0 return_oop=0}
                      ; - java.lang.ClassLoader::defineClassSourceLocation@12 (line 912)
                      ; - java.lang.ClassLoader::defineClass@12 (line 1012)
                      ;   {runtime_call throw_null_pointer_exception Runtime1 stub}
  0x0000024f255976fc: 4107 e81d 

  0x0000024f25597700: ; ImmutableOopMap {rdx=Oop [120]=Oop [128]=Oop [136]=Oop [152]=Oop }
                      ;*invokevirtual toString {reexecute=0 rethrow=0 return_oop=0}
                      ; - java.lang.ClassLoader::defineClassSourceLocation@22 (line 913)
                      ; - java.lang.ClassLoader::defineClass@12 (line 1012)
                      ;   {metadata({method} {0x0000000800068628} 'toString' '()Ljava/lang/String;' in 'java/net/URL')}
  0x0000024f25597700: 3541 0749 | ba20 8606 | 0008 0000 | 004c 8954 | 2408 48c7 | 0424 ffff 

  0x0000024f25597718: ;   {runtime_call counter_overflow Runtime1 stub}
  0x0000024f25597718: ffff e8e1 

  0x0000024f2559771c: ; ImmutableOopMap {rdx=Oop [120]=Oop [128]=Oop [136]=Oop [152]=Oop }
                      ;*synchronization entry
                      ; - java.net.URL::toString@-1 (line 1026)
                      ; - java.lang.ClassLoader::defineClassSourceLocation@22 (line 913)
                      ; - java.lang.ClassLoader::defineClass@12 (line 1012)
  0x0000024f2559771c: a041 07e9 | effd ffff 

  0x0000024f25597724: ;   {metadata({method} {0x0000000800068ec0} 'toExternalForm' '()Ljava/lang/String;' in 'java/net/URL')}
  0x0000024f25597724: 49ba b88e | 0600 0800 | 0000 4c89 | 5424 0848 | c704 24ff 

  0x0000024f25597738: ;   {runtime_call counter_overflow Runtime1 stub}
  0x0000024f25597738: ffff ffe8 

  0x0000024f2559773c: ; ImmutableOopMap {rdx=Oop [120]=Oop [128]=Oop [136]=Oop [152]=Oop }
                      ;*synchronization entry
                      ; - java.net.URL::toExternalForm@-1 (line 1040)
                      ; - java.net.URL::toString@1 (line 1026)
                      ; - java.lang.ClassLoader::defineClassSourceLocation@22 (line 913)
                      ; - java.lang.ClassLoader::defineClass@12 (line 1012)
  0x0000024f2559773c: c0a0 4107 | e90d feff 

  0x0000024f25597744: ;   {runtime_call throw_null_pointer_exception Runtime1 stub}
  0x0000024f25597744: ffe8 d634 

  0x0000024f25597748: ; ImmutableOopMap {rdx=Oop rsi=Oop [120]=Oop [128]=Oop [136]=Oop [152]=Oop }
                      ;*invokevirtual toExternalForm {reexecute=0 rethrow=0 return_oop=0}
                      ; - java.net.URL::toExternalForm@5 (line 1040)
                      ; - java.net.URL::toString@1 (line 1026)
                      ; - java.lang.ClassLoader::defineClassSourceLocation@22 (line 913)
                      ; - java.lang.ClassLoader::defineClass@12 (line 1012)
                      ;   {internal_word}
  0x0000024f25597748: 4107 49ba | a476 5925 | 4f02 0000 | 4d89 9790 

  0x0000024f25597758: ;   {runtime_call SafepointBlob}
  0x0000024f25597758: 0300 00e9 | a006 3707 | 498b 8720 | 0400 0049 | c787 2004 | 0000 0000 | 0000 49c7 | 8728 0400 
  0x0000024f25597778: 0000 0000 | 0048 81c4 | b000 0000 

  0x0000024f25597784: ;   {runtime_call unwind_exception Runtime1 stub}
  0x0000024f25597784: 5de9 f651 | 3807 f4f4 | f4f4 f4f4 | f4f4 f4f4 | f4f4 f4f4 | f4f4 f4f4 | f4f4 f4f4 
[Stub Code]
  0x0000024f255977a0: ;   {no_reloc}
  0x0000024f255977a0: 0f1f 4400 

  0x0000024f255977a4: ;   {static_stub}
  0x0000024f255977a4: 0048 bb00 | 0000 0000 

  0x0000024f255977ac: ;   {runtime_call}
  0x0000024f255977ac: 0000 00e9 | fbff ffff 

  0x0000024f255977b4: ;   {static_stub}
  0x0000024f255977b4: 9048 bb00 | 0000 0000 

  0x0000024f255977bc: ;   {runtime_call}
  0x0000024f255977bc: 0000 00e9 | fbff ffff 

  0x0000024f255977c4: ;   {static_stub}
  0x0000024f255977c4: 9048 bb00 | 0000 0000 

  0x0000024f255977cc: ;   {runtime_call}
  0x0000024f255977cc: 0000 00e9 | fbff ffff 

  0x0000024f255977d4: ;   {static_stub}
  0x0000024f255977d4: 9048 bb00 | 0000 0000 

  0x0000024f255977dc: ;   {runtime_call}
  0x0000024f255977dc: 0000 00e9 | fbff ffff 
[Exception Handler]
  0x0000024f255977e4: ;   {runtime_call handle_exception_from_callee Runtime1 stub}
  0x0000024f255977e4: e817 6141 

  0x0000024f255977e8: ;   {external_word}
  0x0000024f255977e8: 0748 b928 | 4962 03fe | 7f00 0048 

  0x0000024f255977f4: ;   {runtime_call}
  0x0000024f255977f4: 83e4 f049 | bab0 f82d | 03fe 7f00 | 0041 ffd2 

  0x0000024f25597804: ;   {section_word}
  0x0000024f25597804: f449 ba05 | 7859 254f | 0200 0041 

  0x0000024f25597810: ;   {runtime_call DeoptimizationBlob}
  0x0000024f25597810: 52e9 8af8 | 3607 f4f4 
[/MachCode]


Compiled method (c1)    1472 1221       3       java.security.SecureClassLoader::defineClass (16 bytes)
 total in heap  [0x0000024f25596d10,0x0000024f25597100] = 1008
 relocation     [0x0000024f25596e70,0x0000024f25596eb8] = 72
 main code      [0x0000024f25596ec0,0x0000024f25597000] = 320
 stub code      [0x0000024f25597000,0x0000024f25597058] = 88
 metadata       [0x0000024f25597058,0x0000024f25597060] = 8
 scopes data    [0x0000024f25597060,0x0000024f255970a8] = 72
 scopes pcs     [0x0000024f255970a8,0x0000024f255970f8] = 80
 dependencies   [0x0000024f255970f8,0x0000024f25597100] = 8

[Constant Pool (empty)]

[MachCode]
[Entry Point]
  # {method} {0x0000000800066b18} 'defineClass' '(Ljava/lang/String;[BIILjava/security/CodeSource;)Ljava/lang/Class;' in 'java/security/SecureClassLoader'
  # this:     rdx:rdx   = 'java/security/SecureClassLoader'
  # parm0:    r8:r8     = 'java/lang/String'
  # parm1:    r9:r9     = '[B'
  # parm2:    rdi       = int
  # parm3:    rsi       = int
  # parm4:    rcx:rcx   = 'java/security/CodeSource'
  #           [sp+0x80]  (sp of caller)
  0x0000024f25596ec0: 448b 5208 | 49bb 0000 | 0000 0800 | 0000 4d03 | d34c 3bd0 

  0x0000024f25596ed4: ;   {runtime_call ic_miss_stub}
  0x0000024f25596ed4: 0f85 a6a8 | 3607 660f | 1f44 0000 
[Verified Entry Point]
  0x0000024f25596ee0: 8984 2400 | 90ff ff55 | 4883 ec70 

  0x0000024f25596eec: ;   {metadata(method data for {method} {0x0000000800066b18} 'defineClass' '(Ljava/lang/String;[BIILjava/security/CodeSource;)Ljava/lang/Class;' in 'java/security/SecureClassLoader')}
  0x0000024f25596eec: 48bb 30c3 | 1f41 4f02 | 0000 8b83 | cc00 0000 | 83c0 0289 | 83cc 0000 | 0025 fe07 | 0000 83f8 
  0x0000024f25596f0c: 000f 848c | 0000 0089 | 7424 5c89 | 7c24 584c | 894c 2450 | 4c89 4424 | 4848 8bda 

  0x0000024f25596f28: ;   {metadata(method data for {method} {0x0000000800066b18} 'defineClass' '(Ljava/lang/String;[BIILjava/security/CodeSource;)Ljava/lang/Class;' in 'java/security/SecureClassLoader')}
  0x0000024f25596f28: 48b8 30c3 | 1f41 4f02 | 0000 4883 | 8010 0100 | 0001 4c8b | c148 8bc2 | 488b d048 | 8944 2440 
  0x0000024f25596f48: 0f1f 8000 

  0x0000024f25596f4c: ;   {optimized virtual_call}
  0x0000024f25596f4c: 0000 00e8 

  0x0000024f25596f50: ; ImmutableOopMap {[64]=Oop [72]=Oop [80]=Oop }
                      ;*invokevirtual getProtectionDomain {reexecute=0 rethrow=0 return_oop=0}
                      ; - java.security.SecureClassLoader::defineClass@9 (line 150)
  0x0000024f25596f50: cc5f f5ff | 488b 5424 

  0x0000024f25596f58: ;   {metadata(method data for {method} {0x0000000800066b18} 'defineClass' '(Ljava/lang/String;[BIILjava/security/CodeSource;)Ljava/lang/Class;' in 'java/security/SecureClassLoader')}
  0x0000024f25596f58: 4049 b830 | c31f 414f | 0200 0049 | 8380 4801 | 0000 014c | 8b44 2448 | 4c8b 4c24 | 508b 7c24 
  0x0000024f25596f78: 588b 7424 | 5c48 8bc8 | 488b 5424 

  0x0000024f25596f84: ;   {optimized virtual_call}
  0x0000024f25596f84: 4066 90e8 

  0x0000024f25596f88: ; ImmutableOopMap {}
                      ;*invokevirtual defineClass {reexecute=0 rethrow=0 return_oop=0}
                      ; - java.security.SecureClassLoader::defineClass@12 (line 150)
  0x0000024f25596f88: 9403 0000 | 4883 c470 

  0x0000024f25596f90: ;   {poll_return}
  0x0000024f25596f90: 5d49 3ba7 | 7803 0000 | 0f87 2200 

  0x0000024f25596f9c: ;   {metadata({method} {0x0000000800066b18} 'defineClass' '(Ljava/lang/String;[BIILjava/security/CodeSource;)Ljava/lang/Class;' in 'java/security/SecureClassLoader')}
  0x0000024f25596f9c: 0000 c349 | ba10 6b06 | 0008 0000 | 004c 8954 | 2408 48c7 | 0424 ffff 

  0x0000024f25596fb4: ;   {runtime_call counter_overflow Runtime1 stub}
  0x0000024f25596fb4: ffff e845 

  0x0000024f25596fb8: ; ImmutableOopMap {rdx=Oop r8=Oop r9=Oop rcx=Oop }
                      ;*synchronization entry
                      ; - java.security.SecureClassLoader::defineClass@-1 (line 150)
  0x0000024f25596fb8: a841 07e9 | 53ff ffff 

  0x0000024f25596fc0: ;   {internal_word}
  0x0000024f25596fc0: 49ba 916f | 5925 4f02 | 0000 4d89 | 9790 0300 

  0x0000024f25596fd0: ;   {runtime_call SafepointBlob}
  0x0000024f25596fd0: 00e9 2a0e | 3707 498b | 8720 0400 | 0049 c787 | 2004 0000 | 0000 0000 | 49c7 8728 | 0400 0000 
  0x0000024f25596ff0: 0000 0048 | 83c4 705d 

  0x0000024f25596ff8: ;   {runtime_call unwind_exception Runtime1 stub}
  0x0000024f25596ff8: e983 5938 | 07f4 f4f4 
[Stub Code]
  0x0000024f25597000: ;   {no_reloc}
  0x0000024f25597000: 0f1f 4400 

  0x0000024f25597004: ;   {static_stub}
  0x0000024f25597004: 0048 bb00 | 0000 0000 

  0x0000024f2559700c: ;   {runtime_call}
  0x0000024f2559700c: 0000 00e9 | fbff ffff 

  0x0000024f25597014: ;   {static_stub}
  0x0000024f25597014: 9048 bb00 | 0000 0000 

  0x0000024f2559701c: ;   {runtime_call}
  0x0000024f2559701c: 0000 00e9 | fbff ffff 
[Exception Handler]
  0x0000024f25597024: ;   {runtime_call handle_exception_from_callee Runtime1 stub}
  0x0000024f25597024: e8d7 6841 

  0x0000024f25597028: ;   {external_word}
  0x0000024f25597028: 0748 b928 | 4962 03fe | 7f00 0048 

  0x0000024f25597034: ;   {runtime_call}
  0x0000024f25597034: 83e4 f049 | bab0 f82d | 03fe 7f00 | 0041 ffd2 

  0x0000024f25597044: ;   {section_word}
  0x0000024f25597044: f449 ba45 | 7059 254f | 0200 0041 

  0x0000024f25597050: ;   {runtime_call DeoptimizationBlob}
  0x0000024f25597050: 52e9 4a00 | 3707 f4f4 
[/MachCode]


---------------  P R O C E S S  ---------------

Threads class SMR info:
_java_thread_list=0x0000024f45f7abb0, length=15, elements={
0x0000024f1d408d40, 0x0000024f40c9fe30, 0x0000024f40ca0dc0, 0x0000024f40ca4660,
0x0000024f40ca5fa0, 0x0000024f40ca6a70, 0x0000024f40ca9690, 0x0000024f40cacff0,
0x0000024f40cadb00, 0x0000024f40cc0010, 0x0000024f450d84d0, 0x0000024f45289420,
0x0000024f451cd8e0, 0x0000024f45267070, 0x0000024f45e59e10
}

Java Threads: ( => current thread )
  0x0000024f1d408d40 JavaThread "main" [_thread_in_vm, id=13368, stack(0x000000bf87200000,0x000000bf87300000)]
  0x0000024f40c9fe30 JavaThread "Reference Handler" daemon [_thread_blocked, id=17576, stack(0x000000bf87900000,0x000000bf87a00000)]
  0x0000024f40ca0dc0 JavaThread "Finalizer" daemon [_thread_blocked, id=9848, stack(0x000000bf87a00000,0x000000bf87b00000)]
  0x0000024f40ca4660 JavaThread "Signal Dispatcher" daemon [_thread_blocked, id=15732, stack(0x000000bf87b00000,0x000000bf87c00000)]
  0x0000024f40ca5fa0 JavaThread "Attach Listener" daemon [_thread_blocked, id=3924, stack(0x000000bf87c00000,0x000000bf87d00000)]
  0x0000024f40ca6a70 JavaThread "Service Thread" daemon [_thread_blocked, id=16828, stack(0x000000bf87d00000,0x000000bf87e00000)]
  0x0000024f40ca9690 JavaThread "Monitor Deflation Thread" daemon [_thread_blocked, id=13552, stack(0x000000bf87e00000,0x000000bf87f00000)]
  0x0000024f40cacff0 JavaThread "C2 CompilerThread0" daemon [_thread_blocked, id=6572, stack(0x000000bf87f00000,0x000000bf88000000)]
  0x0000024f40cadb00 JavaThread "C1 CompilerThread0" daemon [_thread_blocked, id=14864, stack(0x000000bf88000000,0x000000bf88100000)]
  0x0000024f40cc0010 JavaThread "Sweeper thread" daemon [_thread_blocked, id=16820, stack(0x000000bf88100000,0x000000bf88200000)]
  0x0000024f450d84d0 JavaThread "Common-Cleaner" daemon [_thread_blocked, id=10220, stack(0x000000bf88200000,0x000000bf88300000)]
  0x0000024f45289420 JavaThread "Monitor Ctrl-Break" daemon [_thread_in_native, id=1516, stack(0x000000bf88300000,0x000000bf88400000)]
  0x0000024f451cd8e0 JavaThread "Notification Thread" daemon [_thread_blocked, id=32, stack(0x000000bf88400000,0x000000bf88500000)]
  0x0000024f45267070 JavaThread "C2 CompilerThread1" daemon [_thread_in_native, id=1464, stack(0x000000bf88600000,0x000000bf88700000)]
=>0x0000024f45e59e10 JavaThread "background-preinit" [_thread_in_vm, id=15116, stack(0x000000bf88e00000,0x000000bf88f00000)]

Other Threads:
  0x0000024f40c7cfb0 VMThread "VM Thread" [stack: 0x000000bf87800000,0x000000bf87900000] [id=17404]
  0x0000024f45289960 WatcherThread "VM Periodic Task Thread" [stack: 0x000000bf88500000,0x000000bf88600000] [id=15644]
  0x0000024f1d479870 WorkerThread "GC Thread#0" [stack: 0x000000bf87300000,0x000000bf87400000] [id=2940]
  0x0000024f45b5c0a0 WorkerThread "GC Thread#1" [stack: 0x000000bf88700000,0x000000bf88800000] [id=5292]
  0x0000024f45b5aa20 WorkerThread "GC Thread#2" [stack: 0x000000bf88800000,0x000000bf88900000] [id=13648]
  0x0000024f45b5acf0 WorkerThread "GC Thread#3" [stack: 0x000000bf88900000,0x000000bf88a00000] [id=11344]
  0x0000024f45b5c370 WorkerThread "GC Thread#4" [stack: 0x000000bf88a00000,0x000000bf88b00000] [id=10344]
  0x0000024f45b5b830 WorkerThread "GC Thread#5" [stack: 0x000000bf88b00000,0x000000bf88c00000] [id=7152]
  0x0000024f45b5b290 WorkerThread "GC Thread#6" [stack: 0x000000bf88c00000,0x000000bf88d00000] [id=4120]
  0x0000024f45b5afc0 WorkerThread "GC Thread#7" [stack: 0x000000bf88d00000,0x000000bf88e00000] [id=16664]
  0x0000024f45b5b560 WorkerThread "GC Thread#8" [stack: 0x000000bf88f00000,0x000000bf89000000] [id=9036]
  0x0000024f45b5bdd0 WorkerThread "GC Thread#9" [stack: 0x000000bf89000000,0x000000bf89100000] [id=7248]
  0x0000024f1d48a6a0 ConcurrentGCThread "G1 Main Marker" [stack: 0x000000bf87400000,0x000000bf87500000] [id=2164]
  0x0000024f1d48b0d0 WorkerThread "G1 Conc#0" [stack: 0x000000bf87500000,0x000000bf87600000] [id=9948]
  0x0000024f1d4ce9b0 ConcurrentGCThread "G1 Refine#0" [stack: 0x000000bf87600000,0x000000bf87700000] [id=6692]
  0x0000024f40b386a0 ConcurrentGCThread "G1 Service" [stack: 0x000000bf87700000,0x000000bf87800000] [id=14532]

Threads with active compile tasks:
C2 CompilerThread1     1479 2084       4       sun.util.locale.BaseLocale::getInstance (150 bytes)

VM state: not at safepoint (normal execution)

VM Mutex/Monitor currently owned by a thread:  ([mutex/lock_event])
[0x0000024f1d401d30] Metaspace_lock - owner thread: 0x0000024f45e59e10

Heap address: 0x0000000701200000, size: 4078 MB, Compressed Oops mode: Zero based, Oop shift amount: 3

CDS archive(s) mapped at: [0x0000000800000000-0x0000000800c40000-0x0000000800c40000), size 12845056, SharedBaseAddress: 0x0000000800000000, ArchiveRelocationMode: 0.
Compressed class space mapped at: 0x0000000801000000-0x0000000841000000, reserved size: 1073741824
Narrow klass base: 0x0000000800000000, Narrow klass shift: 0, Narrow klass range: 0x100000000

GC Precious Log:
 CardTable entry size: 512
 Card Set container configuration: InlinePtr #cards 4 size 8 Array Of Cards #cards 16 size 48 Howl #buckets 8 coarsen threshold 3686 Howl Bitmap #cards 512 size 80 coarsen threshold 460 Card regions per heap region 1 cards per card region 4096
 CPUs: 12 total, 12 available
 Memory: 16306M
 Large Page Support: Disabled
 NUMA Support: Disabled
 Compressed Oops: Enabled (Zero based)
 Heap Region Size: 2M
 Heap Min Capacity: 8M
 Heap Initial Capacity: 256M
 Heap Max Capacity: 4078M
 Pre-touch: Disabled
 Parallel Workers: 10
 Concurrent Workers: 3
 Concurrent Refinement Workers: 10
 Periodic GC: Disabled

Heap:
 garbage-first heap   total 262144K, used 12935K [0x0000000701200000, 0x0000000800000000)
  region size 2048K, 6 young (12288K), 2 survivors (4096K)
 Metaspace       used 14968K, committed 15168K, reserved 1114112K
  class space    used 1727K, committed 1792K, reserved 1048576K

Heap Regions: E=young(eden), S=young(survivor), O=old, HS=humongous(starts), HC=humongous(continues), CS=collection set, F=free, OA=open archive, CA=closed archive, TAMS=top-at-mark-start (previous, next)
|   0|0x0000000701200000, 0x0000000701400000, 0x0000000701400000|100%| O|  |TAMS 0x0000000701200000, 0x0000000701200000| Untracked 
|   1|0x0000000701400000, 0x0000000701600000, 0x0000000701600000|100%| O|  |TAMS 0x0000000701400000, 0x0000000701400000| Untracked 
|   2|0x0000000701600000, 0x0000000701800000, 0x0000000701800000|100%| O|  |TAMS 0x0000000701600000, 0x0000000701600000| Untracked 
|   3|0x0000000701800000, 0x0000000701814c00, 0x0000000701a00000|  4%| O|  |TAMS 0x0000000701800000, 0x0000000701800000| Untracked 
|   4|0x0000000701a00000, 0x0000000701a00000, 0x0000000701c00000|  0%| F|  |TAMS 0x0000000701a00000, 0x0000000701a00000| Untracked 
|   5|0x0000000701c00000, 0x0000000701c00000, 0x0000000701e00000|  0%| F|  |TAMS 0x0000000701c00000, 0x0000000701c00000| Untracked 
|   6|0x0000000701e00000, 0x0000000701e00000, 0x0000000702000000|  0%| F|  |TAMS 0x0000000701e00000, 0x0000000701e00000| Untracked 
|   7|0x0000000702000000, 0x0000000702000000, 0x0000000702200000|  0%| F|  |TAMS 0x0000000702000000, 0x0000000702000000| Untracked 
|   8|0x0000000702200000, 0x0000000702200000, 0x0000000702400000|  0%| F|  |TAMS 0x0000000702200000, 0x0000000702200000| Untracked 
|   9|0x0000000702400000, 0x0000000702400000, 0x0000000702600000|  0%| F|  |TAMS 0x0000000702400000, 0x0000000702400000| Untracked 
|  10|0x0000000702600000, 0x0000000702600000, 0x0000000702800000|  0%| F|  |TAMS 0x0000000702600000, 0x0000000702600000| Untracked 
|  11|0x0000000702800000, 0x0000000702800000, 0x0000000702a00000|  0%| F|  |TAMS 0x0000000702800000, 0x0000000702800000| Untracked 
|  12|0x0000000702a00000, 0x0000000702a00000, 0x0000000702c00000|  0%| F|  |TAMS 0x0000000702a00000, 0x0000000702a00000| Untracked 
|  13|0x0000000702c00000, 0x0000000702c00000, 0x0000000702e00000|  0%| F|  |TAMS 0x0000000702c00000, 0x0000000702c00000| Untracked 
|  14|0x0000000702e00000, 0x0000000702e00000, 0x0000000703000000|  0%| F|  |TAMS 0x0000000702e00000, 0x0000000702e00000| Untracked 
|  15|0x0000000703000000, 0x0000000703000000, 0x0000000703200000|  0%| F|  |TAMS 0x0000000703000000, 0x0000000703000000| Untracked 
|  16|0x0000000703200000, 0x0000000703200000, 0x0000000703400000|  0%| F|  |TAMS 0x0000000703200000, 0x0000000703200000| Untracked 
|  17|0x0000000703400000, 0x0000000703400000, 0x0000000703600000|  0%| F|  |TAMS 0x0000000703400000, 0x0000000703400000| Untracked 
|  18|0x0000000703600000, 0x0000000703600000, 0x0000000703800000|  0%| F|  |TAMS 0x0000000703600000, 0x0000000703600000| Untracked 
|  19|0x0000000703800000, 0x0000000703800000, 0x0000000703a00000|  0%| F|  |TAMS 0x0000000703800000, 0x0000000703800000| Untracked 
|  20|0x0000000703a00000, 0x0000000703a00000, 0x0000000703c00000|  0%| F|  |TAMS 0x0000000703a00000, 0x0000000703a00000| Untracked 
|  21|0x0000000703c00000, 0x0000000703c00000, 0x0000000703e00000|  0%| F|  |TAMS 0x0000000703c00000, 0x0000000703c00000| Untracked 
|  22|0x0000000703e00000, 0x0000000703e00000, 0x0000000704000000|  0%| F|  |TAMS 0x0000000703e00000, 0x0000000703e00000| Untracked 
|  23|0x0000000704000000, 0x0000000704000000, 0x0000000704200000|  0%| F|  |TAMS 0x0000000704000000, 0x0000000704000000| Untracked 
|  24|0x0000000704200000, 0x0000000704200000, 0x0000000704400000|  0%| F|  |TAMS 0x0000000704200000, 0x0000000704200000| Untracked 
|  25|0x0000000704400000, 0x0000000704400000, 0x0000000704600000|  0%| F|  |TAMS 0x0000000704400000, 0x0000000704400000| Untracked 
|  26|0x0000000704600000, 0x0000000704600000, 0x0000000704800000|  0%| F|  |TAMS 0x0000000704600000, 0x0000000704600000| Untracked 
|  27|0x0000000704800000, 0x0000000704800000, 0x0000000704a00000|  0%| F|  |TAMS 0x0000000704800000, 0x0000000704800000| Untracked 
|  28|0x0000000704a00000, 0x0000000704a00000, 0x0000000704c00000|  0%| F|  |TAMS 0x0000000704a00000, 0x0000000704a00000| Untracked 
|  29|0x0000000704c00000, 0x0000000704c00000, 0x0000000704e00000|  0%| F|  |TAMS 0x0000000704c00000, 0x0000000704c00000| Untracked 
|  30|0x0000000704e00000, 0x0000000704e00000, 0x0000000705000000|  0%| F|  |TAMS 0x0000000704e00000, 0x0000000704e00000| Untracked 
|  31|0x0000000705000000, 0x0000000705000000, 0x0000000705200000|  0%| F|  |TAMS 0x0000000705000000, 0x0000000705000000| Untracked 
|  32|0x0000000705200000, 0x0000000705200000, 0x0000000705400000|  0%| F|  |TAMS 0x0000000705200000, 0x0000000705200000| Untracked 
|  33|0x0000000705400000, 0x0000000705400000, 0x0000000705600000|  0%| F|  |TAMS 0x0000000705400000, 0x0000000705400000| Untracked 
|  34|0x0000000705600000, 0x0000000705600000, 0x0000000705800000|  0%| F|  |TAMS 0x0000000705600000, 0x0000000705600000| Untracked 
|  35|0x0000000705800000, 0x0000000705800000, 0x0000000705a00000|  0%| F|  |TAMS 0x0000000705800000, 0x0000000705800000| Untracked 
|  36|0x0000000705a00000, 0x0000000705a00000, 0x0000000705c00000|  0%| F|  |TAMS 0x0000000705a00000, 0x0000000705a00000| Untracked 
|  37|0x0000000705c00000, 0x0000000705c00000, 0x0000000705e00000|  0%| F|  |TAMS 0x0000000705c00000, 0x0000000705c00000| Untracked 
|  38|0x0000000705e00000, 0x0000000705e00000, 0x0000000706000000|  0%| F|  |TAMS 0x0000000705e00000, 0x0000000705e00000| Untracked 
|  39|0x0000000706000000, 0x0000000706000000, 0x0000000706200000|  0%| F|  |TAMS 0x0000000706000000, 0x0000000706000000| Untracked 
|  40|0x0000000706200000, 0x0000000706200000, 0x0000000706400000|  0%| F|  |TAMS 0x0000000706200000, 0x0000000706200000| Untracked 
|  41|0x0000000706400000, 0x0000000706400000, 0x0000000706600000|  0%| F|  |TAMS 0x0000000706400000, 0x0000000706400000| Untracked 
|  42|0x0000000706600000, 0x0000000706600000, 0x0000000706800000|  0%| F|  |TAMS 0x0000000706600000, 0x0000000706600000| Untracked 
|  43|0x0000000706800000, 0x0000000706800000, 0x0000000706a00000|  0%| F|  |TAMS 0x0000000706800000, 0x0000000706800000| Untracked 
|  44|0x0000000706a00000, 0x0000000706a00000, 0x0000000706c00000|  0%| F|  |TAMS 0x0000000706a00000, 0x0000000706a00000| Untracked 
|  45|0x0000000706c00000, 0x0000000706c00000, 0x0000000706e00000|  0%| F|  |TAMS 0x0000000706c00000, 0x0000000706c00000| Untracked 
|  46|0x0000000706e00000, 0x0000000706e00000, 0x0000000707000000|  0%| F|  |TAMS 0x0000000706e00000, 0x0000000706e00000| Untracked 
|  47|0x0000000707000000, 0x0000000707000000, 0x0000000707200000|  0%| F|  |TAMS 0x0000000707000000, 0x0000000707000000| Untracked 
|  48|0x0000000707200000, 0x0000000707200000, 0x0000000707400000|  0%| F|  |TAMS 0x0000000707200000, 0x0000000707200000| Untracked 
|  49|0x0000000707400000, 0x0000000707400000, 0x0000000707600000|  0%| F|  |TAMS 0x0000000707400000, 0x0000000707400000| Untracked 
|  50|0x0000000707600000, 0x0000000707600000, 0x0000000707800000|  0%| F|  |TAMS 0x0000000707600000, 0x0000000707600000| Untracked 
|  51|0x0000000707800000, 0x0000000707800000, 0x0000000707a00000|  0%| F|  |TAMS 0x0000000707800000, 0x0000000707800000| Untracked 
|  52|0x0000000707a00000, 0x0000000707a00000, 0x0000000707c00000|  0%| F|  |TAMS 0x0000000707a00000, 0x0000000707a00000| Untracked 
|  53|0x0000000707c00000, 0x0000000707c00000, 0x0000000707e00000|  0%| F|  |TAMS 0x0000000707c00000, 0x0000000707c00000| Untracked 
|  54|0x0000000707e00000, 0x0000000707e00000, 0x0000000708000000|  0%| F|  |TAMS 0x0000000707e00000, 0x0000000707e00000| Untracked 
|  55|0x0000000708000000, 0x0000000708000000, 0x0000000708200000|  0%| F|  |TAMS 0x0000000708000000, 0x0000000708000000| Untracked 
|  56|0x0000000708200000, 0x0000000708200000, 0x0000000708400000|  0%| F|  |TAMS 0x0000000708200000, 0x0000000708200000| Untracked 
|  57|0x0000000708400000, 0x0000000708400000, 0x0000000708600000|  0%| F|  |TAMS 0x0000000708400000, 0x0000000708400000| Untracked 
|  58|0x0000000708600000, 0x0000000708600000, 0x0000000708800000|  0%| F|  |TAMS 0x0000000708600000, 0x0000000708600000| Untracked 
|  59|0x0000000708800000, 0x0000000708800000, 0x0000000708a00000|  0%| F|  |TAMS 0x0000000708800000, 0x0000000708800000| Untracked 
|  60|0x0000000708a00000, 0x0000000708a00000, 0x0000000708c00000|  0%| F|  |TAMS 0x0000000708a00000, 0x0000000708a00000| Untracked 
|  61|0x0000000708c00000, 0x0000000708c00000, 0x0000000708e00000|  0%| F|  |TAMS 0x0000000708c00000, 0x0000000708c00000| Untracked 
|  62|0x0000000708e00000, 0x0000000708e00000, 0x0000000709000000|  0%| F|  |TAMS 0x0000000708e00000, 0x0000000708e00000| Untracked 
|  63|0x0000000709000000, 0x0000000709000000, 0x0000000709200000|  0%| F|  |TAMS 0x0000000709000000, 0x0000000709000000| Untracked 
|  64|0x0000000709200000, 0x0000000709200000, 0x0000000709400000|  0%| F|  |TAMS 0x0000000709200000, 0x0000000709200000| Untracked 
|  65|0x0000000709400000, 0x0000000709400000, 0x0000000709600000|  0%| F|  |TAMS 0x0000000709400000, 0x0000000709400000| Untracked 
|  66|0x0000000709600000, 0x0000000709600000, 0x0000000709800000|  0%| F|  |TAMS 0x0000000709600000, 0x0000000709600000| Untracked 
|  67|0x0000000709800000, 0x0000000709800000, 0x0000000709a00000|  0%| F|  |TAMS 0x0000000709800000, 0x0000000709800000| Untracked 
|  68|0x0000000709a00000, 0x0000000709a00000, 0x0000000709c00000|  0%| F|  |TAMS 0x0000000709a00000, 0x0000000709a00000| Untracked 
|  69|0x0000000709c00000, 0x0000000709c00000, 0x0000000709e00000|  0%| F|  |TAMS 0x0000000709c00000, 0x0000000709c00000| Untracked 
|  70|0x0000000709e00000, 0x0000000709e00000, 0x000000070a000000|  0%| F|  |TAMS 0x0000000709e00000, 0x0000000709e00000| Untracked 
|  71|0x000000070a000000, 0x000000070a000000, 0x000000070a200000|  0%| F|  |TAMS 0x000000070a000000, 0x000000070a000000| Untracked 
|  72|0x000000070a200000, 0x000000070a200000, 0x000000070a400000|  0%| F|  |TAMS 0x000000070a200000, 0x000000070a200000| Untracked 
|  73|0x000000070a400000, 0x000000070a400000, 0x000000070a600000|  0%| F|  |TAMS 0x000000070a400000, 0x000000070a400000| Untracked 
|  74|0x000000070a600000, 0x000000070a600000, 0x000000070a800000|  0%| F|  |TAMS 0x000000070a600000, 0x000000070a600000| Untracked 
|  75|0x000000070a800000, 0x000000070a800000, 0x000000070aa00000|  0%| F|  |TAMS 0x000000070a800000, 0x000000070a800000| Untracked 
|  76|0x000000070aa00000, 0x000000070aa00000, 0x000000070ac00000|  0%| F|  |TAMS 0x000000070aa00000, 0x000000070aa00000| Untracked 
|  77|0x000000070ac00000, 0x000000070ac00000, 0x000000070ae00000|  0%| F|  |TAMS 0x000000070ac00000, 0x000000070ac00000| Untracked 
|  78|0x000000070ae00000, 0x000000070ae00000, 0x000000070b000000|  0%| F|  |TAMS 0x000000070ae00000, 0x000000070ae00000| Untracked 
|  79|0x000000070b000000, 0x000000070b000000, 0x000000070b200000|  0%| F|  |TAMS 0x000000070b000000, 0x000000070b000000| Untracked 
|  80|0x000000070b200000, 0x000000070b200000, 0x000000070b400000|  0%| F|  |TAMS 0x000000070b200000, 0x000000070b200000| Untracked 
|  81|0x000000070b400000, 0x000000070b400000, 0x000000070b600000|  0%| F|  |TAMS 0x000000070b400000, 0x000000070b400000| Untracked 
|  82|0x000000070b600000, 0x000000070b600000, 0x000000070b800000|  0%| F|  |TAMS 0x000000070b600000, 0x000000070b600000| Untracked 
|  83|0x000000070b800000, 0x000000070b800000, 0x000000070ba00000|  0%| F|  |TAMS 0x000000070b800000, 0x000000070b800000| Untracked 
|  84|0x000000070ba00000, 0x000000070ba00000, 0x000000070bc00000|  0%| F|  |TAMS 0x000000070ba00000, 0x000000070ba00000| Untracked 
|  85|0x000000070bc00000, 0x000000070bc00000, 0x000000070be00000|  0%| F|  |TAMS 0x000000070bc00000, 0x000000070bc00000| Untracked 
|  86|0x000000070be00000, 0x000000070be00000, 0x000000070c000000|  0%| F|  |TAMS 0x000000070be00000, 0x000000070be00000| Untracked 
|  87|0x000000070c000000, 0x000000070c000000, 0x000000070c200000|  0%| F|  |TAMS 0x000000070c000000, 0x000000070c000000| Untracked 
|  88|0x000000070c200000, 0x000000070c200000, 0x000000070c400000|  0%| F|  |TAMS 0x000000070c200000, 0x000000070c200000| Untracked 
|  89|0x000000070c400000, 0x000000070c400000, 0x000000070c600000|  0%| F|  |TAMS 0x000000070c400000, 0x000000070c400000| Untracked 
|  90|0x000000070c600000, 0x000000070c600000, 0x000000070c800000|  0%| F|  |TAMS 0x000000070c600000, 0x000000070c600000| Untracked 
|  91|0x000000070c800000, 0x000000070c800000, 0x000000070ca00000|  0%| F|  |TAMS 0x000000070c800000, 0x000000070c800000| Untracked 
|  92|0x000000070ca00000, 0x000000070ca00000, 0x000000070cc00000|  0%| F|  |TAMS 0x000000070ca00000, 0x000000070ca00000| Untracked 
|  93|0x000000070cc00000, 0x000000070cc00000, 0x000000070ce00000|  0%| F|  |TAMS 0x000000070cc00000, 0x000000070cc00000| Untracked 
|  94|0x000000070ce00000, 0x000000070ce00000, 0x000000070d000000|  0%| F|  |TAMS 0x000000070ce00000, 0x000000070ce00000| Untracked 
|  95|0x000000070d000000, 0x000000070d000000, 0x000000070d200000|  0%| F|  |TAMS 0x000000070d000000, 0x000000070d000000| Untracked 
|  96|0x000000070d200000, 0x000000070d200000, 0x000000070d400000|  0%| F|  |TAMS 0x000000070d200000, 0x000000070d200000| Untracked 
|  97|0x000000070d400000, 0x000000070d400000, 0x000000070d600000|  0%| F|  |TAMS 0x000000070d400000, 0x000000070d400000| Untracked 
|  98|0x000000070d600000, 0x000000070d600000, 0x000000070d800000|  0%| F|  |TAMS 0x000000070d600000, 0x000000070d600000| Untracked 
|  99|0x000000070d800000, 0x000000070d800000, 0x000000070da00000|  0%| F|  |TAMS 0x000000070d800000, 0x000000070d800000| Untracked 
| 100|0x000000070da00000, 0x000000070da00000, 0x000000070dc00000|  0%| F|  |TAMS 0x000000070da00000, 0x000000070da00000| Untracked 
| 101|0x000000070dc00000, 0x000000070dc00000, 0x000000070de00000|  0%| F|  |TAMS 0x000000070dc00000, 0x000000070dc00000| Untracked 
| 102|0x000000070de00000, 0x000000070de00000, 0x000000070e000000|  0%| F|  |TAMS 0x000000070de00000, 0x000000070de00000| Untracked 
| 103|0x000000070e000000, 0x000000070e000000, 0x000000070e200000|  0%| F|  |TAMS 0x000000070e000000, 0x000000070e000000| Untracked 
| 104|0x000000070e200000, 0x000000070e200000, 0x000000070e400000|  0%| F|  |TAMS 0x000000070e200000, 0x000000070e200000| Untracked 
| 105|0x000000070e400000, 0x000000070e400000, 0x000000070e600000|  0%| F|  |TAMS 0x000000070e400000, 0x000000070e400000| Untracked 
| 106|0x000000070e600000, 0x000000070e600000, 0x000000070e800000|  0%| F|  |TAMS 0x000000070e600000, 0x000000070e600000| Untracked 
| 107|0x000000070e800000, 0x000000070e800000, 0x000000070ea00000|  0%| F|  |TAMS 0x000000070e800000, 0x000000070e800000| Untracked 
| 108|0x000000070ea00000, 0x000000070ea00000, 0x000000070ec00000|  0%| F|  |TAMS 0x000000070ea00000, 0x000000070ea00000| Untracked 
| 109|0x000000070ec00000, 0x000000070ec00000, 0x000000070ee00000|  0%| F|  |TAMS 0x000000070ec00000, 0x000000070ec00000| Untracked 
| 110|0x000000070ee00000, 0x000000070ee00000, 0x000000070f000000|  0%| F|  |TAMS 0x000000070ee00000, 0x000000070ee00000| Untracked 
| 111|0x000000070f000000, 0x000000070f08d280, 0x000000070f200000| 27%| S|CS|TAMS 0x000000070f000000, 0x000000070f000000| Complete 
| 112|0x000000070f200000, 0x000000070f400000, 0x000000070f400000|100%| S|CS|TAMS 0x000000070f200000, 0x000000070f200000| Complete 
| 113|0x000000070f400000, 0x000000070f400000, 0x000000070f600000|  0%| F|  |TAMS 0x000000070f400000, 0x000000070f400000| Untracked 
| 114|0x000000070f600000, 0x000000070f600000, 0x000000070f800000|  0%| F|  |TAMS 0x000000070f600000, 0x000000070f600000| Untracked 
| 115|0x000000070f800000, 0x000000070f800000, 0x000000070fa00000|  0%| F|  |TAMS 0x000000070f800000, 0x000000070f800000| Untracked 
| 116|0x000000070fa00000, 0x000000070fa00000, 0x000000070fc00000|  0%| F|  |TAMS 0x000000070fa00000, 0x000000070fa00000| Untracked 
| 117|0x000000070fc00000, 0x000000070fc00000, 0x000000070fe00000|  0%| F|  |TAMS 0x000000070fc00000, 0x000000070fc00000| Untracked 
| 118|0x000000070fe00000, 0x000000070fe00000, 0x0000000710000000|  0%| F|  |TAMS 0x000000070fe00000, 0x000000070fe00000| Untracked 
| 119|0x0000000710000000, 0x0000000710000000, 0x0000000710200000|  0%| F|  |TAMS 0x0000000710000000, 0x0000000710000000| Untracked 
| 120|0x0000000710200000, 0x0000000710200000, 0x0000000710400000|  0%| F|  |TAMS 0x0000000710200000, 0x0000000710200000| Untracked 
| 121|0x0000000710400000, 0x0000000710400000, 0x0000000710600000|  0%| F|  |TAMS 0x0000000710400000, 0x0000000710400000| Untracked 
| 122|0x0000000710600000, 0x0000000710600000, 0x0000000710800000|  0%| F|  |TAMS 0x0000000710600000, 0x0000000710600000| Untracked 
| 123|0x0000000710800000, 0x0000000710800000, 0x0000000710a00000|  0%| F|  |TAMS 0x0000000710800000, 0x0000000710800000| Untracked 
| 124|0x0000000710a00000, 0x0000000710c00000, 0x0000000710c00000|100%| E|  |TAMS 0x0000000710a00000, 0x0000000710a00000| Complete 
| 125|0x0000000710c00000, 0x0000000710e00000, 0x0000000710e00000|100%| E|  |TAMS 0x0000000710c00000, 0x0000000710c00000| Complete 
| 126|0x0000000710e00000, 0x0000000711000000, 0x0000000711000000|100%| E|CS|TAMS 0x0000000710e00000, 0x0000000710e00000| Complete 
| 127|0x0000000711000000, 0x0000000711200000, 0x0000000711200000|100%| E|CS|TAMS 0x0000000711000000, 0x0000000711000000| Complete 

Card table byte_map: [0x0000024f350c0000,0x0000024f358c0000] _byte_map_base: 0x0000024f318b7000

Marking Bits (Prev, Next): (CMBitMap*) 0x0000024f1d479ea0, (CMBitMap*) 0x0000024f1d479ee0
 Prev Bits: [0x0000024f360c0000, 0x0000024f3a078000)
 Next Bits: [0x0000024f3a080000, 0x0000024f3e038000)

Polling page: 0x0000024f1b3c0000

Metaspace:

Usage:
  Non-class:     12.93 MB used.
      Class:      1.69 MB used.
       Both:     14.62 MB used.

Virtual space:
  Non-class space:       64.00 MB reserved,      13.06 MB ( 20%) committed,  1 nodes.
      Class space:        1.00 GB reserved,       1.75 MB ( <1%) committed,  1 nodes.
             Both:        1.06 GB reserved,      14.81 MB (  1%) committed. 

Chunk freelists:
   Non-Class:  2.95 MB
       Class:  2.05 MB
        Both:  5.00 MB

MaxMetaspaceSize: unlimited
CompressedClassSpaceSize: 1.00 GB
Initial GC threshold: 21.00 MB
Current GC threshold: 21.00 MB
CDS: on
MetaspaceReclaimPolicy: balanced
 - commit_granule_bytes: 65536.
 - commit_granule_words: 8192.
 - virtual_space_node_default_size: 8388608.
 - enlarge_chunks_in_place: 1.
 - new_chunks_are_fully_committed: 0.
 - uncommit_free_chunks: 1.
 - use_allocation_guard: 0.


Internal statistics:

num_allocs_failed_limit: 0.
num_arena_births: 210.
num_arena_deaths: 0.
num_vsnodes_births: 2.
num_vsnodes_deaths: 0.
num_space_committed: 237.
num_space_uncommitted: 0.
num_chunks_returned_to_freelist: 0.
num_chunks_taken_from_freelist: 672.
num_chunk_merges: 0.
num_chunk_splits: 450.
num_chunks_enlarged: 357.
num_inconsistent_stats: 0.

CodeHeap 'non-profiled nmethods': size=120000Kb used=815Kb max_used=815Kb free=119185Kb
 bounds [0x0000024f2ce40000, 0x0000024f2d0b0000, 0x0000024f34370000]
CodeHeap 'profiled nmethods': size=120000Kb used=3947Kb max_used=3947Kb free=116052Kb
 bounds [0x0000024f25370000, 0x0000024f25750000, 0x0000024f2c8a0000]
CodeHeap 'non-nmethods': size=5760Kb used=1279Kb max_used=1312Kb free=4480Kb
 bounds [0x0000024f2c8a0000, 0x0000024f2cb10000, 0x0000024f2ce40000]
 total_blobs=2597 nmethods=2104 adapters=403
 compilation: enabled
              stopped_count=0, restarted_count=0
 full_count=0

Compilation events (20 events):
Event: 1.398 Thread 0x0000024f40cadb00 2095       3       java.util.stream.AbstractPipeline::sourceSpliterator (265 bytes)
Event: 1.399 Thread 0x0000024f40cadb00 nmethod 2095 0x0000024f25747210 code [0x0000024f25747480, 0x0000024f25748288]
Event: 1.399 Thread 0x0000024f40cadb00 2097       3       java.util.stream.Sink::end (1 bytes)
Event: 1.399 Thread 0x0000024f40cadb00 nmethod 2097 0x0000024f25748710 code [0x0000024f257488a0, 0x0000024f257489b8]
Event: 1.399 Thread 0x0000024f40cadb00 2099       3       java.util.concurrent.ConcurrentHashMap::containsKey (14 bytes)
Event: 1.399 Thread 0x0000024f40cadb00 nmethod 2099 0x0000024f25748a90 code [0x0000024f25748c40, 0x0000024f25748de8]
Event: 1.400 Thread 0x0000024f40cadb00 2100       3       java.lang.invoke.MethodHandleImpl::countNonNull (42 bytes)
Event: 1.401 Thread 0x0000024f40cadb00 nmethod 2100 0x0000024f25748e90 code [0x0000024f25749040, 0x0000024f25749298]
Event: 1.402 Thread 0x0000024f40cadb00 2101       1       java.util.zip.ZipEntry::getName (5 bytes)
Event: 1.402 Thread 0x0000024f40cadb00 nmethod 2101 0x0000024f2cf09110 code [0x0000024f2cf092a0, 0x0000024f2cf09378]
Event: 1.409 Thread 0x0000024f40cacff0 nmethod 2079 0x0000024f2cf09410 code [0x0000024f2cf095c0, 0x0000024f2cf0a158]
Event: 1.409 Thread 0x0000024f40cacff0 2094       4       java.util.HashMap::put (13 bytes)
Event: 1.411 Thread 0x0000024f40cadb00 2102       3       java.lang.Character::isJavaIdentifierPart (9 bytes)
Event: 1.411 Thread 0x0000024f40cadb00 nmethod 2102 0x0000024f25749390 code [0x0000024f25749540, 0x0000024f25749738]
Event: 1.411 Thread 0x0000024f40cadb00 2103       3       java.lang.CharacterDataLatin1::isJavaIdentifierPart (20 bytes)
Event: 1.411 Thread 0x0000024f40cadb00 nmethod 2103 0x0000024f25749810 code [0x0000024f257499c0, 0x0000024f25749bd8]
Event: 1.411 Thread 0x0000024f40cadb00 2104       3       java.lang.Character::isJavaIdentifierPart (5 bytes)
Event: 1.411 Thread 0x0000024f40cadb00 nmethod 2104 0x0000024f25749d10 code [0x0000024f25749ec0, 0x0000024f2574a118]
Event: 1.417 Thread 0x0000024f40cadb00 2105       3       java.lang.Module::isStaticallyExportedOrOpen (70 bytes)
Event: 1.418 Thread 0x0000024f40cadb00 nmethod 2105 0x0000024f2574a210 code [0x0000024f2574a420, 0x0000024f2574ab18]

GC Heap History (4 events):
Event: 0.649 GC heap before
{Heap before GC invocations=0 (full 0):
 garbage-first heap   total 262144K, used 22528K [0x0000000701200000, 0x0000000800000000)
  region size 2048K, 11 young (22528K), 0 survivors (0K)
 Metaspace       used 5494K, committed 5632K, reserved 1114112K
  class space    used 583K, committed 640K, reserved 1048576K
}
Event: 0.653 GC heap after
{Heap after GC invocations=1 (full 0):
 garbage-first heap   total 262144K, used 6304K [0x0000000701200000, 0x0000000800000000)
  region size 2048K, 2 young (4096K), 2 survivors (4096K)
 Metaspace       used 5494K, committed 5632K, reserved 1114112K
  class space    used 583K, committed 640K, reserved 1048576K
}
Event: 1.348 GC heap before
{Heap before GC invocations=1 (full 0):
 garbage-first heap   total 262144K, used 32928K [0x0000000701200000, 0x0000000800000000)
  region size 2048K, 15 young (30720K), 2 survivors (4096K)
 Metaspace       used 12856K, committed 13120K, reserved 1114112K
  class space    used 1516K, committed 1600K, reserved 1048576K
}
Event: 1.353 GC heap after
{Heap after GC invocations=2 (full 0):
 garbage-first heap   total 262144K, used 8839K [0x0000000701200000, 0x0000000800000000)
  region size 2048K, 2 young (4096K), 2 survivors (4096K)
 Metaspace       used 12856K, committed 13120K, reserved 1114112K
  class space    used 1516K, committed 1600K, reserved 1048576K
}

Dll operation events (13 events):
Event: 0.007 Loaded shared library C:\Program Files\Java\jdk-19\bin\java.dll
Event: 0.017 Loaded shared library C:\Program Files\Java\jdk-19\bin\jsvml.dll
Event: 0.123 Loaded shared library C:\Program Files\Java\jdk-19\bin\zip.dll
Event: 0.128 Loaded shared library C:\Program Files\Java\jdk-19\bin\instrument.dll
Event: 0.132 Loaded shared library C:\Program Files\Java\jdk-19\bin\net.dll
Event: 0.134 Loaded shared library C:\Program Files\Java\jdk-19\bin\nio.dll
Event: 0.137 Loaded shared library C:\Program Files\Java\jdk-19\bin\zip.dll
Event: 0.145 Loaded shared library D:\ITdevelop\IntelliJ IDEA 2022.3.1\bin\breakgen64.dll
Event: 0.154 Loaded shared library C:\Program Files\Java\jdk-19\bin\extnet.dll
Event: 0.221 Loaded shared library C:\Program Files\Java\jdk-19\bin\verify.dll
Event: 0.307 Loaded shared library C:\Program Files\Java\jdk-19\bin\jimage.dll
Event: 1.179 Loaded shared library C:\Program Files\Java\jdk-19\bin\management.dll
Event: 1.181 Loaded shared library C:\Program Files\Java\jdk-19\bin\management_ext.dll

Deoptimization events (20 events):
Event: 1.139 Thread 0x0000024f1d408d40 Uncommon trap: trap_request=0xfffffff4 fr.pc=0x0000024f2ceae674 relative=0x0000000000000254
Event: 1.139 Thread 0x0000024f1d408d40 Uncommon trap: reason=null_check action=make_not_entrant pc=0x0000024f2ceae674 method=java.util.ArrayList.add(Ljava/lang/Object;[Ljava/lang/Object;I)V @ 14 c2
Event: 1.139 Thread 0x0000024f1d408d40 DEOPT PACKING pc=0x0000024f2ceae674 sp=0x000000bf872fd6f0
Event: 1.139 Thread 0x0000024f1d408d40 DEOPT UNPACKING pc=0x0000024f2c906da3 sp=0x000000bf872fd638 mode 2
Event: 1.237 Thread 0x0000024f1d408d40 Uncommon trap: trap_request=0xffffff45 fr.pc=0x0000024f2cee28d8 relative=0x0000000000001578
Event: 1.237 Thread 0x0000024f1d408d40 Uncommon trap: reason=unstable_if action=reinterpret pc=0x0000024f2cee28d8 method=java.util.concurrent.ConcurrentHashMap.transfer([Ljava/util/concurrent/ConcurrentHashMap$Node;[Ljava/util/concurrent/ConcurrentHashMap$Node;)V @ 26 c2
Event: 1.237 Thread 0x0000024f1d408d40 DEOPT PACKING pc=0x0000024f2cee28d8 sp=0x000000bf872fc870
Event: 1.238 Thread 0x0000024f1d408d40 DEOPT UNPACKING pc=0x0000024f2c906da3 sp=0x000000bf872fc7e0 mode 2
Event: 1.335 Thread 0x0000024f1d408d40 Uncommon trap: trap_request=0xffffff45 fr.pc=0x0000024f2ce8ea78 relative=0x0000000000000258
Event: 1.335 Thread 0x0000024f1d408d40 Uncommon trap: reason=unstable_if action=reinterpret pc=0x0000024f2ce8ea78 method=java.util.concurrent.ConcurrentHashMap.get(Ljava/lang/Object;)Ljava/lang/Object; @ 86 c2
Event: 1.335 Thread 0x0000024f1d408d40 DEOPT PACKING pc=0x0000024f2ce8ea78 sp=0x000000bf872fd220
Event: 1.335 Thread 0x0000024f1d408d40 DEOPT UNPACKING pc=0x0000024f2c906da3 sp=0x000000bf872fd188 mode 2
Event: 1.335 Thread 0x0000024f45e59e10 Uncommon trap: trap_request=0xffffff45 fr.pc=0x0000024f2ceacfcc relative=0x000000000000018c
Event: 1.335 Thread 0x0000024f45e59e10 Uncommon trap: reason=unstable_if action=reinterpret pc=0x0000024f2ceacfcc method=java.util.concurrent.ConcurrentHashMap.addCount(JI)V @ 171 c2
Event: 1.335 Thread 0x0000024f45e59e10 DEOPT PACKING pc=0x0000024f2ceacfcc sp=0x000000bf88efaa30
Event: 1.335 Thread 0x0000024f45e59e10 DEOPT UNPACKING pc=0x0000024f2c906da3 sp=0x000000bf88efa970 mode 2
Event: 1.364 Thread 0x0000024f1d408d40 Uncommon trap: trap_request=0xffffff45 fr.pc=0x0000024f2ceb3c84 relative=0x0000000000000c84
Event: 1.364 Thread 0x0000024f1d408d40 Uncommon trap: reason=unstable_if action=reinterpret pc=0x0000024f2ceb3c84 method=jdk.internal.org.objectweb.asm.SymbolTable.put(Ljdk/internal/org/objectweb/asm/SymbolTable$Entry;)Ljdk/internal/org/objectweb/asm/SymbolTable$Entry; @ 13 c2
Event: 1.364 Thread 0x0000024f1d408d40 DEOPT PACKING pc=0x0000024f2ceb3c84 sp=0x000000bf872fd180
Event: 1.364 Thread 0x0000024f1d408d40 DEOPT UNPACKING pc=0x0000024f2c906da3 sp=0x000000bf872fd0a8 mode 2

Classes loaded (20 events):
Event: 1.372 Loading class java/beans/FeatureDescriptor done
Event: 1.372 Loading class java/beans/EventSetDescriptor done
Event: 1.372 Loading class java/beans/Introspector$1
Event: 1.372 Loading class jdk/internal/access/JavaBeansAccess
Event: 1.372 Loading class jdk/internal/access/JavaBeansAccess done
Event: 1.372 Loading class java/beans/Introspector$1 done
Event: 1.380 Loading class java/beans/Transient
Event: 1.380 Loading class java/beans/Transient done
Event: 1.380 Loading class java/beans/ConstructorProperties
Event: 1.380 Loading class java/beans/ConstructorProperties done
Event: 1.393 Loading class sun/text/resources/cldr/FormatData_en
Event: 1.393 Loading class sun/text/resources/cldr/FormatData_en done
Event: 1.394 Loading class sun/text/resources/cldr/FormatData_en_US
Event: 1.394 Loading class sun/text/resources/cldr/FormatData_en_US done
Event: 1.406 Loading class java/io/CharArrayReader
Event: 1.406 Loading class java/io/CharArrayReader done
Event: 1.407 Loading class java/nio/file/FileSystemNotFoundException
Event: 1.407 Loading class java/nio/file/FileSystemNotFoundException done
Event: 1.412 Loading class java/util/concurrent/atomic/AtomicReference
Event: 1.412 Loading class java/util/concurrent/atomic/AtomicReference done

Classes unloaded (0 events):
No events

Classes redefined (0 events):
No events

Internal exceptions (20 events):
Event: 1.033 Thread 0x0000024f1d408d40 Exception <a 'sun/nio/fs/WindowsException'{0x000000071075d648}> (0x000000071075d648) 
thrown [s\open\src\hotspot\share\prims\jni.cpp, line 517]
Event: 1.042 Thread 0x0000024f1d408d40 Exception <a 'java/lang/NoSuchMethodError'{0x00000007107a64c0}: 'java.lang.Object java.lang.invoke.DirectMethodHandle$Holder.invokeInterface(java.lang.Object, java.lang.Object, java.lang.Object)'> (0x00000007107a64c0) 
thrown [s\open\src\hotspot\share\interpreter\linkResolver.cpp, line 774]
Event: 1.042 Thread 0x0000024f1d408d40 Exception <a 'java/lang/IncompatibleClassChangeError'{0x00000007107a9e40}: Found class java.lang.Object, but interface was expected> (0x00000007107a9e40) 
thrown [s\open\src\hotspot\share\interpreter\linkResolver.cpp, line 841]
Event: 1.056 Thread 0x0000024f1d408d40 Exception <a 'java/lang/NoSuchMethodError'{0x0000000710436058}: 'int java.lang.invoke.DirectMethodHandle$Holder.invokeSpecial(java.lang.Object, java.lang.Object, java.lang.Object, java.lang.Object)'> (0x0000000710436058) 
thrown [s\open\src\hotspot\share\interpreter\linkResolver.cpp, line 774]
Event: 1.093 Thread 0x0000024f1d408d40 Exception <a 'java/lang/NoSuchMethodError'{0x0000000710249938}: 'java.lang.Object java.lang.invoke.DirectMethodHandle$Holder.invokeSpecial(java.lang.Object, java.lang.Object, java.lang.Object, java.lang.Object, java.lang.Object, java.lang.Object, int)'> (0x0000000710249938) 
thrown [s\open\src\hotspot\share\interpreter\linkResolver.cpp, line 774]
Event: 1.094 Thread 0x0000024f1d408d40 Exception <a 'java/lang/NoSuchMethodError'{0x0000000710254158}: 'java.lang.Object java.lang.invoke.DirectMethodHandle$Holder.newInvokeSpecial(java.lang.Object, java.lang.Object, java.lang.Object, java.lang.Object, java.lang.Object, java.lang.Object, int)'> (0x0000000710254158) 
thrown [s\open\src\hotspot\share\interpreter\linkResolver.cpp, line 774]
Event: 1.094 Thread 0x0000024f1d408d40 Exception <a 'java/lang/NoSuchMethodError'{0x00000007102597a8}: 'java.lang.Object java.lang.invoke.DirectMethodHandle$Holder.invokeSpecial(java.lang.Object, java.lang.Object, java.lang.Object, java.lang.Object, java.lang.Object, java.lang.Object, java.lang.Object, int)'> (0x00000007102597a8) 
thrown [s\open\src\hotspot\share\interpreter\linkResolver.cpp, line 774]
Event: 1.127 Thread 0x0000024f1d408d40 Exception <a 'java/lang/NoSuchMethodError'{0x00000007103bd958}: 'int java.lang.invoke.DirectMethodHandle$Holder.invokeVirtual(java.lang.Object, java.lang.Object)'> (0x00000007103bd958) 
thrown [s\open\src\hotspot\share\interpreter\linkResolver.cpp, line 774]
Event: 1.139 Thread 0x0000024f1d408d40 Implicit null exception at 0x0000024f2ceae4a0 to 0x0000024f2ceae664
Event: 1.140 Thread 0x0000024f1d408d40 Exception <a 'java/lang/NoSuchMethodError'{0x0000000710038530}: 'java.lang.Object java.lang.invoke.DirectMethodHandle$Holder.invokeSpecial(java.lang.Object, java.lang.Object, java.lang.Object, int, java.lang.Object)'> (0x0000000710038530) 
thrown [s\open\src\hotspot\share\interpreter\linkResolver.cpp, line 774]
Event: 1.141 Thread 0x0000024f1d408d40 Exception <a 'java/lang/NoSuchMethodError'{0x0000000710040e50}: 'java.lang.Object java.lang.invoke.DirectMethodHandle$Holder.newInvokeSpecial(java.lang.Object, java.lang.Object, java.lang.Object, int, java.lang.Object)'> (0x0000000710040e50) 
thrown [s\open\src\hotspot\share\interpreter\linkResolver.cpp, line 774]
Event: 1.141 Thread 0x0000024f1d408d40 Exception <a 'java/lang/NoSuchMethodError'{0x0000000710048af0}: 'java.lang.Object java.lang.invoke.Invokers$Holder.linkToTargetMethod(java.lang.Object, java.lang.Object, int, java.lang.Object, java.lang.Object)'> (0x0000000710048af0) 
thrown [s\open\src\hotspot\share\interpreter\linkResolver.cpp, line 774]
Event: 1.142 Thread 0x0000024f1d408d40 Exception <a 'java/lang/NoSuchMethodError'{0x00000007100576c0}: 'java.lang.Object java.lang.invoke.DirectMethodHandle$Holder.newInvokeSpecial(java.lang.Object, int, java.lang.Object)'> (0x00000007100576c0) 
thrown [s\open\src\hotspot\share\interpreter\linkResolver.cpp, line 774]
Event: 1.142 Thread 0x0000024f1d408d40 Exception <a 'java/lang/NoSuchMethodError'{0x000000071005c648}: 'int java.lang.invoke.DirectMethodHandle$Holder.invokeSpecialIFC(java.lang.Object, java.lang.Object, java.lang.Object, java.lang.Object)'> (0x000000071005c648) 
thrown [s\open\src\hotspot\share\interpreter\linkResolver.cpp, line 774]
Event: 1.174 Thread 0x0000024f1d408d40 Exception <a 'java/lang/NoSuchMethodError'{0x000000071018ec18}: 'void java.lang.invoke.DirectMethodHandle$Holder.invokeStaticInit(java.lang.Object, java.lang.Object)'> (0x000000071018ec18) 
thrown [s\open\src\hotspot\share\interpreter\linkResolver.cpp, line 774]
Event: 1.176 Thread 0x0000024f1d408d40 Exception <a 'java/lang/NoSuchMethodError'{0x000000071019a9d0}: 'void java.lang.invoke.DirectMethodHandle$Holder.invokeStaticInit(java.lang.Object, java.lang.Object, java.lang.Object)'> (0x000000071019a9d0) 
thrown [s\open\src\hotspot\share\interpreter\linkResolver.cpp, line 774]
Event: 1.246 Thread 0x0000024f1d408d40 Exception <a 'java/lang/NoSuchMethodError'{0x000000070ff58eb8}: 'void java.lang.invoke.DirectMethodHandle$Holder.invokeSpecial(java.lang.Object, java.lang.Object, java.lang.Object)'> (0x000000070ff58eb8) 
thrown [s\open\src\hotspot\share\interpreter\linkResolver.cpp, line 774]
Event: 1.284 Thread 0x0000024f45e59e10 Exception <a 'java/lang/NoClassDefFoundError'{0x000000070fc15df8}: javax/validation/Validation> (0x000000070fc15df8) 
thrown [s\open\src\hotspot\share\classfile\systemDictionary.cpp, line 244]
Event: 1.308 Thread 0x0000024f45e59e10 Exception <a 'java/lang/NoSuchMethodError'{0x000000070f63fbc0}: 'java.lang.Object java.lang.invoke.DirectMethodHandle$Holder.invokeStaticInit(java.lang.Object, java.lang.Object, java.lang.Object)'> (0x000000070f63fbc0) 
thrown [s\open\src\hotspot\share\interpreter\linkResolver.cpp, line 774]
Event: 1.309 Thread 0x0000024f45e59e10 Exception <a 'java/lang/NoSuchMethodError'{0x000000070f69d600}: 'java.lang.Object java.lang.invoke.DirectMethodHandle$Holder.invokeStaticInit(java.lang.Object, java.lang.Object, java.lang.Object, java.lang.Object, java.lang.Object)'> (0x000000070f69d600) 
thrown [s\open\src\hotspot\share\interpreter\linkResolver.cpp, line 774]

VM Operations (20 events):
Event: 0.611 Executing VM operation: HandshakeAllThreads
Event: 0.611 Executing VM operation: HandshakeAllThreads done
Event: 0.624 Executing VM operation: HandshakeAllThreads
Event: 0.624 Executing VM operation: HandshakeAllThreads done
Event: 0.649 Executing VM operation: G1CollectForAllocation
Event: 0.653 Executing VM operation: G1CollectForAllocation done
Event: 0.653 Executing VM operation: HandshakeAllThreads
Event: 0.654 Executing VM operation: HandshakeAllThreads done
Event: 0.927 Executing VM operation: HandshakeAllThreads
Event: 0.927 Executing VM operation: HandshakeAllThreads done
Event: 1.124 Executing VM operation: HandshakeAllThreads
Event: 1.124 Executing VM operation: HandshakeAllThreads done
Event: 1.157 Executing VM operation: HandshakeAllThreads
Event: 1.157 Executing VM operation: HandshakeAllThreads done
Event: 1.209 Executing VM operation: ICBufferFull
Event: 1.209 Executing VM operation: ICBufferFull done
Event: 1.348 Executing VM operation: G1CollectForAllocation
Event: 1.353 Executing VM operation: G1CollectForAllocation done
Event: 1.396 Executing VM operation: HandshakeAllThreads
Event: 1.396 Executing VM operation: HandshakeAllThreads done

Events (15 events):
Event: 0.017 Thread 0x0000024f1d408d40 Thread added: 0x0000024f1d408d40
Event: 0.035 Thread 0x0000024f40c9fe30 Thread added: 0x0000024f40c9fe30
Event: 0.035 Thread 0x0000024f40ca0dc0 Thread added: 0x0000024f40ca0dc0
Event: 0.035 Thread 0x0000024f40ca4660 Thread added: 0x0000024f40ca4660
Event: 0.035 Thread 0x0000024f40ca5fa0 Thread added: 0x0000024f40ca5fa0
Event: 0.035 Thread 0x0000024f40ca6a70 Thread added: 0x0000024f40ca6a70
Event: 0.036 Thread 0x0000024f40ca9690 Thread added: 0x0000024f40ca9690
Event: 0.036 Thread 0x0000024f40cacff0 Thread added: 0x0000024f40cacff0
Event: 0.036 Thread 0x0000024f40cadb00 Thread added: 0x0000024f40cadb00
Event: 0.036 Thread 0x0000024f40cc0010 Thread added: 0x0000024f40cc0010
Event: 0.104 Thread 0x0000024f450d84d0 Thread added: 0x0000024f450d84d0
Event: 0.146 Thread 0x0000024f45289420 Thread added: 0x0000024f45289420
Event: 0.146 Thread 0x0000024f451cd8e0 Thread added: 0x0000024f451cd8e0
Event: 0.183 Thread 0x0000024f45267070 Thread added: 0x0000024f45267070
Event: 1.251 Thread 0x0000024f45e59e10 Thread added: 0x0000024f45e59e10


Dynamic libraries:
0x00007ff703ca0000 - 0x00007ff703cb0000 	C:\Program Files\Java\jdk-19\bin\java.exe
0x00007ffe857d0000 - 0x00007ffe859c8000 	C:\WINDOWS\SYSTEM32\ntdll.dll
0x00007ffe84f40000 - 0x00007ffe84fff000 	C:\WINDOWS\System32\KERNEL32.DLL
0x00007ffe82ff0000 - 0x00007ffe832c2000 	C:\WINDOWS\System32\KERNELBASE.dll
0x00007ffe832d0000 - 0x00007ffe833d0000 	C:\WINDOWS\System32\ucrtbase.dll
0x00007ffe5c580000 - 0x00007ffe5c598000 	C:\Program Files\Java\jdk-19\bin\jli.dll
0x00007ffe5c070000 - 0x00007ffe5c08b000 	C:\Program Files\Java\jdk-19\bin\VCRUNTIME140.dll
0x00007ffe85140000 - 0x00007ffe851ee000 	C:\WINDOWS\System32\ADVAPI32.dll
0x00007ffe85400000 - 0x00007ffe8549e000 	C:\WINDOWS\System32\msvcrt.dll
0x00007ffe85520000 - 0x00007ffe855bc000 	C:\WINDOWS\System32\sechost.dll
0x00007ffe851f0000 - 0x00007ffe85315000 	C:\WINDOWS\System32\RPCRT4.dll
0x00007ffe84630000 - 0x00007ffe847d1000 	C:\WINDOWS\System32\USER32.dll
0x00007ffe82fc0000 - 0x00007ffe82fe2000 	C:\WINDOWS\System32\win32u.dll
0x00007ffe84570000 - 0x00007ffe8459b000 	C:\WINDOWS\System32\GDI32.dll
0x00007ffe69c50000 - 0x00007ffe69eea000 	C:\WINDOWS\WinSxS\amd64_microsoft.windows.common-controls_6595b64144ccf1df_6.0.19041.1110_none_60b5254171f9507e\COMCTL32.dll
0x00007ffe83470000 - 0x00007ffe8357f000 	C:\WINDOWS\System32\gdi32full.dll
0x00007ffe833d0000 - 0x00007ffe8346d000 	C:\WINDOWS\System32\msvcp_win.dll
0x00007ffe7d270000 - 0x00007ffe7d27a000 	C:\WINDOWS\SYSTEM32\VERSION.dll
0x00007ffe85750000 - 0x00007ffe85782000 	C:\WINDOWS\System32\IMM32.DLL
0x00007ffe5df40000 - 0x00007ffe5df4c000 	C:\Program Files\Java\jdk-19\bin\vcruntime140_1.dll
0x00007ffe4a240000 - 0x00007ffe4a2ce000 	C:\Program Files\Java\jdk-19\bin\msvcp140.dll
0x00007ffe02cc0000 - 0x00007ffe03980000 	C:\Program Files\Java\jdk-19\bin\server\jvm.dll
0x00007ffe7c690000 - 0x00007ffe7c6b7000 	C:\WINDOWS\SYSTEM32\WINMM.dll
0x00007ffe5fce0000 - 0x00007ffe5fce9000 	C:\WINDOWS\SYSTEM32\WSOCK32.dll
0x00007ffe83a30000 - 0x00007ffe83a9b000 	C:\WINDOWS\System32\WS2_32.dll
0x00007ffe80da0000 - 0x00007ffe80db2000 	C:\WINDOWS\SYSTEM32\kernel.appcore.dll
0x00007ffe5de40000 - 0x00007ffe5de4a000 	C:\Program Files\Java\jdk-19\bin\jimage.dll
0x00007ffe7c790000 - 0x00007ffe7c974000 	C:\WINDOWS\SYSTEM32\DBGHELP.DLL
0x00007ffe72c60000 - 0x00007ffe72c95000 	C:\WINDOWS\SYSTEM32\dbgcore.DLL
0x00007ffe83580000 - 0x00007ffe83602000 	C:\WINDOWS\System32\bcryptPrimitives.dll
0x00007ffe7eb30000 - 0x00007ffe7eb3e000 	C:\Program Files\Java\jdk-19\bin\instrument.dll
0x00007ffe5c040000 - 0x00007ffe5c066000 	C:\Program Files\Java\jdk-19\bin\java.dll
0x00007ffe4a160000 - 0x00007ffe4a237000 	C:\Program Files\Java\jdk-19\bin\jsvml.dll
0x00007ffe847f0000 - 0x00007ffe84f35000 	C:\WINDOWS\System32\SHELL32.dll
0x00007ffe80fa0000 - 0x00007ffe81732000 	C:\WINDOWS\SYSTEM32\windows.storage.dll
0x00007ffe84210000 - 0x00007ffe84565000 	C:\WINDOWS\System32\combase.dll
0x00007ffe828b0000 - 0x00007ffe828e0000 	C:\WINDOWS\SYSTEM32\Wldp.dll
0x00007ffe85020000 - 0x00007ffe850cd000 	C:\WINDOWS\System32\SHCORE.dll
0x00007ffe83c70000 - 0x00007ffe83cc5000 	C:\WINDOWS\System32\shlwapi.dll
0x00007ffe82e00000 - 0x00007ffe82e1f000 	C:\WINDOWS\SYSTEM32\profapi.dll
0x00007ffe54ba0000 - 0x00007ffe54bb8000 	C:\Program Files\Java\jdk-19\bin\zip.dll
0x00007ffe5c020000 - 0x00007ffe5c033000 	C:\Program Files\Java\jdk-19\bin\net.dll
0x00007ffe7bbb0000 - 0x00007ffe7bcbc000 	C:\WINDOWS\SYSTEM32\WINHTTP.dll
0x00007ffe825a0000 - 0x00007ffe8260a000 	C:\WINDOWS\system32\mswsock.dll
0x00007ffe56650000 - 0x00007ffe56666000 	C:\Program Files\Java\jdk-19\bin\nio.dll
0x00007ffe7eaf0000 - 0x00007ffe7eb0a000 	D:\ITdevelop\IntelliJ IDEA 2022.3.1\bin\breakgen64.dll
0x00007ffe5ddf0000 - 0x00007ffe5ddf8000 	C:\Program Files\Java\jdk-19\bin\extnet.dll
0x00007ffe5c870000 - 0x00007ffe5c880000 	C:\Program Files\Java\jdk-19\bin\verify.dll
0x00007ffe7eb70000 - 0x00007ffe7eb7a000 	C:\Program Files\Java\jdk-19\bin\management.dll
0x00007ffe7eb60000 - 0x00007ffe7eb6b000 	C:\Program Files\Java\jdk-19\bin\management_ext.dll
0x00007ffe83a20000 - 0x00007ffe83a28000 	C:\WINDOWS\System32\PSAPI.DLL
0x00007ffe641c0000 - 0x00007ffe641d7000 	C:\WINDOWS\system32\napinsp.dll
0x00007ffe63fe0000 - 0x00007ffe63ffb000 	C:\WINDOWS\system32\pnrpnsp.dll
0x00007ffe64390000 - 0x00007ffe643a5000 	C:\WINDOWS\system32\wshbth.dll
0x00007ffe7e9e0000 - 0x00007ffe7e9fd000 	C:\WINDOWS\system32\NLAapi.dll
0x00007ffe82290000 - 0x00007ffe822cb000 	C:\WINDOWS\SYSTEM32\IPHLPAPI.DLL
0x00007ffe822d0000 - 0x00007ffe8239b000 	C:\WINDOWS\SYSTEM32\DNSAPI.dll
0x00007ffe847e0000 - 0x00007ffe847e8000 	C:\WINDOWS\System32\NSI.dll
0x00007ffe636d0000 - 0x00007ffe636e2000 	C:\WINDOWS\System32\winrnr.dll
0x00007ffe7bd40000 - 0x00007ffe7bd4a000 	C:\Windows\System32\rasadhlp.dll
0x00007ffe77a40000 - 0x00007ffe77ac0000 	C:\WINDOWS\System32\fwpuclnt.dll
0x00007ffe83610000 - 0x00007ffe83637000 	C:\WINDOWS\System32\bcrypt.dll

dbghelp: loaded successfully - version: 4.0.5 - missing functions: none
symbol engine: initialized successfully - sym options: 0x614 - pdb path: .;C:\Program Files\Java\jdk-19\bin;C:\WINDOWS\SYSTEM32;C:\WINDOWS\WinSxS\amd64_microsoft.windows.common-controls_6595b64144ccf1df_6.0.19041.1110_none_60b5254171f9507e;C:\Program Files\Java\jdk-19\bin\server;D:\ITdevelop\IntelliJ IDEA 2022.3.1\bin

VM Arguments:
jvm_args: -ea -Didea.test.cyclic.buffer.size=1048576 -javaagent:D:\ITdevelop\IntelliJ IDEA 2022.3.1\lib\idea_rt.jar=8639:D:\ITdevelop\IntelliJ IDEA 2022.3.1\bin -Dfile.encoding=UTF-8 -Dsun.stdout.encoding=UTF-8 -Dsun.stderr.encoding=UTF-8 
java_command: com.intellij.rt.junit.JUnitStarter -ideVersion5 -junit4 com.by.store.mapper.CartMapperTest,findVOByCids
java_class_path (initial): D:\ITdevelop\IntelliJ IDEA 2022.3.1\lib\idea_rt.jar;D:\ITdevelop\IntelliJ IDEA 2022.3.1\plugins\junit\lib\junit5-rt.jar;D:\ITdevelop\IntelliJ IDEA 2022.3.1\plugins\junit\lib\junit-rt.jar;F:\springboot\store\target\test-classes;F:\springboot\store\target\classes;C:\Users\b2723\.m2\repository\org\springframework\boot\spring-boot-starter-web\2.6.11\spring-boot-starter-web-2.6.11.jar;C:\Users\b2723\.m2\repository\org\springframework\boot\spring-boot-starter\2.6.11\spring-boot-starter-2.6.11.jar;C:\Users\b2723\.m2\repository\org\springframework\boot\spring-boot\2.6.11\spring-boot-2.6.11.jar;C:\Users\b2723\.m2\repository\org\springframework\boot\spring-boot-autoconfigure\2.6.11\spring-boot-autoconfigure-2.6.11.jar;C:\Users\b2723\.m2\repository\org\springframework\boot\spring-boot-starter-logging\2.6.11\spring-boot-starter-logging-2.6.11.jar;C:\Users\b2723\.m2\repository\ch\qos\logback\logback-classic\1.2.11\logback-classic-1.2.11.jar;C:\Users\b2723\.m2\repository\ch\qos\logback\logback-core\1.2.11\logback-core-1.2.11.jar;C:\Users\b2723\.m2\repository\org\apache\logging\log4j\log4j-to-slf4j\2.17.2\log4j-to-slf4j-2.17.2.jar;C:\Users\b2723\.m2\repository\org\apache\logging\log4j\log4j-api\2.17.2\log4j-api-2.17.2.jar;C:\Users\b2723\.m2\repository\org\slf4j\jul-to-slf4j\1.7.36\jul-to-slf4j-1.7.36.jar;C:\Users\b2723\.m2\repository\jakarta\annotation\jakarta.annotation-api\1.3.5\jakarta.annotation-api-1.3.5.jar;C:\Users\b2723\.m2\repository\org\yaml\snakeyaml\1.29\snakeyaml-1.29.jar;C:\Users\b2723\.m2\repository\org\springframework\boot\spring-boot-starter-json\2.6.11\spring-boot-starter-json-2.6.11.jar;C:\Users\b2723\.m2\repository\com\fasterxml\jackson\core\jackson-databind\2.13.3\jackson-databind-2.13.3.jar;C:\Users\b2723\.m2\repository\com\fasterxml\jackson\core\jackson-annotations\2.13.3\jackson-annotations-2.13.3.jar;C:\Users\b2723\.m2\repository\com\fasterxml\jackson\core\jackson-core\2.13.3\jackson-core-2.13.3.jar;C:\Users\b2723\.m2\repository\com\fasterxml\jackson\datatype\jackson-datatype-jdk8\2.13.3\jackson-datatype-jdk8-2.13.3.jar;C:\Users\b2723\.m2\repository\com\fasterxml\jackson\datatype\jackson-datatype-jsr310\2.13.3\jackson-datatype-jsr310-2.13.3.jar;C:\Users\b2723\.m2\repository\com\fasterxml\jackson\module\jackson-module-parameter-names\2.13.3\jackson-module-parameter-names-2.13.3.jar;C:\Users\b2723\.m2\repository\org\springframework\boot\spring-boot-starter-tomcat\2.6.11\spring-boot-starter-tomcat-2.6.11.jar;C:\Users\b2723\.m2\repository\org\apache\tomcat\embed\tomcat-embed-core\9.0.65\tomcat-embed-core-9.0.65.jar;C:\Users\b2723\.m2\repository\org\apache\tomcat\embed\tomcat-embed-el\9.0.65\tomcat-embed-el-9.0.65.jar;C:\Users\b2723\.m2\repository\org\apache\tomcat\embed\tomcat-embed-websocket\9.0.65\tomcat-embed-websocket-9.0.65.jar;C:\Users\b2723\.m2\repository\org\springframework\spring-web\5.3.22\spring-web-5.3.22.jar;C:\Users\b2723\.m2\repository\org\springframework\spring-beans\5.3.22\spring-beans-5.3.22.jar;C:\Users\b2723\.m2\repository\org\springframework\spring-webmvc\5.3.22\spring-webmvc-5.3.22.jar;C:\Users\b2723\.m2\repository\org\springframework\spring-aop\5.3.22\spring-aop-5.3.22.jar;C:\Users\b2723\.m2\repository\org\springframework\spring-context\5.3.22\spring-context-5.3.22.jar;C:\Users\b2723\.m2\repository\org\springframework\spring-expression\5.3.22\spring-expression-5.3.22.jar;C:\Users\b2723\.m2\repository\org\mybatis\spring\boot\mybatis-spring-boot-starter\2.2.2\mybatis-spring-boot-starter-2.2.2.jar;C:\Users\b2723\.m2\repository\org\springframework\boot\spring-boot-starter-jdbc\2.6.11\spring-boot-starter-jdbc-2.6.11.jar;C:\Users\b2723\.m2\repository\com\zaxxer\HikariCP\4.0.3\HikariCP-4.0.3.jar;C:\Users\b2723\.m2\repository\org\springframework\spring-jdbc\5.3.22\spring-jdbc-5.3.22.jar;C:\Users\b2723\.m2\repository\org\springframework\spring-tx\5.3.22\spring-tx-5.3.22.jar;C:\Users\b2723\.m2\repository\org\mybatis\spring\boot\mybatis-spring-boot-autoconfigure\2.2.2\mybatis-spring-boot-autoconfigure-2.2.2.jar;C:\Users\b2723\.m2\repository\org\mybatis\mybatis\3.5.9\mybatis-3.5.9.jar;C:\Users\b2723\.m2\repository\org\mybatis\mybatis-spring\2.0.7\mybatis-spring-2.0.7.jar;C:\Users\b2723\.m2\repository\com\mysql\mysql-connector-j\8.0.31\mysql-connector-j-8.0.31.jar;C:\Users\b2723\.m2\repository\com\google\protobuf\protobuf-java\3.19.4\protobuf-java-3.19.4.jar;C:\Users\b2723\.m2\repository\org\springframework\boot\spring-boot-starter-test\2.6.11\spring-boot-starter-test-2.6.11.jar;C:\Users\b2723\.m2\repository\org\springframework\boot\spring-boot-test\2.6.11\spring-boot-test-2.6.11.jar;C:\Users\b2723\.m2\repository\org\springframework\boot\spring-boot-test-autoconfigure\2.6.11\spring-boot-test-autoconfigure-2.6.11.jar;C:\Users\b2723\.m2\repository\com\jayway\jsonpath\json-path\2.6.0\json-path-2.6.0.jar;C:\Users\b2723\.m2\repository\net\minidev\json-smart\2.4.8\json-smart-2.4.8.jar;C:\Users\b2723\.m2\repository\net\minidev\accessors-smart\2.4.8\accessors-smart-2.4.8.jar;C:\Users\b2723\.m2\repository\org\ow2\asm\asm\9.1\asm-9.1.jar;C:\Users\b2723\.m2\repository\org\slf4j\slf4j-api\1.7.36\slf4j-api-1.7.36.jar;C:\Users\b2723\.m2\repository\jakarta\xml\bind\jakarta.xml.bind-api\2.3.3\jakarta.xml.bind-api-2.3.3.jar;C:\Users\b2723\.m2\repository\jakarta\activation\jakarta.activation-api\1.2.2\jakarta.activation-api-1.2.2.jar;C:\Users\b2723\.m2\repository\org\assertj\assertj-core\3.21.0\assertj-core-3.21.0.jar;C:\Users\b2723\.m2\repository\org\hamcrest\hamcrest\2.2\hamcrest-2.2.jar;C:\Users\b2723\.m2\repository\org\junit\jupiter\junit-jupiter\5.8.2\junit-jupiter-5.8.2.jar;C:\Users\b2723\.m2\repository\org\junit\jupiter\junit-jupiter-api\5.8.2\junit-jupiter-api-5.8.2.jar;C:\Users\b2723\.m2\repository\org\opentest4j\opentest4j\1.2.0\opentest4j-1.2.0.jar;C:\Users\b2723\.m2\repository\org\junit\platform\junit-platform-commons\1.8.2\junit-platform-commons-1.8.2.jar;C:\Users\b2723\.m2\repository\org\apiguardian\apiguardian-api\1.1.2\apiguardian-api-1.1.2.jar;C:\Users\b2723\.m2\repository\org\junit\jupiter\junit-jupiter-params\5.8.2\junit-jupiter-params-5.8.2.jar;C:\Users\b2723\.m2\repository\org\junit\jupiter\junit-jupiter-engine\5.8.2\junit-jupiter-engine-5.8.2.jar;C:\Users\b2723\.m2\repository\org\junit\platform\junit-platform-engine\1.8.2\junit-platform-engine-1.8.2.jar;C:\Users\b2723\.m2\repository\org\mockito\mockito-core\4.0.0\mockito-core-4.0.0.jar;C:\Users\b2723\.m2\repository\net\bytebuddy\byte-buddy\1.11.22\byte-buddy-1.11.22.jar;C:\Users\b2723\.m2\repository\net\bytebuddy\byte-buddy-agent\1.11.22\byte-buddy-agent-1.11.22.jar;C:\Users\b2723\.m2\repository\org\objenesis\objenesis\3.2\objenesis-3.2.jar;C:\Users\b2723\.m2\repository\org\mockito\mockito-junit-jupiter\4.0.0\mockito-junit-jupiter-4.0.0.jar;C:\Users\b2723\.m2\repository\org\skyscreamer\jsonassert\1.5.1\jsonassert-1.5.1.jar;C:\Users\b2723\.m2\repository\com\vaadin\external\google\android-json\0.0.20131108.vaadin1\android-json-0.0.20131108.vaadin1.jar;C:\Users\b2723\.m2\repository\org\springframework\spring-core\5.3.22\spring-core-5.3.22.jar;C:\Users\b2723\.m2\repository\org\springframework\spring-jcl\5.3.22\spring-jcl-5.3.22.jar;C:\Users\b2723\.m2\repository\org\springframework\spring-test\5.3.22\spring-test-5.3.22.jar;C:\Users\b2723\.m2\repository\org\xmlunit\xmlunit-core\2.8.4\xmlunit-core-2.8.4.jar;C:\Users\b2723\.m2\repository\org\projectlombok\lombok\1.18.24\lombok-1.18.24.jar;C:\Users\b2723\.m2\repository\junit\junit\4.13.2\junit-4.13.2.jar;C:\Users\b2723\.m2\repository\org\hamcrest\hamcrest-core\2.2\hamcrest-core-2.2.jar
Launcher Type: SUN_STANDARD

[Global flags]
     intx CICompilerCount                          = 4                                         {product} {ergonomic}
     uint ConcGCThreads                            = 3                                         {product} {ergonomic}
     uint G1ConcRefinementThreads                  = 10                                        {product} {ergonomic}
   size_t G1HeapRegionSize                         = 2097152                                   {product} {ergonomic}
    uintx GCDrainStackTargetSize                   = 64                                        {product} {ergonomic}
   size_t InitialHeapSize                          = 268435456                                 {product} {ergonomic}
   size_t MarkStackSize                            = 4194304                                   {product} {ergonomic}
   size_t MaxHeapSize                              = 4276092928                                {product} {ergonomic}
   size_t MaxNewSize                               = 2564816896                                {product} {ergonomic}
   size_t MinHeapDeltaBytes                        = 2097152                                   {product} {ergonomic}
   size_t MinHeapSize                              = 8388608                                   {product} {ergonomic}
    uintx NonNMethodCodeHeapSize                   = 5839372                                {pd product} {ergonomic}
    uintx NonProfiledCodeHeapSize                  = 122909434                              {pd product} {ergonomic}
    uintx ProfiledCodeHeapSize                     = 122909434                              {pd product} {ergonomic}
    uintx ReservedCodeCacheSize                    = 251658240                              {pd product} {ergonomic}
     bool SegmentedCodeCache                       = true                                      {product} {ergonomic}
   size_t SoftMaxHeapSize                          = 4276092928                             {manageable} {ergonomic}
     bool UseCompressedClassPointers               = true                           {product lp64_product} {ergonomic}
     bool UseCompressedOops                        = true                           {product lp64_product} {ergonomic}
     bool UseG1GC                                  = true                                      {product} {ergonomic}
     bool UseLargePagesIndividualAllocation        = false                                  {pd product} {ergonomic}

Logging:
Log output configuration:
 #0: stdout all=warning uptime,level,tags foldmultilines=false
 #1: stderr all=off uptime,level,tags foldmultilines=false

Environment Variables:
JAVA_HOME=C:\Program Files\Java\jdk-19
CLASSPATH=.;C:\Program Files\Java\jdk-19\lib\dt.jar;C:\Program Files\Java\jdk-19\lib\tools.jar; 
PATH=C:\Program Files\Java\jdk-19\bin;C:\Program Files\Java\jdk-19\jre\bin;C:\Program Files\Common Files\Oracle\Java\javapath;C:\WINDOWS\system32;C:\WINDOWS;C:\WINDOWS\System32\Wbem;C:\WINDOWS\System32\WindowsPowerShell\v1.0;C:\Program Files\MySQL\MySQL Shell 8.0\bin\;D:\python\Scripts\;D:\python\;C:\Users\b2723\AppData\Local\Microsoft\WindowsApps;D:\DataGrip 2022.3.3\bin;;D:\Microsoft VS Code\bin;C:\Users\b2723\AppData\Local\GitHubDesktop\bin
USERNAME=b2723
OS=Windows_NT
PROCESSOR_IDENTIFIER=AMD64 Family 23 Model 113 Stepping 0, AuthenticAMD
TMP=C:\Users\b2723\AppData\Local\Temp
TEMP=C:\Users\b2723\AppData\Local\Temp



---------------  S Y S T E M  ---------------

OS:
 Windows 10 , 64 bit Build 19041 (10.0.19041.2546)
OS uptime: 0 days 5:08 hours

CPU: total 12 (initial active 12) (12 cores per cpu, 2 threads per core) family 23 model 113 stepping 0 microcode 0x0, cx8, cmov, fxsr, ht, mmx, 3dnowpref, sse, sse2, sse3, ssse3, sse4a, sse4.1, sse4.2, popcnt, lzcnt, tsc, tscinvbit, avx, avx2, aes, clmul, bmi1, bmi2, adx, sha, fma, vzeroupper, clflush, clflushopt, rdtscp, rdpid

Memory: 4k page, system-wide physical 16306M (2463M free)
TotalPageFile size 28306M (AvailPageFile size 6M)
current process WorkingSet (physical memory assigned to process): 114M, peak: 118M
current process commit charge ("private bytes"): 385M, peak: 388M

vm_info: Java HotSpot(TM) 64-Bit Server VM (19.0.2+7-44) for windows-amd64 JRE (19.0.2+7-44), built on 2022-11-30T18:02:09Z by "mach5one" with MS VC++ 17.1 (VS2022)

END.
