#
# There is insufficient memory for the Java Runtime Environment to continue.
# Native memory allocation (malloc) failed to allocate 677936 bytes for Chunk::new
# Possible reasons:
#   The system is out of physical RAM or swap space
#   The process is running with CompressedOops enabled, and the Java Heap may be blocking the growth of the native heap
# Possible solutions:
#   Reduce memory load on the system
#   Increase physical memory or swap space
#   Check if swap backing store is full
#   Decrease Java heap size (-Xmx/-Xms)
#   Decrease number of Java threads
#   Decrease Java thread stack sizes (-Xss)
#   Set larger code cache with -XX:ReservedCodeCacheSize=
#   JVM is running with Zero Based Compressed Oops mode in which the Java heap is
#     placed in the first 32GB address space. The Java Heap base address is the
#     maximum limit for the native heap growth. Please use -XX:HeapBaseMinAddress
#     to set the Java Heap base and to place the Java Heap above 32GB virtual address.
# This output file may be truncated or incomplete.
#
#  Out of Memory Error (arena.cpp:184), pid=14672, tid=9488
#
# JRE version: Java(TM) SE Runtime Environment (19.0.2+7) (build 19.0.2+7-44)
# Java VM: Java HotSpot(TM) 64-Bit Server VM (19.0.2+7-44, mixed mode, sharing, tiered, compressed oops, compressed class ptrs, g1 gc, windows-amd64)
# No core dump will be written. Minidumps are not enabled by default on client versions of Windows
#

---------------  S U M M A R Y ------------

Command Line: -ea -Didea.test.cyclic.buffer.size=1048576 -javaagent:D:\ITdevelop\IntelliJ IDEA 2022.3.1\lib\idea_rt.jar=8662:D:\ITdevelop\IntelliJ IDEA 2022.3.1\bin -Dfile.encoding=UTF-8 -Dsun.stdout.encoding=UTF-8 -Dsun.stderr.encoding=UTF-8 com.intellij.rt.junit.JUnitStarter -ideVersion5 -junit4 com.by.store.mapper.CartMapperTest,findVOByCids

Host: AMD Ryzen 5 3600 6-Core Processor              , 12 cores, 15G,  Windows 10 , 64 bit Build 19041 (10.0.19041.2546)
Time: Fri Mar 31 14:40:31 2023  Windows 10 , 64 bit Build 19041 (10.0.19041.2546) elapsed time: 1.397915 seconds (0d 0h 0m 1s)

---------------  T H R E A D  ---------------

Current thread (0x000001fcbfd1f010):  JavaThread "C2 CompilerThread0" daemon [_thread_in_native, id=9488, stack(0x0000008febf00000,0x0000008fec000000)]


Current CompileTask:
C2:   1397 2135       4       jdk.internal.loader.URLClassPath::getResource (74 bytes)

Stack: [0x0000008febf00000,0x0000008fec000000]
Native frames: (J=compiled Java code, j=interpreted, Vv=VM code, C=native code)
V  [jvm.dll+0x6ee21a]
V  [jvm.dll+0x85765e]
V  [jvm.dll+0x85904e]
V  [jvm.dll+0x859703]
V  [jvm.dll+0x28298f]
V  [jvm.dll+0xc9adf]
V  [jvm.dll+0xc9e65]
V  [jvm.dll+0x2f7caf]
V  [jvm.dll+0x5f076b]
V  [jvm.dll+0x25590c]
V  [jvm.dll+0x24e1a7]
V  [jvm.dll+0x24b673]
V  [jvm.dll+0x1d6ce1]
V  [jvm.dll+0x25b25a]
V  [jvm.dll+0x2596e8]
V  [jvm.dll+0x807588]
V  [jvm.dll+0x80125a]
V  [jvm.dll+0x6ecf0b]
C  [ucrtbase.dll+0x21bb2]
C  [KERNEL32.DLL+0x17614]
C  [ntdll.dll+0x526a1]


---------------  P R O C E S S  ---------------

Threads class SMR info:
_java_thread_list=0x000001fcc572d790, length=15, elements={
0x000001fc9c43e970, 0x000001fcbfd01300, 0x000001fcbfd02e40, 0x000001fcbfd07d90,
0x000001fcbfd08fd0, 0x000001fcbfd09900, 0x000001fcbfd0a230, 0x000001fcbfd1f010,
0x000001fcbfd240d0, 0x000001fcbfd25d90, 0x000001fcbfcd03c0, 0x000001fcc41ec3e0,
0x000001fcc41ec920, 0x000001fcbfd235b0, 0x000001fcbfd24bf0
}

Java Threads: ( => current thread )
  0x000001fc9c43e970 JavaThread "main" [_thread_in_native, id=11728, stack(0x0000008feb200000,0x0000008feb300000)]
  0x000001fcbfd01300 JavaThread "Reference Handler" daemon [_thread_blocked, id=14828, stack(0x0000008feb900000,0x0000008feba00000)]
  0x000001fcbfd02e40 JavaThread "Finalizer" daemon [_thread_blocked, id=2580, stack(0x0000008feba00000,0x0000008febb00000)]
  0x000001fcbfd07d90 JavaThread "Signal Dispatcher" daemon [_thread_blocked, id=14176, stack(0x0000008febb00000,0x0000008febc00000)]
  0x000001fcbfd08fd0 JavaThread "Attach Listener" daemon [_thread_blocked, id=1164, stack(0x0000008febc00000,0x0000008febd00000)]
  0x000001fcbfd09900 JavaThread "Service Thread" daemon [_thread_blocked, id=13036, stack(0x0000008febd00000,0x0000008febe00000)]
  0x000001fcbfd0a230 JavaThread "Monitor Deflation Thread" daemon [_thread_blocked, id=4720, stack(0x0000008febe00000,0x0000008febf00000)]
=>0x000001fcbfd1f010 JavaThread "C2 CompilerThread0" daemon [_thread_in_native, id=9488, stack(0x0000008febf00000,0x0000008fec000000)]
  0x000001fcbfd240d0 JavaThread "C1 CompilerThread0" daemon [_thread_blocked, id=4988, stack(0x0000008fec000000,0x0000008fec100000)]
  0x000001fcbfd25d90 JavaThread "Sweeper thread" daemon [_thread_blocked, id=8992, stack(0x0000008fec100000,0x0000008fec200000)]
  0x000001fcbfcd03c0 JavaThread "Common-Cleaner" daemon [_thread_blocked, id=14888, stack(0x0000008fec200000,0x0000008fec300000)]
  0x000001fcc41ec3e0 JavaThread "Monitor Ctrl-Break" daemon [_thread_in_native, id=13604, stack(0x0000008fec300000,0x0000008fec400000)]
  0x000001fcc41ec920 JavaThread "Notification Thread" daemon [_thread_blocked, id=4312, stack(0x0000008fec400000,0x0000008fec500000)]
  0x000001fcbfd235b0 JavaThread "C2 CompilerThread1" daemon [_thread_blocked, id=2456, stack(0x0000008fec600000,0x0000008fec700000)]
  0x000001fcbfd24bf0 JavaThread "C2 CompilerThread2" daemon [_thread_blocked, id=3784, stack(0x0000008fec700000,0x0000008fec800000)]

Other Threads:
  0x000001fcbfce24e0 VMThread "VM Thread" [stack: 0x0000008feb800000,0x0000008feb900000] [id=2268]
  0x000001fcc42b3d00 WatcherThread "VM Periodic Task Thread" [stack: 0x0000008fec500000,0x0000008fec600000] [id=11744]
  0x000001fc9c4af320 WorkerThread "GC Thread#0" [stack: 0x0000008feb300000,0x0000008feb400000] [id=8]
  0x000001fcc4e5b5b0 WorkerThread "GC Thread#1" [stack: 0x0000008fec800000,0x0000008fec900000] [id=1668]
  0x000001fcc4e5be20 WorkerThread "GC Thread#2" [stack: 0x0000008fec900000,0x0000008feca00000] [id=17824]
  0x000001fcc4e5b880 WorkerThread "GC Thread#3" [stack: 0x0000008feca00000,0x0000008fecb00000] [id=7672]
  0x000001fcc4e5aa70 WorkerThread "GC Thread#4" [stack: 0x0000008fecb00000,0x0000008fecc00000] [id=15012]
  0x000001fcc4e5ad40 WorkerThread "GC Thread#5" [stack: 0x0000008fecc00000,0x0000008fecd00000] [id=9968]
  0x000001fcc4e5a200 WorkerThread "GC Thread#6" [stack: 0x0000008fecd00000,0x0000008fece00000] [id=2544]
  0x000001fcc4e5b010 WorkerThread "GC Thread#7" [stack: 0x0000008fece00000,0x0000008fecf00000] [id=10292]
  0x000001fcc4e5bb50 WorkerThread "GC Thread#8" [stack: 0x0000008fed000000,0x0000008fed100000] [id=15868]
  0x000001fcc4e5a4d0 WorkerThread "GC Thread#9" [stack: 0x0000008fed100000,0x0000008fed200000] [id=9256]
  0x000001fc9c4bc190 ConcurrentGCThread "G1 Main Marker" [stack: 0x0000008feb400000,0x0000008feb500000] [id=10776]
  0x000001fc9c4bcbc0 WorkerThread "G1 Conc#0" [stack: 0x0000008feb500000,0x0000008feb600000] [id=4328]
  0x000001fc9c4febb0 ConcurrentGCThread "G1 Refine#0" [stack: 0x0000008feb600000,0x0000008feb700000] [id=9372]
  0x000001fcbfb9d8c0 ConcurrentGCThread "G1 Service" [stack: 0x0000008feb700000,0x0000008feb800000] [id=15404]

Threads with active compile tasks:
C2 CompilerThread0     1416 2135       4       jdk.internal.loader.URLClassPath::getResource (74 bytes)

VM state: not at safepoint (normal execution)

VM Mutex/Monitor currently owned by a thread: None

Heap address: 0x0000000701200000, size: 4078 MB, Compressed Oops mode: Zero based, Oop shift amount: 3

CDS archive(s) mapped at: [0x0000000800000000-0x0000000800c40000-0x0000000800c40000), size 12845056, SharedBaseAddress: 0x0000000800000000, ArchiveRelocationMode: 0.
Compressed class space mapped at: 0x0000000801000000-0x0000000841000000, reserved size: 1073741824
Narrow klass base: 0x0000000800000000, Narrow klass shift: 0, Narrow klass range: 0x100000000

GC Precious Log:
 CardTable entry size: 512
 Card Set container configuration: InlinePtr #cards 4 size 8 Array Of Cards #cards 16 size 48 Howl #buckets 8 coarsen threshold 3686 Howl Bitmap #cards 512 size 80 coarsen threshold 460 Card regions per heap region 1 cards per card region 4096
 CPUs: 12 total, 12 available
 Memory: 16306M
 Large Page Support: Disabled
 NUMA Support: Disabled
 Compressed Oops: Enabled (Zero based)
 Heap Region Size: 2M
 Heap Min Capacity: 8M
 Heap Initial Capacity: 256M
 Heap Max Capacity: 4078M
 Pre-touch: Disabled
 Parallel Workers: 10
 Concurrent Workers: 3
 Concurrent Refinement Workers: 10
 Periodic GC: Disabled

Heap:
 garbage-first heap   total 262144K, used 23251K [0x0000000701200000, 0x0000000800000000)
  region size 2048K, 11 young (22528K), 2 survivors (4096K)
 Metaspace       used 17123K, committed 17408K, reserved 1114112K
  class space    used 2029K, committed 2176K, reserved 1048576K

Heap Regions: E=young(eden), S=young(survivor), O=old, HS=humongous(starts), HC=humongous(continues), CS=collection set, F=free, OA=open archive, CA=closed archive, TAMS=top-at-mark-start (previous, next)
|   0|0x0000000701200000, 0x0000000701400000, 0x0000000701400000|100%| O|  |TAMS 0x0000000701200000, 0x0000000701200000| Untracked 
|   1|0x0000000701400000, 0x0000000701600000, 0x0000000701600000|100%| O|  |TAMS 0x0000000701400000, 0x0000000701400000| Untracked 
|   2|0x0000000701600000, 0x0000000701800000, 0x0000000701800000|100%| O|  |TAMS 0x0000000701600000, 0x0000000701600000| Untracked 
|   3|0x0000000701800000, 0x000000070183bc00, 0x0000000701a00000| 11%| O|  |TAMS 0x0000000701800000, 0x0000000701800000| Untracked 
|   4|0x0000000701a00000, 0x0000000701a00000, 0x0000000701c00000|  0%| F|  |TAMS 0x0000000701a00000, 0x0000000701a00000| Untracked 
|   5|0x0000000701c00000, 0x0000000701c00000, 0x0000000701e00000|  0%| F|  |TAMS 0x0000000701c00000, 0x0000000701c00000| Untracked 
|   6|0x0000000701e00000, 0x0000000701e00000, 0x0000000702000000|  0%| F|  |TAMS 0x0000000701e00000, 0x0000000701e00000| Untracked 
|   7|0x0000000702000000, 0x0000000702000000, 0x0000000702200000|  0%| F|  |TAMS 0x0000000702000000, 0x0000000702000000| Untracked 
|   8|0x0000000702200000, 0x0000000702200000, 0x0000000702400000|  0%| F|  |TAMS 0x0000000702200000, 0x0000000702200000| Untracked 
|   9|0x0000000702400000, 0x0000000702400000, 0x0000000702600000|  0%| F|  |TAMS 0x0000000702400000, 0x0000000702400000| Untracked 
|  10|0x0000000702600000, 0x0000000702600000, 0x0000000702800000|  0%| F|  |TAMS 0x0000000702600000, 0x0000000702600000| Untracked 
|  11|0x0000000702800000, 0x0000000702800000, 0x0000000702a00000|  0%| F|  |TAMS 0x0000000702800000, 0x0000000702800000| Untracked 
|  12|0x0000000702a00000, 0x0000000702a00000, 0x0000000702c00000|  0%| F|  |TAMS 0x0000000702a00000, 0x0000000702a00000| Untracked 
|  13|0x0000000702c00000, 0x0000000702c00000, 0x0000000702e00000|  0%| F|  |TAMS 0x0000000702c00000, 0x0000000702c00000| Untracked 
|  14|0x0000000702e00000, 0x0000000702e00000, 0x0000000703000000|  0%| F|  |TAMS 0x0000000702e00000, 0x0000000702e00000| Untracked 
|  15|0x0000000703000000, 0x0000000703000000, 0x0000000703200000|  0%| F|  |TAMS 0x0000000703000000, 0x0000000703000000| Untracked 
|  16|0x0000000703200000, 0x0000000703200000, 0x0000000703400000|  0%| F|  |TAMS 0x0000000703200000, 0x0000000703200000| Untracked 
|  17|0x0000000703400000, 0x0000000703400000, 0x0000000703600000|  0%| F|  |TAMS 0x0000000703400000, 0x0000000703400000| Untracked 
|  18|0x0000000703600000, 0x0000000703600000, 0x0000000703800000|  0%| F|  |TAMS 0x0000000703600000, 0x0000000703600000| Untracked 
|  19|0x0000000703800000, 0x0000000703800000, 0x0000000703a00000|  0%| F|  |TAMS 0x0000000703800000, 0x0000000703800000| Untracked 
|  20|0x0000000703a00000, 0x0000000703a00000, 0x0000000703c00000|  0%| F|  |TAMS 0x0000000703a00000, 0x0000000703a00000| Untracked 
|  21|0x0000000703c00000, 0x0000000703c00000, 0x0000000703e00000|  0%| F|  |TAMS 0x0000000703c00000, 0x0000000703c00000| Untracked 
|  22|0x0000000703e00000, 0x0000000703e00000, 0x0000000704000000|  0%| F|  |TAMS 0x0000000703e00000, 0x0000000703e00000| Untracked 
|  23|0x0000000704000000, 0x0000000704000000, 0x0000000704200000|  0%| F|  |TAMS 0x0000000704000000, 0x0000000704000000| Untracked 
|  24|0x0000000704200000, 0x0000000704200000, 0x0000000704400000|  0%| F|  |TAMS 0x0000000704200000, 0x0000000704200000| Untracked 
|  25|0x0000000704400000, 0x0000000704400000, 0x0000000704600000|  0%| F|  |TAMS 0x0000000704400000, 0x0000000704400000| Untracked 
|  26|0x0000000704600000, 0x0000000704600000, 0x0000000704800000|  0%| F|  |TAMS 0x0000000704600000, 0x0000000704600000| Untracked 
|  27|0x0000000704800000, 0x0000000704800000, 0x0000000704a00000|  0%| F|  |TAMS 0x0000000704800000, 0x0000000704800000| Untracked 
|  28|0x0000000704a00000, 0x0000000704a00000, 0x0000000704c00000|  0%| F|  |TAMS 0x0000000704a00000, 0x0000000704a00000| Untracked 
|  29|0x0000000704c00000, 0x0000000704c00000, 0x0000000704e00000|  0%| F|  |TAMS 0x0000000704c00000, 0x0000000704c00000| Untracked 
|  30|0x0000000704e00000, 0x0000000704e00000, 0x0000000705000000|  0%| F|  |TAMS 0x0000000704e00000, 0x0000000704e00000| Untracked 
|  31|0x0000000705000000, 0x0000000705000000, 0x0000000705200000|  0%| F|  |TAMS 0x0000000705000000, 0x0000000705000000| Untracked 
|  32|0x0000000705200000, 0x0000000705200000, 0x0000000705400000|  0%| F|  |TAMS 0x0000000705200000, 0x0000000705200000| Untracked 
|  33|0x0000000705400000, 0x0000000705400000, 0x0000000705600000|  0%| F|  |TAMS 0x0000000705400000, 0x0000000705400000| Untracked 
|  34|0x0000000705600000, 0x0000000705600000, 0x0000000705800000|  0%| F|  |TAMS 0x0000000705600000, 0x0000000705600000| Untracked 
|  35|0x0000000705800000, 0x0000000705800000, 0x0000000705a00000|  0%| F|  |TAMS 0x0000000705800000, 0x0000000705800000| Untracked 
|  36|0x0000000705a00000, 0x0000000705a00000, 0x0000000705c00000|  0%| F|  |TAMS 0x0000000705a00000, 0x0000000705a00000| Untracked 
|  37|0x0000000705c00000, 0x0000000705c00000, 0x0000000705e00000|  0%| F|  |TAMS 0x0000000705c00000, 0x0000000705c00000| Untracked 
|  38|0x0000000705e00000, 0x0000000705e00000, 0x0000000706000000|  0%| F|  |TAMS 0x0000000705e00000, 0x0000000705e00000| Untracked 
|  39|0x0000000706000000, 0x0000000706000000, 0x0000000706200000|  0%| F|  |TAMS 0x0000000706000000, 0x0000000706000000| Untracked 
|  40|0x0000000706200000, 0x0000000706200000, 0x0000000706400000|  0%| F|  |TAMS 0x0000000706200000, 0x0000000706200000| Untracked 
|  41|0x0000000706400000, 0x0000000706400000, 0x0000000706600000|  0%| F|  |TAMS 0x0000000706400000, 0x0000000706400000| Untracked 
|  42|0x0000000706600000, 0x0000000706600000, 0x0000000706800000|  0%| F|  |TAMS 0x0000000706600000, 0x0000000706600000| Untracked 
|  43|0x0000000706800000, 0x0000000706800000, 0x0000000706a00000|  0%| F|  |TAMS 0x0000000706800000, 0x0000000706800000| Untracked 
|  44|0x0000000706a00000, 0x0000000706a00000, 0x0000000706c00000|  0%| F|  |TAMS 0x0000000706a00000, 0x0000000706a00000| Untracked 
|  45|0x0000000706c00000, 0x0000000706c00000, 0x0000000706e00000|  0%| F|  |TAMS 0x0000000706c00000, 0x0000000706c00000| Untracked 
|  46|0x0000000706e00000, 0x0000000706e00000, 0x0000000707000000|  0%| F|  |TAMS 0x0000000706e00000, 0x0000000706e00000| Untracked 
|  47|0x0000000707000000, 0x0000000707000000, 0x0000000707200000|  0%| F|  |TAMS 0x0000000707000000, 0x0000000707000000| Untracked 
|  48|0x0000000707200000, 0x0000000707200000, 0x0000000707400000|  0%| F|  |TAMS 0x0000000707200000, 0x0000000707200000| Untracked 
|  49|0x0000000707400000, 0x0000000707400000, 0x0000000707600000|  0%| F|  |TAMS 0x0000000707400000, 0x0000000707400000| Untracked 
|  50|0x0000000707600000, 0x0000000707600000, 0x0000000707800000|  0%| F|  |TAMS 0x0000000707600000, 0x0000000707600000| Untracked 
|  51|0x0000000707800000, 0x0000000707800000, 0x0000000707a00000|  0%| F|  |TAMS 0x0000000707800000, 0x0000000707800000| Untracked 
|  52|0x0000000707a00000, 0x0000000707a00000, 0x0000000707c00000|  0%| F|  |TAMS 0x0000000707a00000, 0x0000000707a00000| Untracked 
|  53|0x0000000707c00000, 0x0000000707c00000, 0x0000000707e00000|  0%| F|  |TAMS 0x0000000707c00000, 0x0000000707c00000| Untracked 
|  54|0x0000000707e00000, 0x0000000707e00000, 0x0000000708000000|  0%| F|  |TAMS 0x0000000707e00000, 0x0000000707e00000| Untracked 
|  55|0x0000000708000000, 0x0000000708000000, 0x0000000708200000|  0%| F|  |TAMS 0x0000000708000000, 0x0000000708000000| Untracked 
|  56|0x0000000708200000, 0x0000000708200000, 0x0000000708400000|  0%| F|  |TAMS 0x0000000708200000, 0x0000000708200000| Untracked 
|  57|0x0000000708400000, 0x0000000708400000, 0x0000000708600000|  0%| F|  |TAMS 0x0000000708400000, 0x0000000708400000| Untracked 
|  58|0x0000000708600000, 0x0000000708600000, 0x0000000708800000|  0%| F|  |TAMS 0x0000000708600000, 0x0000000708600000| Untracked 
|  59|0x0000000708800000, 0x0000000708800000, 0x0000000708a00000|  0%| F|  |TAMS 0x0000000708800000, 0x0000000708800000| Untracked 
|  60|0x0000000708a00000, 0x0000000708a00000, 0x0000000708c00000|  0%| F|  |TAMS 0x0000000708a00000, 0x0000000708a00000| Untracked 
|  61|0x0000000708c00000, 0x0000000708c00000, 0x0000000708e00000|  0%| F|  |TAMS 0x0000000708c00000, 0x0000000708c00000| Untracked 
|  62|0x0000000708e00000, 0x0000000708e00000, 0x0000000709000000|  0%| F|  |TAMS 0x0000000708e00000, 0x0000000708e00000| Untracked 
|  63|0x0000000709000000, 0x0000000709000000, 0x0000000709200000|  0%| F|  |TAMS 0x0000000709000000, 0x0000000709000000| Untracked 
|  64|0x0000000709200000, 0x0000000709200000, 0x0000000709400000|  0%| F|  |TAMS 0x0000000709200000, 0x0000000709200000| Untracked 
|  65|0x0000000709400000, 0x0000000709400000, 0x0000000709600000|  0%| F|  |TAMS 0x0000000709400000, 0x0000000709400000| Untracked 
|  66|0x0000000709600000, 0x0000000709600000, 0x0000000709800000|  0%| F|  |TAMS 0x0000000709600000, 0x0000000709600000| Untracked 
|  67|0x0000000709800000, 0x0000000709800000, 0x0000000709a00000|  0%| F|  |TAMS 0x0000000709800000, 0x0000000709800000| Untracked 
|  68|0x0000000709a00000, 0x0000000709a00000, 0x0000000709c00000|  0%| F|  |TAMS 0x0000000709a00000, 0x0000000709a00000| Untracked 
|  69|0x0000000709c00000, 0x0000000709c00000, 0x0000000709e00000|  0%| F|  |TAMS 0x0000000709c00000, 0x0000000709c00000| Untracked 
|  70|0x0000000709e00000, 0x0000000709e00000, 0x000000070a000000|  0%| F|  |TAMS 0x0000000709e00000, 0x0000000709e00000| Untracked 
|  71|0x000000070a000000, 0x000000070a000000, 0x000000070a200000|  0%| F|  |TAMS 0x000000070a000000, 0x000000070a000000| Untracked 
|  72|0x000000070a200000, 0x000000070a200000, 0x000000070a400000|  0%| F|  |TAMS 0x000000070a200000, 0x000000070a200000| Untracked 
|  73|0x000000070a400000, 0x000000070a400000, 0x000000070a600000|  0%| F|  |TAMS 0x000000070a400000, 0x000000070a400000| Untracked 
|  74|0x000000070a600000, 0x000000070a600000, 0x000000070a800000|  0%| F|  |TAMS 0x000000070a600000, 0x000000070a600000| Untracked 
|  75|0x000000070a800000, 0x000000070a800000, 0x000000070aa00000|  0%| F|  |TAMS 0x000000070a800000, 0x000000070a800000| Untracked 
|  76|0x000000070aa00000, 0x000000070aa00000, 0x000000070ac00000|  0%| F|  |TAMS 0x000000070aa00000, 0x000000070aa00000| Untracked 
|  77|0x000000070ac00000, 0x000000070ac00000, 0x000000070ae00000|  0%| F|  |TAMS 0x000000070ac00000, 0x000000070ac00000| Untracked 
|  78|0x000000070ae00000, 0x000000070ae00000, 0x000000070b000000|  0%| F|  |TAMS 0x000000070ae00000, 0x000000070ae00000| Untracked 
|  79|0x000000070b000000, 0x000000070b000000, 0x000000070b200000|  0%| F|  |TAMS 0x000000070b000000, 0x000000070b000000| Untracked 
|  80|0x000000070b200000, 0x000000070b200000, 0x000000070b400000|  0%| F|  |TAMS 0x000000070b200000, 0x000000070b200000| Untracked 
|  81|0x000000070b400000, 0x000000070b400000, 0x000000070b600000|  0%| F|  |TAMS 0x000000070b400000, 0x000000070b400000| Untracked 
|  82|0x000000070b600000, 0x000000070b600000, 0x000000070b800000|  0%| F|  |TAMS 0x000000070b600000, 0x000000070b600000| Untracked 
|  83|0x000000070b800000, 0x000000070b800000, 0x000000070ba00000|  0%| F|  |TAMS 0x000000070b800000, 0x000000070b800000| Untracked 
|  84|0x000000070ba00000, 0x000000070ba00000, 0x000000070bc00000|  0%| F|  |TAMS 0x000000070ba00000, 0x000000070ba00000| Untracked 
|  85|0x000000070bc00000, 0x000000070bc00000, 0x000000070be00000|  0%| F|  |TAMS 0x000000070bc00000, 0x000000070bc00000| Untracked 
|  86|0x000000070be00000, 0x000000070be00000, 0x000000070c000000|  0%| F|  |TAMS 0x000000070be00000, 0x000000070be00000| Untracked 
|  87|0x000000070c000000, 0x000000070c000000, 0x000000070c200000|  0%| F|  |TAMS 0x000000070c000000, 0x000000070c000000| Untracked 
|  88|0x000000070c200000, 0x000000070c200000, 0x000000070c400000|  0%| F|  |TAMS 0x000000070c200000, 0x000000070c200000| Untracked 
|  89|0x000000070c400000, 0x000000070c400000, 0x000000070c600000|  0%| F|  |TAMS 0x000000070c400000, 0x000000070c400000| Untracked 
|  90|0x000000070c600000, 0x000000070c600000, 0x000000070c800000|  0%| F|  |TAMS 0x000000070c600000, 0x000000070c600000| Untracked 
|  91|0x000000070c800000, 0x000000070c800000, 0x000000070ca00000|  0%| F|  |TAMS 0x000000070c800000, 0x000000070c800000| Untracked 
|  92|0x000000070ca00000, 0x000000070ca00000, 0x000000070cc00000|  0%| F|  |TAMS 0x000000070ca00000, 0x000000070ca00000| Untracked 
|  93|0x000000070cc00000, 0x000000070cc00000, 0x000000070ce00000|  0%| F|  |TAMS 0x000000070cc00000, 0x000000070cc00000| Untracked 
|  94|0x000000070ce00000, 0x000000070ce00000, 0x000000070d000000|  0%| F|  |TAMS 0x000000070ce00000, 0x000000070ce00000| Untracked 
|  95|0x000000070d000000, 0x000000070d000000, 0x000000070d200000|  0%| F|  |TAMS 0x000000070d000000, 0x000000070d000000| Untracked 
|  96|0x000000070d200000, 0x000000070d200000, 0x000000070d400000|  0%| F|  |TAMS 0x000000070d200000, 0x000000070d200000| Untracked 
|  97|0x000000070d400000, 0x000000070d400000, 0x000000070d600000|  0%| F|  |TAMS 0x000000070d400000, 0x000000070d400000| Untracked 
|  98|0x000000070d600000, 0x000000070d600000, 0x000000070d800000|  0%| F|  |TAMS 0x000000070d600000, 0x000000070d600000| Untracked 
|  99|0x000000070d800000, 0x000000070d800000, 0x000000070da00000|  0%| F|  |TAMS 0x000000070d800000, 0x000000070d800000| Untracked 
| 100|0x000000070da00000, 0x000000070da00000, 0x000000070dc00000|  0%| F|  |TAMS 0x000000070da00000, 0x000000070da00000| Untracked 
| 101|0x000000070dc00000, 0x000000070dc00000, 0x000000070de00000|  0%| F|  |TAMS 0x000000070dc00000, 0x000000070dc00000| Untracked 
| 102|0x000000070de00000, 0x000000070de00000, 0x000000070e000000|  0%| F|  |TAMS 0x000000070de00000, 0x000000070de00000| Untracked 
| 103|0x000000070e000000, 0x000000070e000000, 0x000000070e200000|  0%| F|  |TAMS 0x000000070e000000, 0x000000070e000000| Untracked 
| 104|0x000000070e200000, 0x000000070e200000, 0x000000070e400000|  0%| F|  |TAMS 0x000000070e200000, 0x000000070e200000| Untracked 
| 105|0x000000070e400000, 0x000000070e400000, 0x000000070e600000|  0%| F|  |TAMS 0x000000070e400000, 0x000000070e400000| Untracked 
| 106|0x000000070e600000, 0x000000070e600000, 0x000000070e800000|  0%| F|  |TAMS 0x000000070e600000, 0x000000070e600000| Untracked 
| 107|0x000000070e800000, 0x000000070e800000, 0x000000070ea00000|  0%| F|  |TAMS 0x000000070e800000, 0x000000070e800000| Untracked 
| 108|0x000000070ea00000, 0x000000070ea00000, 0x000000070ec00000|  0%| F|  |TAMS 0x000000070ea00000, 0x000000070ea00000| Untracked 
| 109|0x000000070ec00000, 0x000000070ec00000, 0x000000070ee00000|  0%| F|  |TAMS 0x000000070ec00000, 0x000000070ec00000| Untracked 
| 110|0x000000070ee00000, 0x000000070ee00000, 0x000000070f000000|  0%| F|  |TAMS 0x000000070ee00000, 0x000000070ee00000| Untracked 
| 111|0x000000070f000000, 0x000000070f079020, 0x000000070f200000| 23%| S|CS|TAMS 0x000000070f000000, 0x000000070f000000| Complete 
| 112|0x000000070f200000, 0x000000070f400000, 0x000000070f400000|100%| S|CS|TAMS 0x000000070f200000, 0x000000070f200000| Complete 
| 113|0x000000070f400000, 0x000000070f400000, 0x000000070f600000|  0%| F|  |TAMS 0x000000070f400000, 0x000000070f400000| Untracked 
| 114|0x000000070f600000, 0x000000070f600000, 0x000000070f800000|  0%| F|  |TAMS 0x000000070f600000, 0x000000070f600000| Untracked 
| 115|0x000000070f800000, 0x000000070f800000, 0x000000070fa00000|  0%| F|  |TAMS 0x000000070f800000, 0x000000070f800000| Untracked 
| 116|0x000000070fa00000, 0x000000070fa00000, 0x000000070fc00000|  0%| F|  |TAMS 0x000000070fa00000, 0x000000070fa00000| Untracked 
| 117|0x000000070fc00000, 0x000000070fc00000, 0x000000070fe00000|  0%| F|  |TAMS 0x000000070fc00000, 0x000000070fc00000| Untracked 
| 118|0x000000070fe00000, 0x000000070fe00000, 0x0000000710000000|  0%| F|  |TAMS 0x000000070fe00000, 0x000000070fe00000| Untracked 
| 119|0x0000000710000000, 0x0000000710069d60, 0x0000000710200000| 20%| E|  |TAMS 0x0000000710000000, 0x0000000710000000| Complete 
| 120|0x0000000710200000, 0x0000000710400000, 0x0000000710400000|100%| E|CS|TAMS 0x0000000710200000, 0x0000000710200000| Complete 
| 121|0x0000000710400000, 0x0000000710600000, 0x0000000710600000|100%| E|CS|TAMS 0x0000000710400000, 0x0000000710400000| Complete 
| 122|0x0000000710600000, 0x0000000710800000, 0x0000000710800000|100%| E|CS|TAMS 0x0000000710600000, 0x0000000710600000| Complete 
| 123|0x0000000710800000, 0x0000000710a00000, 0x0000000710a00000|100%| E|CS|TAMS 0x0000000710800000, 0x0000000710800000| Complete 
| 124|0x0000000710a00000, 0x0000000710c00000, 0x0000000710c00000|100%| E|CS|TAMS 0x0000000710a00000, 0x0000000710a00000| Complete 
| 125|0x0000000710c00000, 0x0000000710e00000, 0x0000000710e00000|100%| E|CS|TAMS 0x0000000710c00000, 0x0000000710c00000| Complete 
| 126|0x0000000710e00000, 0x0000000711000000, 0x0000000711000000|100%| E|  |TAMS 0x0000000710e00000, 0x0000000710e00000| Complete 
| 127|0x0000000711000000, 0x0000000711200000, 0x0000000711200000|100%| E|CS|TAMS 0x0000000711000000, 0x0000000711000000| Complete 

Card table byte_map: [0x000001fcb4100000,0x000001fcb4900000] _byte_map_base: 0x000001fcb08f7000

Marking Bits (Prev, Next): (CMBitMap*) 0x000001fc9c4af950, (CMBitMap*) 0x000001fc9c4af990
 Prev Bits: [0x000001fcb5100000, 0x000001fcb90b8000)
 Next Bits: [0x000001fcb90c0000, 0x000001fcbd078000)

Polling page: 0x000001fc9a150000

Metaspace:

Usage:
  Non-class:     14.74 MB used.
      Class:      1.98 MB used.
       Both:     16.72 MB used.

Virtual space:
  Non-class space:       64.00 MB reserved,      14.88 MB ( 23%) committed,  1 nodes.
      Class space:        1.00 GB reserved,       2.12 MB ( <1%) committed,  1 nodes.
             Both:        1.06 GB reserved,      17.00 MB (  2%) committed. 

Chunk freelists:
   Non-Class:  878.00 KB
       Class:  1.79 MB
        Both:  2.64 MB

MaxMetaspaceSize: unlimited
CompressedClassSpaceSize: 1.00 GB
Initial GC threshold: 21.00 MB
Current GC threshold: 21.00 MB
CDS: on
MetaspaceReclaimPolicy: balanced
 - commit_granule_bytes: 65536.
 - commit_granule_words: 8192.
 - virtual_space_node_default_size: 8388608.
 - enlarge_chunks_in_place: 1.
 - new_chunks_are_fully_committed: 0.
 - uncommit_free_chunks: 1.
 - use_allocation_guard: 0.


Internal statistics:

num_allocs_failed_limit: 0.
num_arena_births: 224.
num_arena_deaths: 0.
num_vsnodes_births: 2.
num_vsnodes_deaths: 0.
num_space_committed: 272.
num_space_uncommitted: 0.
num_chunks_returned_to_freelist: 0.
num_chunks_taken_from_freelist: 761.
num_chunk_merges: 0.
num_chunk_splits: 520.
num_chunks_enlarged: 419.
num_inconsistent_stats: 0.

CodeHeap 'non-profiled nmethods': size=120000Kb used=897Kb max_used=897Kb free=119103Kb
 bounds [0x000001fcabe70000, 0x000001fcac0e0000, 0x000001fcb33a0000]
CodeHeap 'profiled nmethods': size=120000Kb used=4085Kb max_used=4085Kb free=115914Kb
 bounds [0x000001fca43a0000, 0x000001fca47a0000, 0x000001fcab8d0000]
CodeHeap 'non-nmethods': size=5760Kb used=1282Kb max_used=1305Kb free=4477Kb
 bounds [0x000001fcab8d0000, 0x000001fcabb40000, 0x000001fcabe70000]
 total_blobs=2688 nmethods=2190 adapters=408
 compilation: enabled
              stopped_count=0, restarted_count=0
 full_count=0

Compilation events (20 events):
Event: 1.371 Thread 0x000001fcbfd235b0 nmethod 2174 0x000001fcabf49c10 code [0x000001fcabf49da0, 0x000001fcabf49e58]
Event: 1.372 Thread 0x000001fcbfd240d0 2175       1       sun.nio.fs.WindowsPath::getFileSystem (5 bytes)
Event: 1.372 Thread 0x000001fcbfd240d0 nmethod 2175 0x000001fcabf49f10 code [0x000001fcabf4a0a0, 0x000001fcabf4a178]
Event: 1.375 Thread 0x000001fcbfd24bf0 nmethod 2095 0x000001fcabf4a210 code [0x000001fcabf4a560, 0x000001fcabf4ce28]
Event: 1.377 Thread 0x000001fcbfd240d0 2176       3       jdk.internal.misc.Unsafe::checkPrimitivePointer (19 bytes)
Event: 1.377 Thread 0x000001fcbfd240d0 nmethod 2176 0x000001fca4799b90 code [0x000001fca4799da0, 0x000001fca479a3c8]
Event: 1.377 Thread 0x000001fcbfd240d0 2177       3       jdk.internal.misc.Unsafe::checkPointer (19 bytes)
Event: 1.377 Thread 0x000001fcbfd240d0 nmethod 2177 0x000001fca479a610 code [0x000001fca479a7e0, 0x000001fca479ab88]
Event: 1.377 Thread 0x000001fcbfd240d0 2178       1       sun.nio.fs.WindowsFileSystem::provider (5 bytes)
Event: 1.377 Thread 0x000001fcbfd240d0 nmethod 2178 0x000001fcabf4e210 code [0x000001fcabf4e3a0, 0x000001fcabf4e478]
Event: 1.388 Thread 0x000001fcbfd240d0 2179       3       java.lang.invoke.ClassSpecializer$SpeciesData::fieldCount (10 bytes)
Event: 1.389 Thread 0x000001fcbfd240d0 nmethod 2179 0x000001fca479ad10 code [0x000001fca479aec0, 0x000001fca479b0a8]
Event: 1.389 Thread 0x000001fcbfd240d0 2180       3       java.lang.invoke.MethodHandles$Lookup$ClassOption::optionsToFlag (40 bytes)
Event: 1.389 Thread 0x000001fcbfd240d0 nmethod 2180 0x000001fca479b190 code [0x000001fca479b380, 0x000001fca479b888]
Event: 1.389 Thread 0x000001fcbfd240d0 2181       3       java.lang.invoke.MethodHandles$Lookup$ClassDefiner::<init> (58 bytes)
Event: 1.389 Thread 0x000001fcbfd240d0 nmethod 2181 0x000001fca479ba10 code [0x000001fca479bbc0, 0x000001fca479be78]
Event: 1.389 Thread 0x000001fcbfd240d0 2182       3       java.lang.System$2::defineClass (21 bytes)
Event: 1.389 Thread 0x000001fcbfd240d0 nmethod 2182 0x000001fca479bf90 code [0x000001fca479c140, 0x000001fca479c2a8]
Event: 1.389 Thread 0x000001fcbfd240d0 2184       3       java.lang.invoke.InfoFromMemberName::getDeclaringClass (8 bytes)
Event: 1.389 Thread 0x000001fcbfd240d0 nmethod 2184 0x000001fca479c390 code [0x000001fca479c520, 0x000001fca479c658]

GC Heap History (4 events):
Event: 0.654 GC heap before
{Heap before GC invocations=0 (full 0):
 garbage-first heap   total 262144K, used 22528K [0x0000000701200000, 0x0000000800000000)
  region size 2048K, 11 young (22528K), 0 survivors (0K)
 Metaspace       used 5512K, committed 5696K, reserved 1114112K
  class space    used 582K, committed 640K, reserved 1048576K
}
Event: 0.658 GC heap after
{Heap after GC invocations=1 (full 0):
 garbage-first heap   total 262144K, used 6498K [0x0000000701200000, 0x0000000800000000)
  region size 2048K, 2 young (4096K), 2 survivors (4096K)
 Metaspace       used 5512K, committed 5696K, reserved 1114112K
  class space    used 582K, committed 640K, reserved 1048576K
}
Event: 1.215 GC heap before
{Heap before GC invocations=1 (full 0):
 garbage-first heap   total 262144K, used 33122K [0x0000000701200000, 0x0000000800000000)
  region size 2048K, 15 young (30720K), 2 survivors (4096K)
 Metaspace       used 12811K, committed 13056K, reserved 1114112K
  class space    used 1500K, committed 1600K, reserved 1048576K
}
Event: 1.220 GC heap after
{Heap after GC invocations=2 (full 0):
 garbage-first heap   total 262144K, used 8915K [0x0000000701200000, 0x0000000800000000)
  region size 2048K, 2 young (4096K), 2 survivors (4096K)
 Metaspace       used 12811K, committed 13056K, reserved 1114112K
  class space    used 1500K, committed 1600K, reserved 1048576K
}

Dll operation events (13 events):
Event: 0.008 Loaded shared library C:\Program Files\Java\jdk-19\bin\java.dll
Event: 0.018 Loaded shared library C:\Program Files\Java\jdk-19\bin\jsvml.dll
Event: 0.122 Loaded shared library C:\Program Files\Java\jdk-19\bin\zip.dll
Event: 0.127 Loaded shared library C:\Program Files\Java\jdk-19\bin\instrument.dll
Event: 0.130 Loaded shared library C:\Program Files\Java\jdk-19\bin\net.dll
Event: 0.132 Loaded shared library C:\Program Files\Java\jdk-19\bin\nio.dll
Event: 0.135 Loaded shared library C:\Program Files\Java\jdk-19\bin\zip.dll
Event: 0.144 Loaded shared library D:\ITdevelop\IntelliJ IDEA 2022.3.1\bin\breakgen64.dll
Event: 0.151 Loaded shared library C:\Program Files\Java\jdk-19\bin\extnet.dll
Event: 0.235 Loaded shared library C:\Program Files\Java\jdk-19\bin\verify.dll
Event: 0.319 Loaded shared library C:\Program Files\Java\jdk-19\bin\jimage.dll
Event: 1.086 Loaded shared library C:\Program Files\Java\jdk-19\bin\management.dll
Event: 1.088 Loaded shared library C:\Program Files\Java\jdk-19\bin\management_ext.dll

Deoptimization events (20 events):
Event: 1.067 Thread 0x000001fcbfd08fd0 Uncommon trap: trap_request=0xffffff45 fr.pc=0x000001fcabef8c5c relative=0x0000000000000c3c
Event: 1.067 Thread 0x000001fcbfd08fd0 Uncommon trap: reason=unstable_if action=reinterpret pc=0x000001fcabef8c5c method=java.util.concurrent.ConcurrentHashMap.putVal(Ljava/lang/Object;Ljava/lang/Object;Z)Ljava/lang/Object; @ 148 c2
Event: 1.067 Thread 0x000001fcbfd08fd0 DEOPT PACKING pc=0x000001fcabef8c5c sp=0x0000008febcfe230
Event: 1.067 Thread 0x000001fcbfd08fd0 DEOPT UNPACKING pc=0x000001fcab936da3 sp=0x0000008febcfe1a0 mode 2
Event: 1.068 Thread 0x000001fcbfd08fd0 Uncommon trap: trap_request=0xffffff45 fr.pc=0x000001fcabeb10c4 relative=0x0000000000000304
Event: 1.068 Thread 0x000001fcbfd08fd0 Uncommon trap: reason=unstable_if action=reinterpret pc=0x000001fcabeb10c4 method=java.util.regex.Pattern$BmpCharPropertyGreedy.match(Ljava/util/regex/Matcher;ILjava/lang/CharSequence;)Z @ 12 c2
Event: 1.068 Thread 0x000001fcbfd08fd0 DEOPT PACKING pc=0x000001fcabeb10c4 sp=0x0000008febcfe590
Event: 1.068 Thread 0x000001fcbfd08fd0 DEOPT UNPACKING pc=0x000001fcab936da3 sp=0x0000008febcfe528 mode 2
Event: 1.140 Thread 0x000001fc9c43e970 Uncommon trap: trap_request=0xffffff45 fr.pc=0x000001fcabf193a0 relative=0x00000000000015c0
Event: 1.140 Thread 0x000001fc9c43e970 Uncommon trap: reason=unstable_if action=reinterpret pc=0x000001fcabf193a0 method=java.util.concurrent.ConcurrentHashMap.transfer([Ljava/util/concurrent/ConcurrentHashMap$Node;[Ljava/util/concurrent/ConcurrentHashMap$Node;)V @ 26 c2
Event: 1.140 Thread 0x000001fc9c43e970 DEOPT PACKING pc=0x000001fcabf193a0 sp=0x0000008feb2fc800
Event: 1.140 Thread 0x000001fc9c43e970 DEOPT UNPACKING pc=0x000001fcab936da3 sp=0x0000008feb2fc770 mode 2
Event: 1.202 Thread 0x000001fc9c43e970 Uncommon trap: trap_request=0xffffff45 fr.pc=0x000001fcabecd46c relative=0x000000000000024c
Event: 1.202 Thread 0x000001fc9c43e970 Uncommon trap: reason=unstable_if action=reinterpret pc=0x000001fcabecd46c method=java.util.concurrent.ConcurrentHashMap.get(Ljava/lang/Object;)Ljava/lang/Object; @ 86 c2
Event: 1.202 Thread 0x000001fc9c43e970 DEOPT PACKING pc=0x000001fcabecd46c sp=0x0000008feb2fd2a0
Event: 1.202 Thread 0x000001fc9c43e970 DEOPT UNPACKING pc=0x000001fcab936da3 sp=0x0000008feb2fd208 mode 2
Event: 1.244 Thread 0x000001fc9c43e970 Uncommon trap: trap_request=0xffffff45 fr.pc=0x000001fcabeeb868 relative=0x0000000000000c68
Event: 1.244 Thread 0x000001fc9c43e970 Uncommon trap: reason=unstable_if action=reinterpret pc=0x000001fcabeeb868 method=jdk.internal.org.objectweb.asm.SymbolTable.put(Ljdk/internal/org/objectweb/asm/SymbolTable$Entry;)Ljdk/internal/org/objectweb/asm/SymbolTable$Entry; @ 13 c2
Event: 1.244 Thread 0x000001fc9c43e970 DEOPT PACKING pc=0x000001fcabeeb868 sp=0x0000008feb2fd110
Event: 1.244 Thread 0x000001fc9c43e970 DEOPT UNPACKING pc=0x000001fcab936da3 sp=0x0000008feb2fd038 mode 2

Classes loaded (20 events):
Event: 1.313 Loading class java/beans/BeanProperty
Event: 1.313 Loading class java/beans/BeanProperty done
Event: 1.313 Loading class com/sun/beans/introspect/PropertyInfo$Name
Event: 1.313 Loading class com/sun/beans/introspect/PropertyInfo$Name done
Event: 1.313 Loading class java/beans/GenericBeanInfo
Event: 1.313 Loading class java/beans/SimpleBeanInfo
Event: 1.314 Loading class java/beans/SimpleBeanInfo done
Event: 1.314 Loading class java/beans/GenericBeanInfo done
Event: 1.314 Loading class java/util/Hashtable$EntrySet
Event: 1.315 Loading class java/util/Hashtable$EntrySet done
Event: 1.323 Loading class java/util/concurrent/ConcurrentLinkedDeque$Itr
Event: 1.323 Loading class java/util/concurrent/ConcurrentLinkedDeque$AbstractItr
Event: 1.323 Loading class java/util/concurrent/ConcurrentLinkedDeque$AbstractItr done
Event: 1.323 Loading class java/util/concurrent/ConcurrentLinkedDeque$Itr done
Event: 1.330 Loading class java/net/SocketException
Event: 1.330 Loading class java/net/SocketException done
Event: 1.385 Loading class java/util/regex/Pattern$BnM
Event: 1.385 Loading class java/util/regex/Pattern$BnM done
Event: 1.385 Loading class java/util/regex/Pattern$Pos
Event: 1.385 Loading class java/util/regex/Pattern$Pos done

Classes unloaded (0 events):
No events

Classes redefined (0 events):
No events

Internal exceptions (20 events):
Event: 1.149 Thread 0x000001fc9c43e970 Exception <a 'java/lang/NoSuchMethodError'{0x000000070ff77540}: 'void java.lang.invoke.DirectMethodHandle$Holder.invokeSpecial(java.lang.Object, java.lang.Object, java.lang.Object)'> (0x000000070ff77540) 
thrown [s\open\src\hotspot\share\interpreter\linkResolver.cpp, line 774]
Event: 1.156 Thread 0x000001fcc51f3de0 Exception <a 'java/lang/NoClassDefFoundError'{0x000000070ffcc328}: javax/validation/Validation> (0x000000070ffcc328) 
thrown [s\open\src\hotspot\share\classfile\systemDictionary.cpp, line 244]
Event: 1.176 Thread 0x000001fcc51f3de0 Exception <a 'java/lang/NoSuchMethodError'{0x000000070fdc6b00}: 'java.lang.Object java.lang.invoke.DirectMethodHandle$Holder.invokeStaticInit(java.lang.Object, java.lang.Object, java.lang.Object)'> (0x000000070fdc6b00) 
thrown [s\open\src\hotspot\share\interpreter\linkResolver.cpp, line 774]
Event: 1.177 Thread 0x000001fcc51f3de0 Exception <a 'java/lang/NoSuchMethodError'{0x000000070fdcca30}: 'java.lang.Object java.lang.invoke.DirectMethodHandle$Holder.invokeStaticInit(java.lang.Object, java.lang.Object, java.lang.Object, java.lang.Object, java.lang.Object)'> (0x000000070fdcca30) 
thrown [s\open\src\hotspot\share\interpreter\linkResolver.cpp, line 774]
Event: 1.307 Thread 0x000001fc9c43e970 Exception <a 'java/lang/ClassNotFoundException'{0x000000071083e628}: java/lang/ObjectCustomizer> (0x000000071083e628) 
thrown [s\open\src\hotspot\share\classfile\systemDictionary.cpp, line 255]
Event: 1.314 Thread 0x000001fc9c43e970 Exception <a 'java/lang/ClassNotFoundException'{0x0000000710850650}: org/springframework/context/annotation/ConfigurationClassPostProcessorCustomizer> (0x0000000710850650) 
thrown [s\open\src\hotspot\share\classfile\systemDictionary.cpp, line 255]
Event: 1.316 Thread 0x000001fc9c43e970 Exception <a 'java/lang/ClassNotFoundException'{0x00000007108662b0}: org/springframework/beans/factory/support/BeanDefinitionRegistryPostProcessorCustomizer> (0x00000007108662b0) 
thrown [s\open\src\hotspot\share\classfile\systemDictionary.cpp, line 255]
Event: 1.317 Thread 0x000001fc9c43e970 Exception <a 'java/lang/ClassNotFoundException'{0x000000071086b048}: org/springframework/beans/factory/config/BeanFactoryPostProcessorCustomizer> (0x000000071086b048) 
thrown [s\open\src\hotspot\share\classfile\systemDictionary.cpp, line 255]
Event: 1.317 Thread 0x000001fc9c43e970 Exception <a 'java/lang/ClassNotFoundException'{0x000000071086fb08}: org/springframework/core/PriorityOrderedCustomizer> (0x000000071086fb08) 
thrown [s\open\src\hotspot\share\classfile\systemDictionary.cpp, line 255]
Event: 1.318 Thread 0x000001fc9c43e970 Exception <a 'java/lang/ClassNotFoundException'{0x00000007108731e0}: org/springframework/core/OrderedCustomizer> (0x00000007108731e0) 
thrown [s\open\src\hotspot\share\classfile\systemDictionary.cpp, line 255]
Event: 1.318 Thread 0x000001fc9c43e970 Exception <a 'java/lang/ClassNotFoundException'{0x0000000710877b40}: org/springframework/context/ResourceLoaderAwareCustomizer> (0x0000000710877b40) 
thrown [s\open\src\hotspot\share\classfile\systemDictionary.cpp, line 255]
Event: 1.319 Thread 0x000001fc9c43e970 Exception <a 'java/lang/ClassNotFoundException'{0x000000071087c5a8}: org/springframework/beans/factory/AwareCustomizer> (0x000000071087c5a8) 
thrown [s\open\src\hotspot\share\classfile\systemDictionary.cpp, line 255]
Event: 1.319 Thread 0x000001fc9c43e970 Exception <a 'java/lang/ClassNotFoundException'{0x0000000710880088}: org/springframework/context/ApplicationStartupAwareCustomizer> (0x0000000710880088) 
thrown [s\open\src\hotspot\share\classfile\systemDictionary.cpp, line 255]
Event: 1.319 Thread 0x000001fc9c43e970 Exception <a 'java/lang/ClassNotFoundException'{0x0000000710884d78}: org/springframework/beans/factory/AwareCustomizer> (0x0000000710884d78) 
thrown [s\open\src\hotspot\share\classfile\systemDictionary.cpp, line 255]
Event: 1.320 Thread 0x000001fc9c43e970 Exception <a 'java/lang/ClassNotFoundException'{0x00000007108888a0}: org/springframework/beans/factory/BeanClassLoaderAwareCustomizer> (0x00000007108888a0) 
thrown [s\open\src\hotspot\share\classfile\systemDictionary.cpp, line 255]
Event: 1.320 Thread 0x000001fc9c43e970 Exception <a 'java/lang/ClassNotFoundException'{0x000000071088d2f0}: org/springframework/beans/factory/AwareCustomizer> (0x000000071088d2f0) 
thrown [s\open\src\hotspot\share\classfile\systemDictionary.cpp, line 255]
Event: 1.320 Thread 0x000001fc9c43e970 Exception <a 'java/lang/ClassNotFoundException'{0x0000000710890b58}: org/springframework/context/EnvironmentAwareCustomizer> (0x0000000710890b58) 
thrown [s\open\src\hotspot\share\classfile\systemDictionary.cpp, line 255]
Event: 1.320 Thread 0x000001fc9c43e970 Exception <a 'java/lang/ClassNotFoundException'{0x00000007109583c0}: org/springframework/beans/factory/AwareCustomizer> (0x00000007109583c0) 
thrown [s\open\src\hotspot\share\classfile\systemDictionary.cpp, line 255]
Event: 1.395 Thread 0x000001fcc51f3de0 Exception <a 'java/lang/NoSuchMethodError'{0x00000007103c3b70}: 'long java.lang.invoke.DirectMethodHandle$Holder.invokeStatic(java.lang.Object, java.lang.Object)'> (0x00000007103c3b70) 
thrown [s\open\src\hotspot\share\interpreter\linkResolver.cpp, line 774]
Event: 1.395 Thread 0x000001fcc51f3de0 Exception <a 'java/lang/NoSuchMethodError'{0x00000007103c7178}: 'long java.lang.invoke.DirectMethodHandle$Holder.invokeStaticInit(java.lang.Object, java.lang.Object)'> (0x00000007103c7178) 
thrown [s\open\src\hotspot\share\interpreter\linkResolver.cpp, line 774]

VM Operations (20 events):
Event: 0.628 Executing VM operation: HandshakeAllThreads
Event: 0.628 Executing VM operation: HandshakeAllThreads done
Event: 0.654 Executing VM operation: G1CollectForAllocation
Event: 0.658 Executing VM operation: G1CollectForAllocation done
Event: 0.659 Executing VM operation: HandshakeAllThreads
Event: 0.660 Executing VM operation: HandshakeAllThreads done
Event: 0.853 Executing VM operation: HandshakeAllThreads
Event: 0.853 Executing VM operation: HandshakeAllThreads done
Event: 1.024 Executing VM operation: HandshakeAllThreads
Event: 1.024 Executing VM operation: HandshakeAllThreads done
Event: 1.084 Executing VM operation: ICBufferFull
Event: 1.084 Executing VM operation: ICBufferFull done
Event: 1.215 Executing VM operation: G1CollectForAllocation
Event: 1.220 Executing VM operation: G1CollectForAllocation done
Event: 1.276 Executing VM operation: HandshakeAllThreads
Event: 1.276 Executing VM operation: HandshakeAllThreads done
Event: 1.312 Executing VM operation: HandshakeAllThreads
Event: 1.312 Executing VM operation: HandshakeAllThreads done
Event: 1.333 Executing VM operation: HandshakeAllThreads
Event: 1.333 Executing VM operation: HandshakeAllThreads done

Events (16 events):
Event: 0.018 Thread 0x000001fc9c43e970 Thread added: 0x000001fc9c43e970
Event: 0.035 Thread 0x000001fcbfd01300 Thread added: 0x000001fcbfd01300
Event: 0.035 Thread 0x000001fcbfd02e40 Thread added: 0x000001fcbfd02e40
Event: 0.036 Thread 0x000001fcbfd07d90 Thread added: 0x000001fcbfd07d90
Event: 0.036 Thread 0x000001fcbfd08fd0 Thread added: 0x000001fcbfd08fd0
Event: 0.036 Thread 0x000001fcbfd09900 Thread added: 0x000001fcbfd09900
Event: 0.036 Thread 0x000001fcbfd0a230 Thread added: 0x000001fcbfd0a230
Event: 0.036 Thread 0x000001fcbfd1f010 Thread added: 0x000001fcbfd1f010
Event: 0.036 Thread 0x000001fcbfd240d0 Thread added: 0x000001fcbfd240d0
Event: 0.036 Thread 0x000001fcbfd25d90 Thread added: 0x000001fcbfd25d90
Event: 0.104 Thread 0x000001fcbfcd03c0 Thread added: 0x000001fcbfcd03c0
Event: 0.144 Thread 0x000001fcc41ec3e0 Thread added: 0x000001fcc41ec3e0
Event: 0.144 Thread 0x000001fcc41ec920 Thread added: 0x000001fcc41ec920
Event: 0.198 Thread 0x000001fcbfd235b0 Thread added: 0x000001fcbfd235b0
Event: 0.315 Thread 0x000001fcbfd24bf0 Thread added: 0x000001fcbfd24bf0
Event: 1.153 Thread 0x000001fcc51f3de0 Thread added: 0x000001fcc51f3de0


Dynamic libraries:
0x00007ff703ca0000 - 0x00007ff703cb0000 	C:\Program Files\Java\jdk-19\bin\java.exe
0x00007ffe857d0000 - 0x00007ffe859c8000 	C:\WINDOWS\SYSTEM32\ntdll.dll
0x00007ffe84f40000 - 0x00007ffe84fff000 	C:\WINDOWS\System32\KERNEL32.DLL
0x00007ffe82ff0000 - 0x00007ffe832c2000 	C:\WINDOWS\System32\KERNELBASE.dll
0x00007ffe832d0000 - 0x00007ffe833d0000 	C:\WINDOWS\System32\ucrtbase.dll
0x00007ffe5c580000 - 0x00007ffe5c598000 	C:\Program Files\Java\jdk-19\bin\jli.dll
0x00007ffe5c070000 - 0x00007ffe5c08b000 	C:\Program Files\Java\jdk-19\bin\VCRUNTIME140.dll
0x00007ffe85140000 - 0x00007ffe851ee000 	C:\WINDOWS\System32\ADVAPI32.dll
0x00007ffe85400000 - 0x00007ffe8549e000 	C:\WINDOWS\System32\msvcrt.dll
0x00007ffe85520000 - 0x00007ffe855bc000 	C:\WINDOWS\System32\sechost.dll
0x00007ffe851f0000 - 0x00007ffe85315000 	C:\WINDOWS\System32\RPCRT4.dll
0x00007ffe84630000 - 0x00007ffe847d1000 	C:\WINDOWS\System32\USER32.dll
0x00007ffe82fc0000 - 0x00007ffe82fe2000 	C:\WINDOWS\System32\win32u.dll
0x00007ffe69c50000 - 0x00007ffe69eea000 	C:\WINDOWS\WinSxS\amd64_microsoft.windows.common-controls_6595b64144ccf1df_6.0.19041.1110_none_60b5254171f9507e\COMCTL32.dll
0x00007ffe84570000 - 0x00007ffe8459b000 	C:\WINDOWS\System32\GDI32.dll
0x00007ffe83470000 - 0x00007ffe8357f000 	C:\WINDOWS\System32\gdi32full.dll
0x00007ffe833d0000 - 0x00007ffe8346d000 	C:\WINDOWS\System32\msvcp_win.dll
0x00007ffe7d270000 - 0x00007ffe7d27a000 	C:\WINDOWS\SYSTEM32\VERSION.dll
0x00007ffe85750000 - 0x00007ffe85782000 	C:\WINDOWS\System32\IMM32.DLL
0x00007ffe5df40000 - 0x00007ffe5df4c000 	C:\Program Files\Java\jdk-19\bin\vcruntime140_1.dll
0x00007ffe4a240000 - 0x00007ffe4a2ce000 	C:\Program Files\Java\jdk-19\bin\msvcp140.dll
0x00007ffe02cc0000 - 0x00007ffe03980000 	C:\Program Files\Java\jdk-19\bin\server\jvm.dll
0x00007ffe7c690000 - 0x00007ffe7c6b7000 	C:\WINDOWS\SYSTEM32\WINMM.dll
0x00007ffe5fce0000 - 0x00007ffe5fce9000 	C:\WINDOWS\SYSTEM32\WSOCK32.dll
0x00007ffe83a30000 - 0x00007ffe83a9b000 	C:\WINDOWS\System32\WS2_32.dll
0x00007ffe80da0000 - 0x00007ffe80db2000 	C:\WINDOWS\SYSTEM32\kernel.appcore.dll
0x00007ffe5de40000 - 0x00007ffe5de4a000 	C:\Program Files\Java\jdk-19\bin\jimage.dll
0x00007ffe7c790000 - 0x00007ffe7c974000 	C:\WINDOWS\SYSTEM32\DBGHELP.DLL
0x00007ffe72c60000 - 0x00007ffe72c95000 	C:\WINDOWS\SYSTEM32\dbgcore.DLL
0x00007ffe83580000 - 0x00007ffe83602000 	C:\WINDOWS\System32\bcryptPrimitives.dll
0x00007ffe7eb30000 - 0x00007ffe7eb3e000 	C:\Program Files\Java\jdk-19\bin\instrument.dll
0x00007ffe5c040000 - 0x00007ffe5c066000 	C:\Program Files\Java\jdk-19\bin\java.dll
0x00007ffe4a160000 - 0x00007ffe4a237000 	C:\Program Files\Java\jdk-19\bin\jsvml.dll
0x00007ffe847f0000 - 0x00007ffe84f35000 	C:\WINDOWS\System32\SHELL32.dll
0x00007ffe80fa0000 - 0x00007ffe81732000 	C:\WINDOWS\SYSTEM32\windows.storage.dll
0x00007ffe84210000 - 0x00007ffe84565000 	C:\WINDOWS\System32\combase.dll
0x00007ffe828b0000 - 0x00007ffe828e0000 	C:\WINDOWS\SYSTEM32\Wldp.dll
0x00007ffe85020000 - 0x00007ffe850cd000 	C:\WINDOWS\System32\SHCORE.dll
0x00007ffe83c70000 - 0x00007ffe83cc5000 	C:\WINDOWS\System32\shlwapi.dll
0x00007ffe82e00000 - 0x00007ffe82e1f000 	C:\WINDOWS\SYSTEM32\profapi.dll
0x00007ffe54ba0000 - 0x00007ffe54bb8000 	C:\Program Files\Java\jdk-19\bin\zip.dll
0x00007ffe5c020000 - 0x00007ffe5c033000 	C:\Program Files\Java\jdk-19\bin\net.dll
0x00007ffe7bbb0000 - 0x00007ffe7bcbc000 	C:\WINDOWS\SYSTEM32\WINHTTP.dll
0x00007ffe825a0000 - 0x00007ffe8260a000 	C:\WINDOWS\system32\mswsock.dll
0x00007ffe56650000 - 0x00007ffe56666000 	C:\Program Files\Java\jdk-19\bin\nio.dll
0x00007ffe7eaf0000 - 0x00007ffe7eb0a000 	D:\ITdevelop\IntelliJ IDEA 2022.3.1\bin\breakgen64.dll
0x00007ffe5ddf0000 - 0x00007ffe5ddf8000 	C:\Program Files\Java\jdk-19\bin\extnet.dll
0x00007ffe5c870000 - 0x00007ffe5c880000 	C:\Program Files\Java\jdk-19\bin\verify.dll
0x00007ffe7eb70000 - 0x00007ffe7eb7a000 	C:\Program Files\Java\jdk-19\bin\management.dll
0x00007ffe7eb60000 - 0x00007ffe7eb6b000 	C:\Program Files\Java\jdk-19\bin\management_ext.dll
0x00007ffe83a20000 - 0x00007ffe83a28000 	C:\WINDOWS\System32\PSAPI.DLL
0x00007ffe641c0000 - 0x00007ffe641d7000 	C:\WINDOWS\system32\napinsp.dll
0x00007ffe63fe0000 - 0x00007ffe63ffb000 	C:\WINDOWS\system32\pnrpnsp.dll
0x00007ffe64390000 - 0x00007ffe643a5000 	C:\WINDOWS\system32\wshbth.dll
0x00007ffe7e9e0000 - 0x00007ffe7e9fd000 	C:\WINDOWS\system32\NLAapi.dll
0x00007ffe82290000 - 0x00007ffe822cb000 	C:\WINDOWS\SYSTEM32\IPHLPAPI.DLL
0x00007ffe822d0000 - 0x00007ffe8239b000 	C:\WINDOWS\SYSTEM32\DNSAPI.dll
0x00007ffe847e0000 - 0x00007ffe847e8000 	C:\WINDOWS\System32\NSI.dll
0x00007ffe636d0000 - 0x00007ffe636e2000 	C:\WINDOWS\System32\winrnr.dll
0x00007ffe7bd40000 - 0x00007ffe7bd4a000 	C:\Windows\System32\rasadhlp.dll
0x00007ffe77a40000 - 0x00007ffe77ac0000 	C:\WINDOWS\System32\fwpuclnt.dll
0x00007ffe83610000 - 0x00007ffe83637000 	C:\WINDOWS\System32\bcrypt.dll

dbghelp: loaded successfully - version: 4.0.5 - missing functions: none
symbol engine: initialized successfully - sym options: 0x614 - pdb path: .;C:\Program Files\Java\jdk-19\bin;C:\WINDOWS\SYSTEM32;C:\WINDOWS\WinSxS\amd64_microsoft.windows.common-controls_6595b64144ccf1df_6.0.19041.1110_none_60b5254171f9507e;C:\Program Files\Java\jdk-19\bin\server;D:\ITdevelop\IntelliJ IDEA 2022.3.1\bin

VM Arguments:
jvm_args: -ea -Didea.test.cyclic.buffer.size=1048576 -javaagent:D:\ITdevelop\IntelliJ IDEA 2022.3.1\lib\idea_rt.jar=8662:D:\ITdevelop\IntelliJ IDEA 2022.3.1\bin -Dfile.encoding=UTF-8 -Dsun.stdout.encoding=UTF-8 -Dsun.stderr.encoding=UTF-8 
java_command: com.intellij.rt.junit.JUnitStarter -ideVersion5 -junit4 com.by.store.mapper.CartMapperTest,findVOByCids
java_class_path (initial): D:\ITdevelop\IntelliJ IDEA 2022.3.1\lib\idea_rt.jar;D:\ITdevelop\IntelliJ IDEA 2022.3.1\plugins\junit\lib\junit5-rt.jar;D:\ITdevelop\IntelliJ IDEA 2022.3.1\plugins\junit\lib\junit-rt.jar;F:\springboot\store\target\test-classes;F:\springboot\store\target\classes;C:\Users\b2723\.m2\repository\org\springframework\boot\spring-boot-starter-web\2.6.11\spring-boot-starter-web-2.6.11.jar;C:\Users\b2723\.m2\repository\org\springframework\boot\spring-boot-starter\2.6.11\spring-boot-starter-2.6.11.jar;C:\Users\b2723\.m2\repository\org\springframework\boot\spring-boot\2.6.11\spring-boot-2.6.11.jar;C:\Users\b2723\.m2\repository\org\springframework\boot\spring-boot-autoconfigure\2.6.11\spring-boot-autoconfigure-2.6.11.jar;C:\Users\b2723\.m2\repository\org\springframework\boot\spring-boot-starter-logging\2.6.11\spring-boot-starter-logging-2.6.11.jar;C:\Users\b2723\.m2\repository\ch\qos\logback\logback-classic\1.2.11\logback-classic-1.2.11.jar;C:\Users\b2723\.m2\repository\ch\qos\logback\logback-core\1.2.11\logback-core-1.2.11.jar;C:\Users\b2723\.m2\repository\org\apache\logging\log4j\log4j-to-slf4j\2.17.2\log4j-to-slf4j-2.17.2.jar;C:\Users\b2723\.m2\repository\org\apache\logging\log4j\log4j-api\2.17.2\log4j-api-2.17.2.jar;C:\Users\b2723\.m2\repository\org\slf4j\jul-to-slf4j\1.7.36\jul-to-slf4j-1.7.36.jar;C:\Users\b2723\.m2\repository\jakarta\annotation\jakarta.annotation-api\1.3.5\jakarta.annotation-api-1.3.5.jar;C:\Users\b2723\.m2\repository\org\yaml\snakeyaml\1.29\snakeyaml-1.29.jar;C:\Users\b2723\.m2\repository\org\springframework\boot\spring-boot-starter-json\2.6.11\spring-boot-starter-json-2.6.11.jar;C:\Users\b2723\.m2\repository\com\fasterxml\jackson\core\jackson-databind\2.13.3\jackson-databind-2.13.3.jar;C:\Users\b2723\.m2\repository\com\fasterxml\jackson\core\jackson-annotations\2.13.3\jackson-annotations-2.13.3.jar;C:\Users\b2723\.m2\repository\com\fasterxml\jackson\core\jackson-core\2.13.3\jackson-core-2.13.3.jar;C:\Users\b2723\.m2\repository\com\fasterxml\jackson\datatype\jackson-datatype-jdk8\2.13.3\jackson-datatype-jdk8-2.13.3.jar;C:\Users\b2723\.m2\repository\com\fasterxml\jackson\datatype\jackson-datatype-jsr310\2.13.3\jackson-datatype-jsr310-2.13.3.jar;C:\Users\b2723\.m2\repository\com\fasterxml\jackson\module\jackson-module-parameter-names\2.13.3\jackson-module-parameter-names-2.13.3.jar;C:\Users\b2723\.m2\repository\org\springframework\boot\spring-boot-starter-tomcat\2.6.11\spring-boot-starter-tomcat-2.6.11.jar;C:\Users\b2723\.m2\repository\org\apache\tomcat\embed\tomcat-embed-core\9.0.65\tomcat-embed-core-9.0.65.jar;C:\Users\b2723\.m2\repository\org\apache\tomcat\embed\tomcat-embed-el\9.0.65\tomcat-embed-el-9.0.65.jar;C:\Users\b2723\.m2\repository\org\apache\tomcat\embed\tomcat-embed-websocket\9.0.65\tomcat-embed-websocket-9.0.65.jar;C:\Users\b2723\.m2\repository\org\springframework\spring-web\5.3.22\spring-web-5.3.22.jar;C:\Users\b2723\.m2\repository\org\springframework\spring-beans\5.3.22\spring-beans-5.3.22.jar;C:\Users\b2723\.m2\repository\org\springframework\spring-webmvc\5.3.22\spring-webmvc-5.3.22.jar;C:\Users\b2723\.m2\repository\org\springframework\spring-aop\5.3.22\spring-aop-5.3.22.jar;C:\Users\b2723\.m2\repository\org\springframework\spring-context\5.3.22\spring-context-5.3.22.jar;C:\Users\b2723\.m2\repository\org\springframework\spring-expression\5.3.22\spring-expression-5.3.22.jar;C:\Users\b2723\.m2\repository\org\mybatis\spring\boot\mybatis-spring-boot-starter\2.2.2\mybatis-spring-boot-starter-2.2.2.jar;C:\Users\b2723\.m2\repository\org\springframework\boot\spring-boot-starter-jdbc\2.6.11\spring-boot-starter-jdbc-2.6.11.jar;C:\Users\b2723\.m2\repository\com\zaxxer\HikariCP\4.0.3\HikariCP-4.0.3.jar;C:\Users\b2723\.m2\repository\org\springframework\spring-jdbc\5.3.22\spring-jdbc-5.3.22.jar;C:\Users\b2723\.m2\repository\org\springframework\spring-tx\5.3.22\spring-tx-5.3.22.jar;C:\Users\b2723\.m2\repository\org\mybatis\spring\boot\mybatis-spring-boot-autoconfigure\2.2.2\mybatis-spring-boot-autoconfigure-2.2.2.jar;C:\Users\b2723\.m2\repository\org\mybatis\mybatis\3.5.9\mybatis-3.5.9.jar;C:\Users\b2723\.m2\repository\org\mybatis\mybatis-spring\2.0.7\mybatis-spring-2.0.7.jar;C:\Users\b2723\.m2\repository\com\mysql\mysql-connector-j\8.0.31\mysql-connector-j-8.0.31.jar;C:\Users\b2723\.m2\repository\com\google\protobuf\protobuf-java\3.19.4\protobuf-java-3.19.4.jar;C:\Users\b2723\.m2\repository\org\springframework\boot\spring-boot-starter-test\2.6.11\spring-boot-starter-test-2.6.11.jar;C:\Users\b2723\.m2\repository\org\springframework\boot\spring-boot-test\2.6.11\spring-boot-test-2.6.11.jar;C:\Users\b2723\.m2\repository\org\springframework\boot\spring-boot-test-autoconfigure\2.6.11\spring-boot-test-autoconfigure-2.6.11.jar;C:\Users\b2723\.m2\repository\com\jayway\jsonpath\json-path\2.6.0\json-path-2.6.0.jar;C:\Users\b2723\.m2\repository\net\minidev\json-smart\2.4.8\json-smart-2.4.8.jar;C:\Users\b2723\.m2\repository\net\minidev\accessors-smart\2.4.8\accessors-smart-2.4.8.jar;C:\Users\b2723\.m2\repository\org\ow2\asm\asm\9.1\asm-9.1.jar;C:\Users\b2723\.m2\repository\org\slf4j\slf4j-api\1.7.36\slf4j-api-1.7.36.jar;C:\Users\b2723\.m2\repository\jakarta\xml\bind\jakarta.xml.bind-api\2.3.3\jakarta.xml.bind-api-2.3.3.jar;C:\Users\b2723\.m2\repository\jakarta\activation\jakarta.activation-api\1.2.2\jakarta.activation-api-1.2.2.jar;C:\Users\b2723\.m2\repository\org\assertj\assertj-core\3.21.0\assertj-core-3.21.0.jar;C:\Users\b2723\.m2\repository\org\hamcrest\hamcrest\2.2\hamcrest-2.2.jar;C:\Users\b2723\.m2\repository\org\junit\jupiter\junit-jupiter\5.8.2\junit-jupiter-5.8.2.jar;C:\Users\b2723\.m2\repository\org\junit\jupiter\junit-jupiter-api\5.8.2\junit-jupiter-api-5.8.2.jar;C:\Users\b2723\.m2\repository\org\opentest4j\opentest4j\1.2.0\opentest4j-1.2.0.jar;C:\Users\b2723\.m2\repository\org\junit\platform\junit-platform-commons\1.8.2\junit-platform-commons-1.8.2.jar;C:\Users\b2723\.m2\repository\org\apiguardian\apiguardian-api\1.1.2\apiguardian-api-1.1.2.jar;C:\Users\b2723\.m2\repository\org\junit\jupiter\junit-jupiter-params\5.8.2\junit-jupiter-params-5.8.2.jar;C:\Users\b2723\.m2\repository\org\junit\jupiter\junit-jupiter-engine\5.8.2\junit-jupiter-engine-5.8.2.jar;C:\Users\b2723\.m2\repository\org\junit\platform\junit-platform-engine\1.8.2\junit-platform-engine-1.8.2.jar;C:\Users\b2723\.m2\repository\org\mockito\mockito-core\4.0.0\mockito-core-4.0.0.jar;C:\Users\b2723\.m2\repository\net\bytebuddy\byte-buddy\1.11.22\byte-buddy-1.11.22.jar;C:\Users\b2723\.m2\repository\net\bytebuddy\byte-buddy-agent\1.11.22\byte-buddy-agent-1.11.22.jar;C:\Users\b2723\.m2\repository\org\objenesis\objenesis\3.2\objenesis-3.2.jar;C:\Users\b2723\.m2\repository\org\mockito\mockito-junit-jupiter\4.0.0\mockito-junit-jupiter-4.0.0.jar;C:\Users\b2723\.m2\repository\org\skyscreamer\jsonassert\1.5.1\jsonassert-1.5.1.jar;C:\Users\b2723\.m2\repository\com\vaadin\external\google\android-json\0.0.20131108.vaadin1\android-json-0.0.20131108.vaadin1.jar;C:\Users\b2723\.m2\repository\org\springframework\spring-core\5.3.22\spring-core-5.3.22.jar;C:\Users\b2723\.m2\repository\org\springframework\spring-jcl\5.3.22\spring-jcl-5.3.22.jar;C:\Users\b2723\.m2\repository\org\springframework\spring-test\5.3.22\spring-test-5.3.22.jar;C:\Users\b2723\.m2\repository\org\xmlunit\xmlunit-core\2.8.4\xmlunit-core-2.8.4.jar;C:\Users\b2723\.m2\repository\org\projectlombok\lombok\1.18.24\lombok-1.18.24.jar;C:\Users\b2723\.m2\repository\junit\junit\4.13.2\junit-4.13.2.jar;C:\Users\b2723\.m2\repository\org\hamcrest\hamcrest-core\2.2\hamcrest-core-2.2.jar
Launcher Type: SUN_STANDARD

[Global flags]
     intx CICompilerCount                          = 4                                         {product} {ergonomic}
     uint ConcGCThreads                            = 3                                         {product} {ergonomic}
     uint G1ConcRefinementThreads                  = 10                                        {product} {ergonomic}
   size_t G1HeapRegionSize                         = 2097152                                   {product} {ergonomic}
    uintx GCDrainStackTargetSize                   = 64                                        {product} {ergonomic}
   size_t InitialHeapSize                          = 268435456                                 {product} {ergonomic}
   size_t MarkStackSize                            = 4194304                                   {product} {ergonomic}
   size_t MaxHeapSize                              = 4276092928                                {product} {ergonomic}
   size_t MaxNewSize                               = 2564816896                                {product} {ergonomic}
   size_t MinHeapDeltaBytes                        = 2097152                                   {product} {ergonomic}
   size_t MinHeapSize                              = 8388608                                   {product} {ergonomic}
    uintx NonNMethodCodeHeapSize                   = 5839372                                {pd product} {ergonomic}
    uintx NonProfiledCodeHeapSize                  = 122909434                              {pd product} {ergonomic}
    uintx ProfiledCodeHeapSize                     = 122909434                              {pd product} {ergonomic}
    uintx ReservedCodeCacheSize                    = 251658240                              {pd product} {ergonomic}
     bool SegmentedCodeCache                       = true                                      {product} {ergonomic}
   size_t SoftMaxHeapSize                          = 4276092928                             {manageable} {ergonomic}
     bool UseCompressedClassPointers               = true                           {product lp64_product} {ergonomic}
     bool UseCompressedOops                        = true                           {product lp64_product} {ergonomic}
     bool UseG1GC                                  = true                                      {product} {ergonomic}
     bool UseLargePagesIndividualAllocation        = false                                  {pd product} {ergonomic}

Logging:
Log output configuration:
 #0: stdout all=warning uptime,level,tags foldmultilines=false
 #1: stderr all=off uptime,level,tags foldmultilines=false

Environment Variables:
JAVA_HOME=C:\Program Files\Java\jdk-19
CLASSPATH=.;C:\Program Files\Java\jdk-19\lib\dt.jar;C:\Program Files\Java\jdk-19\lib\tools.jar; 
PATH=C:\Program Files\Java\jdk-19\bin;C:\Program Files\Java\jdk-19\jre\bin;C:\Program Files\Common Files\Oracle\Java\javapath;C:\WINDOWS\system32;C:\WINDOWS;C:\WINDOWS\System32\Wbem;C:\WINDOWS\System32\WindowsPowerShell\v1.0;C:\Program Files\MySQL\MySQL Shell 8.0\bin\;D:\python\Scripts\;D:\python\;C:\Users\b2723\AppData\Local\Microsoft\WindowsApps;D:\DataGrip 2022.3.3\bin;;D:\Microsoft VS Code\bin;C:\Users\b2723\AppData\Local\GitHubDesktop\bin
USERNAME=b2723
OS=Windows_NT
PROCESSOR_IDENTIFIER=AMD64 Family 23 Model 113 Stepping 0, AuthenticAMD
TMP=C:\Users\b2723\AppData\Local\Temp
TEMP=C:\Users\b2723\AppData\Local\Temp



---------------  S Y S T E M  ---------------

OS:
 Windows 10 , 64 bit Build 19041 (10.0.19041.2546)
OS uptime: 0 days 5:08 hours

CPU: total 12 (initial active 12) (12 cores per cpu, 2 threads per core) family 23 model 113 stepping 0 microcode 0x0, cx8, cmov, fxsr, ht, mmx, 3dnowpref, sse, sse2, sse3, ssse3, sse4a, sse4.1, sse4.2, popcnt, lzcnt, tsc, tscinvbit, avx, avx2, aes, clmul, bmi1, bmi2, adx, sha, fma, vzeroupper, clflush, clflushopt, rdtscp, rdpid

Memory: 4k page, system-wide physical 16306M (2761M free)
TotalPageFile size 28306M (AvailPageFile size 5M)
current process WorkingSet (physical memory assigned to process): 120M, peak: 120M
current process commit charge ("private bytes"): 391M, peak: 391M

vm_info: Java HotSpot(TM) 64-Bit Server VM (19.0.2+7-44) for windows-amd64 JRE (19.0.2+7-44), built on 2022-11-30T18:02:09Z by "mach5one" with MS VC++ 17.1 (VS2022)

END.
