#
# There is insufficient memory for the Java Runtime Environment to continue.
# Native memory allocation (malloc) failed to allocate 114256 bytes for Chunk::new
# Possible reasons:
#   The system is out of physical RAM or swap space
#   The process is running with CompressedOops enabled, and the Java Heap may be blocking the growth of the native heap
# Possible solutions:
#   Reduce memory load on the system
#   Increase physical memory or swap space
#   Check if swap backing store is full
#   Decrease Java heap size (-Xmx/-Xms)
#   Decrease number of Java threads
#   Decrease Java thread stack sizes (-Xss)
#   Set larger code cache with -XX:ReservedCodeCacheSize=
#   JVM is running with Zero Based Compressed Oops mode in which the Java heap is
#     placed in the first 32GB address space. The Java Heap base address is the
#     maximum limit for the native heap growth. Please use -XX:HeapBaseMinAddress
#     to set the Java Heap base and to place the Java Heap above 32GB virtual address.
# This output file may be truncated or incomplete.
#
#  Out of Memory Error (arena.cpp:184), pid=12748, tid=18428
#
# JRE version: Java(TM) SE Runtime Environment (19.0.2+7) (build 19.0.2+7-44)
# Java VM: Java HotSpot(TM) 64-Bit Server VM (19.0.2+7-44, mixed mode, sharing, tiered, compressed oops, compressed class ptrs, g1 gc, windows-amd64)
# No core dump will be written. Minidumps are not enabled by default on client versions of Windows
#

---------------  S U M M A R Y ------------

Command Line: -ea -Didea.test.cyclic.buffer.size=1048576 -javaagent:D:\ITdevelop\IntelliJ IDEA 2022.3.1\lib\idea_rt.jar=5466:D:\ITdevelop\IntelliJ IDEA 2022.3.1\bin -Dfile.encoding=UTF-8 -Dsun.stdout.encoding=UTF-8 -Dsun.stderr.encoding=UTF-8 com.intellij.rt.junit.JUnitStarter -ideVersion5 -junit4 com.cy.store.service.OrderServiceTest,create

Host: AMD Ryzen 5 3600 6-Core Processor              , 12 cores, 15G,  Windows 10 , 64 bit Build 19041 (10.0.19041.2546)
Time: Sat Apr  1 16:35:47 2023  Windows 10 , 64 bit Build 19041 (10.0.19041.2546) elapsed time: 0.301255 seconds (0d 0h 0m 0s)

---------------  T H R E A D  ---------------

Current thread (0x000001dc3b57ea00):  JavaThread "C2 CompilerThread0" daemon [_thread_in_native, id=18428, stack(0x0000003316d00000,0x0000003316e00000)]


Current CompileTask:
C2:    301  532   !   4       java.util.zip.ZipFile$Source::getEntryPos (195 bytes)

Stack: [0x0000003316d00000,0x0000003316e00000]
Native frames: (J=compiled Java code, j=interpreted, Vv=VM code, C=native code)
V  [jvm.dll+0x6ee21a]
V  [jvm.dll+0x85765e]
V  [jvm.dll+0x85904e]
V  [jvm.dll+0x859703]
V  [jvm.dll+0x28298f]
V  [jvm.dll+0xc9adf]
V  [jvm.dll+0xc9e65]
V  [jvm.dll+0x2f7caf]
V  [jvm.dll+0x5f076b]
V  [jvm.dll+0x255483]
V  [jvm.dll+0x24df0e]
V  [jvm.dll+0x24b673]
V  [jvm.dll+0x1d6ce1]
V  [jvm.dll+0x25b25a]
V  [jvm.dll+0x2596e8]
V  [jvm.dll+0x807588]
V  [jvm.dll+0x80125a]
V  [jvm.dll+0x6ecf0b]
C  [ucrtbase.dll+0x21bb2]
C  [KERNEL32.DLL+0x17614]
C  [ntdll.dll+0x526a1]


---------------  P R O C E S S  ---------------

Threads class SMR info:
_java_thread_list=0x000001dc3fa44d40, length=15, elements={
0x000001dc17caba10, 0x000001dc3b561800, 0x000001dc3b562790, 0x000001dc3b568ca0,
0x000001dc3b56a930, 0x000001dc3b56b970, 0x000001dc3b56d3b0, 0x000001dc3b57ea00,
0x000001dc3b57f190, 0x000001dc3b582730, 0x000001dc3f8e2790, 0x000001dc3fa67300,
0x000001dc3fa67840, 0x000001dc3fa45910, 0x000001dc3fadccc0
}

Java Threads: ( => current thread )
  0x000001dc17caba10 JavaThread "main" [_thread_in_vm, id=10296, stack(0x0000003316000000,0x0000003316100000)]
  0x000001dc3b561800 JavaThread "Reference Handler" daemon [_thread_blocked, id=15364, stack(0x0000003316700000,0x0000003316800000)]
  0x000001dc3b562790 JavaThread "Finalizer" daemon [_thread_blocked, id=8332, stack(0x0000003316800000,0x0000003316900000)]
  0x000001dc3b568ca0 JavaThread "Signal Dispatcher" daemon [_thread_blocked, id=7176, stack(0x0000003316900000,0x0000003316a00000)]
  0x000001dc3b56a930 JavaThread "Attach Listener" daemon [_thread_blocked, id=8808, stack(0x0000003316a00000,0x0000003316b00000)]
  0x000001dc3b56b970 JavaThread "Service Thread" daemon [_thread_blocked, id=17392, stack(0x0000003316b00000,0x0000003316c00000)]
  0x000001dc3b56d3b0 JavaThread "Monitor Deflation Thread" daemon [_thread_blocked, id=1496, stack(0x0000003316c00000,0x0000003316d00000)]
=>0x000001dc3b57ea00 JavaThread "C2 CompilerThread0" daemon [_thread_in_native, id=18428, stack(0x0000003316d00000,0x0000003316e00000)]
  0x000001dc3b57f190 JavaThread "C1 CompilerThread0" daemon [_thread_in_native, id=17196, stack(0x0000003316e00000,0x0000003316f00000)]
  0x000001dc3b582730 JavaThread "Sweeper thread" daemon [_thread_blocked, id=13744, stack(0x0000003316f00000,0x0000003317000000)]
  0x000001dc3f8e2790 JavaThread "Common-Cleaner" daemon [_thread_blocked, id=12104, stack(0x0000003317000000,0x0000003317100000)]
  0x000001dc3fa67300 JavaThread "Monitor Ctrl-Break" daemon [_thread_in_native, id=9552, stack(0x0000003317100000,0x0000003317200000)]
  0x000001dc3fa67840 JavaThread "Notification Thread" daemon [_thread_blocked, id=3352, stack(0x0000003317200000,0x0000003317300000)]
  0x000001dc3fa45910 JavaThread "C2 CompilerThread1" daemon [_thread_in_native, id=13116, stack(0x0000003317400000,0x0000003317500000)]
  0x000001dc3fadccc0 JavaThread "C2 CompilerThread2" daemon [_thread_in_native, id=3048, stack(0x0000003317500000,0x0000003317600000)]

Other Threads:
  0x000001dc3b5432c0 VMThread "VM Thread" [stack: 0x0000003316600000,0x0000003316700000] [id=5792]
  0x000001dc17caca30 WatcherThread "VM Periodic Task Thread" [stack: 0x0000003317300000,0x0000003317400000] [id=468]
  0x000001dc17d1d550 WorkerThread "GC Thread#0" [stack: 0x0000003316100000,0x0000003316200000] [id=8240]
  0x000001dc15b2df50 ConcurrentGCThread "G1 Main Marker" [stack: 0x0000003316200000,0x0000003316300000] [id=9976]
  0x000001dc15b2e980 WorkerThread "G1 Conc#0" [stack: 0x0000003316300000,0x0000003316400000] [id=9992]
  0x000001dc17d6eb00 ConcurrentGCThread "G1 Refine#0" [stack: 0x0000003316400000,0x0000003316500000] [id=9372]
  0x000001dc3b3ff8e0 ConcurrentGCThread "G1 Service" [stack: 0x0000003316500000,0x0000003316600000] [id=9996]

Threads with active compile tasks:
C2 CompilerThread0      323  532   !   4       java.util.zip.ZipFile$Source::getEntryPos (195 bytes)
C2 CompilerThread1      323  534   !   4       java.util.zip.ZipFile::getEntry (59 bytes)
C2 CompilerThread2      323  554   !   4       jdk.internal.loader.URLClassPath$JarLoader::getResource (65 bytes)

VM state: not at safepoint (normal execution)

VM Mutex/Monitor currently owned by a thread: None

Heap address: 0x0000000701200000, size: 4078 MB, Compressed Oops mode: Zero based, Oop shift amount: 3

CDS archive(s) mapped at: [0x0000000800000000-0x0000000800c40000-0x0000000800c40000), size 12845056, SharedBaseAddress: 0x0000000800000000, ArchiveRelocationMode: 0.
Compressed class space mapped at: 0x0000000801000000-0x0000000841000000, reserved size: 1073741824
Narrow klass base: 0x0000000800000000, Narrow klass shift: 0, Narrow klass range: 0x100000000

GC Precious Log:
 CardTable entry size: 512
 Card Set container configuration: InlinePtr #cards 4 size 8 Array Of Cards #cards 16 size 48 Howl #buckets 8 coarsen threshold 3686 Howl Bitmap #cards 512 size 80 coarsen threshold 460 Card regions per heap region 1 cards per card region 4096
 CPUs: 12 total, 12 available
 Memory: 16306M
 Large Page Support: Disabled
 NUMA Support: Disabled
 Compressed Oops: Enabled (Zero based)
 Heap Region Size: 2M
 Heap Min Capacity: 8M
 Heap Initial Capacity: 256M
 Heap Max Capacity: 4078M
 Pre-touch: Disabled
 Parallel Workers: 10
 Concurrent Workers: 3
 Concurrent Refinement Workers: 10
 Periodic GC: Disabled

Heap:
 garbage-first heap   total 262144K, used 10240K [0x0000000701200000, 0x0000000800000000)
  region size 2048K, 6 young (12288K), 0 survivors (0K)
 Metaspace       used 1945K, committed 2112K, reserved 1114112K
  class space    used 184K, committed 256K, reserved 1048576K

Heap Regions: E=young(eden), S=young(survivor), O=old, HS=humongous(starts), HC=humongous(continues), CS=collection set, F=free, OA=open archive, CA=closed archive, TAMS=top-at-mark-start (previous, next)
|   0|0x0000000701200000, 0x0000000701200000, 0x0000000701400000|  0%| F|  |TAMS 0x0000000701200000, 0x0000000701200000| Untracked 
|   1|0x0000000701400000, 0x0000000701400000, 0x0000000701600000|  0%| F|  |TAMS 0x0000000701400000, 0x0000000701400000| Untracked 
|   2|0x0000000701600000, 0x0000000701600000, 0x0000000701800000|  0%| F|  |TAMS 0x0000000701600000, 0x0000000701600000| Untracked 
|   3|0x0000000701800000, 0x0000000701800000, 0x0000000701a00000|  0%| F|  |TAMS 0x0000000701800000, 0x0000000701800000| Untracked 
|   4|0x0000000701a00000, 0x0000000701a00000, 0x0000000701c00000|  0%| F|  |TAMS 0x0000000701a00000, 0x0000000701a00000| Untracked 
|   5|0x0000000701c00000, 0x0000000701c00000, 0x0000000701e00000|  0%| F|  |TAMS 0x0000000701c00000, 0x0000000701c00000| Untracked 
|   6|0x0000000701e00000, 0x0000000701e00000, 0x0000000702000000|  0%| F|  |TAMS 0x0000000701e00000, 0x0000000701e00000| Untracked 
|   7|0x0000000702000000, 0x0000000702000000, 0x0000000702200000|  0%| F|  |TAMS 0x0000000702000000, 0x0000000702000000| Untracked 
|   8|0x0000000702200000, 0x0000000702200000, 0x0000000702400000|  0%| F|  |TAMS 0x0000000702200000, 0x0000000702200000| Untracked 
|   9|0x0000000702400000, 0x0000000702400000, 0x0000000702600000|  0%| F|  |TAMS 0x0000000702400000, 0x0000000702400000| Untracked 
|  10|0x0000000702600000, 0x0000000702600000, 0x0000000702800000|  0%| F|  |TAMS 0x0000000702600000, 0x0000000702600000| Untracked 
|  11|0x0000000702800000, 0x0000000702800000, 0x0000000702a00000|  0%| F|  |TAMS 0x0000000702800000, 0x0000000702800000| Untracked 
|  12|0x0000000702a00000, 0x0000000702a00000, 0x0000000702c00000|  0%| F|  |TAMS 0x0000000702a00000, 0x0000000702a00000| Untracked 
|  13|0x0000000702c00000, 0x0000000702c00000, 0x0000000702e00000|  0%| F|  |TAMS 0x0000000702c00000, 0x0000000702c00000| Untracked 
|  14|0x0000000702e00000, 0x0000000702e00000, 0x0000000703000000|  0%| F|  |TAMS 0x0000000702e00000, 0x0000000702e00000| Untracked 
|  15|0x0000000703000000, 0x0000000703000000, 0x0000000703200000|  0%| F|  |TAMS 0x0000000703000000, 0x0000000703000000| Untracked 
|  16|0x0000000703200000, 0x0000000703200000, 0x0000000703400000|  0%| F|  |TAMS 0x0000000703200000, 0x0000000703200000| Untracked 
|  17|0x0000000703400000, 0x0000000703400000, 0x0000000703600000|  0%| F|  |TAMS 0x0000000703400000, 0x0000000703400000| Untracked 
|  18|0x0000000703600000, 0x0000000703600000, 0x0000000703800000|  0%| F|  |TAMS 0x0000000703600000, 0x0000000703600000| Untracked 
|  19|0x0000000703800000, 0x0000000703800000, 0x0000000703a00000|  0%| F|  |TAMS 0x0000000703800000, 0x0000000703800000| Untracked 
|  20|0x0000000703a00000, 0x0000000703a00000, 0x0000000703c00000|  0%| F|  |TAMS 0x0000000703a00000, 0x0000000703a00000| Untracked 
|  21|0x0000000703c00000, 0x0000000703c00000, 0x0000000703e00000|  0%| F|  |TAMS 0x0000000703c00000, 0x0000000703c00000| Untracked 
|  22|0x0000000703e00000, 0x0000000703e00000, 0x0000000704000000|  0%| F|  |TAMS 0x0000000703e00000, 0x0000000703e00000| Untracked 
|  23|0x0000000704000000, 0x0000000704000000, 0x0000000704200000|  0%| F|  |TAMS 0x0000000704000000, 0x0000000704000000| Untracked 
|  24|0x0000000704200000, 0x0000000704200000, 0x0000000704400000|  0%| F|  |TAMS 0x0000000704200000, 0x0000000704200000| Untracked 
|  25|0x0000000704400000, 0x0000000704400000, 0x0000000704600000|  0%| F|  |TAMS 0x0000000704400000, 0x0000000704400000| Untracked 
|  26|0x0000000704600000, 0x0000000704600000, 0x0000000704800000|  0%| F|  |TAMS 0x0000000704600000, 0x0000000704600000| Untracked 
|  27|0x0000000704800000, 0x0000000704800000, 0x0000000704a00000|  0%| F|  |TAMS 0x0000000704800000, 0x0000000704800000| Untracked 
|  28|0x0000000704a00000, 0x0000000704a00000, 0x0000000704c00000|  0%| F|  |TAMS 0x0000000704a00000, 0x0000000704a00000| Untracked 
|  29|0x0000000704c00000, 0x0000000704c00000, 0x0000000704e00000|  0%| F|  |TAMS 0x0000000704c00000, 0x0000000704c00000| Untracked 
|  30|0x0000000704e00000, 0x0000000704e00000, 0x0000000705000000|  0%| F|  |TAMS 0x0000000704e00000, 0x0000000704e00000| Untracked 
|  31|0x0000000705000000, 0x0000000705000000, 0x0000000705200000|  0%| F|  |TAMS 0x0000000705000000, 0x0000000705000000| Untracked 
|  32|0x0000000705200000, 0x0000000705200000, 0x0000000705400000|  0%| F|  |TAMS 0x0000000705200000, 0x0000000705200000| Untracked 
|  33|0x0000000705400000, 0x0000000705400000, 0x0000000705600000|  0%| F|  |TAMS 0x0000000705400000, 0x0000000705400000| Untracked 
|  34|0x0000000705600000, 0x0000000705600000, 0x0000000705800000|  0%| F|  |TAMS 0x0000000705600000, 0x0000000705600000| Untracked 
|  35|0x0000000705800000, 0x0000000705800000, 0x0000000705a00000|  0%| F|  |TAMS 0x0000000705800000, 0x0000000705800000| Untracked 
|  36|0x0000000705a00000, 0x0000000705a00000, 0x0000000705c00000|  0%| F|  |TAMS 0x0000000705a00000, 0x0000000705a00000| Untracked 
|  37|0x0000000705c00000, 0x0000000705c00000, 0x0000000705e00000|  0%| F|  |TAMS 0x0000000705c00000, 0x0000000705c00000| Untracked 
|  38|0x0000000705e00000, 0x0000000705e00000, 0x0000000706000000|  0%| F|  |TAMS 0x0000000705e00000, 0x0000000705e00000| Untracked 
|  39|0x0000000706000000, 0x0000000706000000, 0x0000000706200000|  0%| F|  |TAMS 0x0000000706000000, 0x0000000706000000| Untracked 
|  40|0x0000000706200000, 0x0000000706200000, 0x0000000706400000|  0%| F|  |TAMS 0x0000000706200000, 0x0000000706200000| Untracked 
|  41|0x0000000706400000, 0x0000000706400000, 0x0000000706600000|  0%| F|  |TAMS 0x0000000706400000, 0x0000000706400000| Untracked 
|  42|0x0000000706600000, 0x0000000706600000, 0x0000000706800000|  0%| F|  |TAMS 0x0000000706600000, 0x0000000706600000| Untracked 
|  43|0x0000000706800000, 0x0000000706800000, 0x0000000706a00000|  0%| F|  |TAMS 0x0000000706800000, 0x0000000706800000| Untracked 
|  44|0x0000000706a00000, 0x0000000706a00000, 0x0000000706c00000|  0%| F|  |TAMS 0x0000000706a00000, 0x0000000706a00000| Untracked 
|  45|0x0000000706c00000, 0x0000000706c00000, 0x0000000706e00000|  0%| F|  |TAMS 0x0000000706c00000, 0x0000000706c00000| Untracked 
|  46|0x0000000706e00000, 0x0000000706e00000, 0x0000000707000000|  0%| F|  |TAMS 0x0000000706e00000, 0x0000000706e00000| Untracked 
|  47|0x0000000707000000, 0x0000000707000000, 0x0000000707200000|  0%| F|  |TAMS 0x0000000707000000, 0x0000000707000000| Untracked 
|  48|0x0000000707200000, 0x0000000707200000, 0x0000000707400000|  0%| F|  |TAMS 0x0000000707200000, 0x0000000707200000| Untracked 
|  49|0x0000000707400000, 0x0000000707400000, 0x0000000707600000|  0%| F|  |TAMS 0x0000000707400000, 0x0000000707400000| Untracked 
|  50|0x0000000707600000, 0x0000000707600000, 0x0000000707800000|  0%| F|  |TAMS 0x0000000707600000, 0x0000000707600000| Untracked 
|  51|0x0000000707800000, 0x0000000707800000, 0x0000000707a00000|  0%| F|  |TAMS 0x0000000707800000, 0x0000000707800000| Untracked 
|  52|0x0000000707a00000, 0x0000000707a00000, 0x0000000707c00000|  0%| F|  |TAMS 0x0000000707a00000, 0x0000000707a00000| Untracked 
|  53|0x0000000707c00000, 0x0000000707c00000, 0x0000000707e00000|  0%| F|  |TAMS 0x0000000707c00000, 0x0000000707c00000| Untracked 
|  54|0x0000000707e00000, 0x0000000707e00000, 0x0000000708000000|  0%| F|  |TAMS 0x0000000707e00000, 0x0000000707e00000| Untracked 
|  55|0x0000000708000000, 0x0000000708000000, 0x0000000708200000|  0%| F|  |TAMS 0x0000000708000000, 0x0000000708000000| Untracked 
|  56|0x0000000708200000, 0x0000000708200000, 0x0000000708400000|  0%| F|  |TAMS 0x0000000708200000, 0x0000000708200000| Untracked 
|  57|0x0000000708400000, 0x0000000708400000, 0x0000000708600000|  0%| F|  |TAMS 0x0000000708400000, 0x0000000708400000| Untracked 
|  58|0x0000000708600000, 0x0000000708600000, 0x0000000708800000|  0%| F|  |TAMS 0x0000000708600000, 0x0000000708600000| Untracked 
|  59|0x0000000708800000, 0x0000000708800000, 0x0000000708a00000|  0%| F|  |TAMS 0x0000000708800000, 0x0000000708800000| Untracked 
|  60|0x0000000708a00000, 0x0000000708a00000, 0x0000000708c00000|  0%| F|  |TAMS 0x0000000708a00000, 0x0000000708a00000| Untracked 
|  61|0x0000000708c00000, 0x0000000708c00000, 0x0000000708e00000|  0%| F|  |TAMS 0x0000000708c00000, 0x0000000708c00000| Untracked 
|  62|0x0000000708e00000, 0x0000000708e00000, 0x0000000709000000|  0%| F|  |TAMS 0x0000000708e00000, 0x0000000708e00000| Untracked 
|  63|0x0000000709000000, 0x0000000709000000, 0x0000000709200000|  0%| F|  |TAMS 0x0000000709000000, 0x0000000709000000| Untracked 
|  64|0x0000000709200000, 0x0000000709200000, 0x0000000709400000|  0%| F|  |TAMS 0x0000000709200000, 0x0000000709200000| Untracked 
|  65|0x0000000709400000, 0x0000000709400000, 0x0000000709600000|  0%| F|  |TAMS 0x0000000709400000, 0x0000000709400000| Untracked 
|  66|0x0000000709600000, 0x0000000709600000, 0x0000000709800000|  0%| F|  |TAMS 0x0000000709600000, 0x0000000709600000| Untracked 
|  67|0x0000000709800000, 0x0000000709800000, 0x0000000709a00000|  0%| F|  |TAMS 0x0000000709800000, 0x0000000709800000| Untracked 
|  68|0x0000000709a00000, 0x0000000709a00000, 0x0000000709c00000|  0%| F|  |TAMS 0x0000000709a00000, 0x0000000709a00000| Untracked 
|  69|0x0000000709c00000, 0x0000000709c00000, 0x0000000709e00000|  0%| F|  |TAMS 0x0000000709c00000, 0x0000000709c00000| Untracked 
|  70|0x0000000709e00000, 0x0000000709e00000, 0x000000070a000000|  0%| F|  |TAMS 0x0000000709e00000, 0x0000000709e00000| Untracked 
|  71|0x000000070a000000, 0x000000070a000000, 0x000000070a200000|  0%| F|  |TAMS 0x000000070a000000, 0x000000070a000000| Untracked 
|  72|0x000000070a200000, 0x000000070a200000, 0x000000070a400000|  0%| F|  |TAMS 0x000000070a200000, 0x000000070a200000| Untracked 
|  73|0x000000070a400000, 0x000000070a400000, 0x000000070a600000|  0%| F|  |TAMS 0x000000070a400000, 0x000000070a400000| Untracked 
|  74|0x000000070a600000, 0x000000070a600000, 0x000000070a800000|  0%| F|  |TAMS 0x000000070a600000, 0x000000070a600000| Untracked 
|  75|0x000000070a800000, 0x000000070a800000, 0x000000070aa00000|  0%| F|  |TAMS 0x000000070a800000, 0x000000070a800000| Untracked 
|  76|0x000000070aa00000, 0x000000070aa00000, 0x000000070ac00000|  0%| F|  |TAMS 0x000000070aa00000, 0x000000070aa00000| Untracked 
|  77|0x000000070ac00000, 0x000000070ac00000, 0x000000070ae00000|  0%| F|  |TAMS 0x000000070ac00000, 0x000000070ac00000| Untracked 
|  78|0x000000070ae00000, 0x000000070ae00000, 0x000000070b000000|  0%| F|  |TAMS 0x000000070ae00000, 0x000000070ae00000| Untracked 
|  79|0x000000070b000000, 0x000000070b000000, 0x000000070b200000|  0%| F|  |TAMS 0x000000070b000000, 0x000000070b000000| Untracked 
|  80|0x000000070b200000, 0x000000070b200000, 0x000000070b400000|  0%| F|  |TAMS 0x000000070b200000, 0x000000070b200000| Untracked 
|  81|0x000000070b400000, 0x000000070b400000, 0x000000070b600000|  0%| F|  |TAMS 0x000000070b400000, 0x000000070b400000| Untracked 
|  82|0x000000070b600000, 0x000000070b600000, 0x000000070b800000|  0%| F|  |TAMS 0x000000070b600000, 0x000000070b600000| Untracked 
|  83|0x000000070b800000, 0x000000070b800000, 0x000000070ba00000|  0%| F|  |TAMS 0x000000070b800000, 0x000000070b800000| Untracked 
|  84|0x000000070ba00000, 0x000000070ba00000, 0x000000070bc00000|  0%| F|  |TAMS 0x000000070ba00000, 0x000000070ba00000| Untracked 
|  85|0x000000070bc00000, 0x000000070bc00000, 0x000000070be00000|  0%| F|  |TAMS 0x000000070bc00000, 0x000000070bc00000| Untracked 
|  86|0x000000070be00000, 0x000000070be00000, 0x000000070c000000|  0%| F|  |TAMS 0x000000070be00000, 0x000000070be00000| Untracked 
|  87|0x000000070c000000, 0x000000070c000000, 0x000000070c200000|  0%| F|  |TAMS 0x000000070c000000, 0x000000070c000000| Untracked 
|  88|0x000000070c200000, 0x000000070c200000, 0x000000070c400000|  0%| F|  |TAMS 0x000000070c200000, 0x000000070c200000| Untracked 
|  89|0x000000070c400000, 0x000000070c400000, 0x000000070c600000|  0%| F|  |TAMS 0x000000070c400000, 0x000000070c400000| Untracked 
|  90|0x000000070c600000, 0x000000070c600000, 0x000000070c800000|  0%| F|  |TAMS 0x000000070c600000, 0x000000070c600000| Untracked 
|  91|0x000000070c800000, 0x000000070c800000, 0x000000070ca00000|  0%| F|  |TAMS 0x000000070c800000, 0x000000070c800000| Untracked 
|  92|0x000000070ca00000, 0x000000070ca00000, 0x000000070cc00000|  0%| F|  |TAMS 0x000000070ca00000, 0x000000070ca00000| Untracked 
|  93|0x000000070cc00000, 0x000000070cc00000, 0x000000070ce00000|  0%| F|  |TAMS 0x000000070cc00000, 0x000000070cc00000| Untracked 
|  94|0x000000070ce00000, 0x000000070ce00000, 0x000000070d000000|  0%| F|  |TAMS 0x000000070ce00000, 0x000000070ce00000| Untracked 
|  95|0x000000070d000000, 0x000000070d000000, 0x000000070d200000|  0%| F|  |TAMS 0x000000070d000000, 0x000000070d000000| Untracked 
|  96|0x000000070d200000, 0x000000070d200000, 0x000000070d400000|  0%| F|  |TAMS 0x000000070d200000, 0x000000070d200000| Untracked 
|  97|0x000000070d400000, 0x000000070d400000, 0x000000070d600000|  0%| F|  |TAMS 0x000000070d400000, 0x000000070d400000| Untracked 
|  98|0x000000070d600000, 0x000000070d600000, 0x000000070d800000|  0%| F|  |TAMS 0x000000070d600000, 0x000000070d600000| Untracked 
|  99|0x000000070d800000, 0x000000070d800000, 0x000000070da00000|  0%| F|  |TAMS 0x000000070d800000, 0x000000070d800000| Untracked 
| 100|0x000000070da00000, 0x000000070da00000, 0x000000070dc00000|  0%| F|  |TAMS 0x000000070da00000, 0x000000070da00000| Untracked 
| 101|0x000000070dc00000, 0x000000070dc00000, 0x000000070de00000|  0%| F|  |TAMS 0x000000070dc00000, 0x000000070dc00000| Untracked 
| 102|0x000000070de00000, 0x000000070de00000, 0x000000070e000000|  0%| F|  |TAMS 0x000000070de00000, 0x000000070de00000| Untracked 
| 103|0x000000070e000000, 0x000000070e000000, 0x000000070e200000|  0%| F|  |TAMS 0x000000070e000000, 0x000000070e000000| Untracked 
| 104|0x000000070e200000, 0x000000070e200000, 0x000000070e400000|  0%| F|  |TAMS 0x000000070e200000, 0x000000070e200000| Untracked 
| 105|0x000000070e400000, 0x000000070e400000, 0x000000070e600000|  0%| F|  |TAMS 0x000000070e400000, 0x000000070e400000| Untracked 
| 106|0x000000070e600000, 0x000000070e600000, 0x000000070e800000|  0%| F|  |TAMS 0x000000070e600000, 0x000000070e600000| Untracked 
| 107|0x000000070e800000, 0x000000070e800000, 0x000000070ea00000|  0%| F|  |TAMS 0x000000070e800000, 0x000000070e800000| Untracked 
| 108|0x000000070ea00000, 0x000000070ea00000, 0x000000070ec00000|  0%| F|  |TAMS 0x000000070ea00000, 0x000000070ea00000| Untracked 
| 109|0x000000070ec00000, 0x000000070ec00000, 0x000000070ee00000|  0%| F|  |TAMS 0x000000070ec00000, 0x000000070ec00000| Untracked 
| 110|0x000000070ee00000, 0x000000070ee00000, 0x000000070f000000|  0%| F|  |TAMS 0x000000070ee00000, 0x000000070ee00000| Untracked 
| 111|0x000000070f000000, 0x000000070f000000, 0x000000070f200000|  0%| F|  |TAMS 0x000000070f000000, 0x000000070f000000| Untracked 
| 112|0x000000070f200000, 0x000000070f200000, 0x000000070f400000|  0%| F|  |TAMS 0x000000070f200000, 0x000000070f200000| Untracked 
| 113|0x000000070f400000, 0x000000070f400000, 0x000000070f600000|  0%| F|  |TAMS 0x000000070f400000, 0x000000070f400000| Untracked 
| 114|0x000000070f600000, 0x000000070f600000, 0x000000070f800000|  0%| F|  |TAMS 0x000000070f600000, 0x000000070f600000| Untracked 
| 115|0x000000070f800000, 0x000000070f800000, 0x000000070fa00000|  0%| F|  |TAMS 0x000000070f800000, 0x000000070f800000| Untracked 
| 116|0x000000070fa00000, 0x000000070fa00000, 0x000000070fc00000|  0%| F|  |TAMS 0x000000070fa00000, 0x000000070fa00000| Untracked 
| 117|0x000000070fc00000, 0x000000070fc00000, 0x000000070fe00000|  0%| F|  |TAMS 0x000000070fc00000, 0x000000070fc00000| Untracked 
| 118|0x000000070fe00000, 0x000000070fe00000, 0x0000000710000000|  0%| F|  |TAMS 0x000000070fe00000, 0x000000070fe00000| Untracked 
| 119|0x0000000710000000, 0x0000000710000000, 0x0000000710200000|  0%| F|  |TAMS 0x0000000710000000, 0x0000000710000000| Untracked 
| 120|0x0000000710200000, 0x0000000710200000, 0x0000000710400000|  0%| F|  |TAMS 0x0000000710200000, 0x0000000710200000| Untracked 
| 121|0x0000000710400000, 0x0000000710400000, 0x0000000710600000|  0%| F|  |TAMS 0x0000000710400000, 0x0000000710400000| Untracked 
| 122|0x0000000710600000, 0x00000007106712f8, 0x0000000710800000| 22%| E|  |TAMS 0x0000000710600000, 0x0000000710600000| Complete 
| 123|0x0000000710800000, 0x0000000710a00000, 0x0000000710a00000|100%| E|CS|TAMS 0x0000000710800000, 0x0000000710800000| Complete 
| 124|0x0000000710a00000, 0x0000000710c00000, 0x0000000710c00000|100%| E|CS|TAMS 0x0000000710a00000, 0x0000000710a00000| Complete 
| 125|0x0000000710c00000, 0x0000000710e00000, 0x0000000710e00000|100%| E|CS|TAMS 0x0000000710c00000, 0x0000000710c00000| Complete 
| 126|0x0000000710e00000, 0x0000000711000000, 0x0000000711000000|100%| E|CS|TAMS 0x0000000710e00000, 0x0000000710e00000| Complete 
| 127|0x0000000711000000, 0x0000000711200000, 0x0000000711200000|100%| E|CS|TAMS 0x0000000711000000, 0x0000000711000000| Complete 

Card table byte_map: [0x000001dc2f960000,0x000001dc30160000] _byte_map_base: 0x000001dc2c157000

Marking Bits (Prev, Next): (CMBitMap*) 0x000001dc17d1db80, (CMBitMap*) 0x000001dc17d1dbc0
 Prev Bits: [0x000001dc30960000, 0x000001dc34918000)
 Next Bits: [0x000001dc34920000, 0x000001dc388d8000)

Polling page: 0x000001dc15a00000

Metaspace:

Usage:
  Non-class:      1.73 MB used.
      Class:    184.12 KB used.
       Both:      1.91 MB used.

Virtual space:
  Non-class space:       64.00 MB reserved,       1.81 MB (  3%) committed,  1 nodes.
      Class space:        1.00 GB reserved,     256.00 KB ( <1%) committed,  1 nodes.
             Both:        1.06 GB reserved,       2.06 MB ( <1%) committed. 

Chunk freelists:
   Non-Class:  3.45 MB
       Class:  3.66 MB
        Both:  7.11 MB

MaxMetaspaceSize: unlimited
CompressedClassSpaceSize: 1.00 GB
Initial GC threshold: 21.00 MB
Current GC threshold: 21.00 MB
CDS: on
MetaspaceReclaimPolicy: balanced
 - commit_granule_bytes: 65536.
 - commit_granule_words: 8192.
 - virtual_space_node_default_size: 8388608.
 - enlarge_chunks_in_place: 1.
 - new_chunks_are_fully_committed: 0.
 - uncommit_free_chunks: 1.
 - use_allocation_guard: 0.


Internal statistics:

num_allocs_failed_limit: 0.
num_arena_births: 26.
num_arena_deaths: 0.
num_vsnodes_births: 2.
num_vsnodes_deaths: 0.
num_space_committed: 33.
num_space_uncommitted: 0.
num_chunks_returned_to_freelist: 0.
num_chunks_taken_from_freelist: 59.
num_chunk_merges: 0.
num_chunk_splits: 37.
num_chunks_enlarged: 29.
num_inconsistent_stats: 0.

CodeHeap 'non-profiled nmethods': size=120000Kb used=178Kb max_used=178Kb free=119821Kb
 bounds [0x000001dc276e0000, 0x000001dc27950000, 0x000001dc2ec10000]
CodeHeap 'profiled nmethods': size=120000Kb used=828Kb max_used=828Kb free=119171Kb
 bounds [0x000001dc1fc10000, 0x000001dc1fe80000, 0x000001dc27140000]
CodeHeap 'non-nmethods': size=5760Kb used=1240Kb max_used=1244Kb free=4520Kb
 bounds [0x000001dc27140000, 0x000001dc273b0000, 0x000001dc276e0000]
 total_blobs=1001 nmethods=573 adapters=337
 compilation: enabled
              stopped_count=0, restarted_count=0
 full_count=0

Compilation events (20 events):
Event: 0.295 Thread 0x000001dc3b57f190  529       3       java.io.InputStream::<init> (5 bytes)
Event: 0.295 Thread 0x000001dc3b57f190 nmethod 529 0x000001dc1fcc1a10 code [0x000001dc1fcc1bc0, 0x000001dc1fcc1d18]
Event: 0.296 Thread 0x000001dc3b57f190  530       3       java.lang.String::indexOf (64 bytes)
Event: 0.296 Thread 0x000001dc3b57ea00  532   !   4       java.util.zip.ZipFile$Source::getEntryPos (195 bytes)
Event: 0.297 Thread 0x000001dc3b57f190 nmethod 530 0x000001dc1fcc1e10 code [0x000001dc1fcc2020, 0x000001dc1fcc2508]
Event: 0.297 Thread 0x000001dc3b57f190  533       3       java.lang.Integer::numberOfLeadingZeros (79 bytes)
Event: 0.297 Thread 0x000001dc3b57f190 nmethod 533 0x000001dc1fcc2690 code [0x000001dc1fcc2840, 0x000001dc1fcc2b18]
Event: 0.297 Thread 0x000001dc3b57f190  531       3       java.lang.StringLatin1::indexOf (25 bytes)
Event: 0.297 Thread 0x000001dc3b57f190 nmethod 531 0x000001dc1fcc2b90 code [0x000001dc1fcc2d40, 0x000001dc1fcc2f48]
Event: 0.298 Thread 0x000001dc3fa45910 nmethod 528 0x000001dc27709410 code [0x000001dc277095c0, 0x000001dc277097b8]
Event: 0.298 Thread 0x000001dc3fa45910  534   !   4       java.util.zip.ZipFile::getEntry (59 bytes)
Event: 0.298 Thread 0x000001dc3b57f190  535       3       java.lang.String::<init> (74 bytes)
Event: 0.298 Thread 0x000001dc3b57f190 nmethod 535 0x000001dc1fcc3010 code [0x000001dc1fcc3200, 0x000001dc1fcc3618]
Event: 0.298 Thread 0x000001dc3b57f190  536       3       java.util.jar.JarFile::maybeInstantiateVerifier (42 bytes)
Event: 0.298 Thread 0x000001dc3b57f190 nmethod 536 0x000001dc1fcc3710 code [0x000001dc1fcc3900, 0x000001dc1fcc3c78]
Event: 0.298 Thread 0x000001dc3b57f190  537       3       java.lang.ref.SoftReference::get (29 bytes)
Event: 0.299 Thread 0x000001dc3b57f190 nmethod 537 0x000001dc1fcc3d90 code [0x000001dc1fcc3f40, 0x000001dc1fcc4118]
Event: 0.299 Thread 0x000001dc3b57f190  538       3       java.lang.StringConcatHelper::initialCoder (14 bytes)
Event: 0.299 Thread 0x000001dc3b57f190 nmethod 538 0x000001dc1fcc4190 code [0x000001dc1fcc4320, 0x000001dc1fcc4438]
Event: 0.299 Thread 0x000001dc3b57f190  540       3       java.lang.String::concat (15 bytes)

GC Heap History (0 events):
No events

Dll operation events (10 events):
Event: 0.009 Loaded shared library C:\Program Files\Java\jdk-19\bin\java.dll
Event: 0.019 Loaded shared library C:\Program Files\Java\jdk-19\bin\jsvml.dll
Event: 0.124 Loaded shared library C:\Program Files\Java\jdk-19\bin\zip.dll
Event: 0.129 Loaded shared library C:\Program Files\Java\jdk-19\bin\instrument.dll
Event: 0.133 Loaded shared library C:\Program Files\Java\jdk-19\bin\net.dll
Event: 0.135 Loaded shared library C:\Program Files\Java\jdk-19\bin\nio.dll
Event: 0.138 Loaded shared library C:\Program Files\Java\jdk-19\bin\zip.dll
Event: 0.147 Loaded shared library D:\ITdevelop\IntelliJ IDEA 2022.3.1\bin\breakgen64.dll
Event: 0.157 Loaded shared library C:\Program Files\Java\jdk-19\bin\extnet.dll
Event: 0.236 Loaded shared library C:\Program Files\Java\jdk-19\bin\verify.dll

Deoptimization events (12 events):
Event: 0.163 Thread 0x000001dc17caba10 DEOPT PACKING pc=0x000001dc1fc4ed8c sp=0x00000033160fd9a0
Event: 0.163 Thread 0x000001dc17caba10 DEOPT UNPACKING pc=0x000001dc271a7543 sp=0x00000033160fce30 mode 0
Event: 0.163 Thread 0x000001dc17caba10 DEOPT PACKING pc=0x000001dc1fc4ed8c sp=0x00000033160fd9a0
Event: 0.163 Thread 0x000001dc17caba10 DEOPT UNPACKING pc=0x000001dc271a7543 sp=0x00000033160fce30 mode 0
Event: 0.163 Thread 0x000001dc17caba10 DEOPT PACKING pc=0x000001dc1fc4ed8c sp=0x00000033160fd9a0
Event: 0.163 Thread 0x000001dc17caba10 DEOPT UNPACKING pc=0x000001dc271a7543 sp=0x00000033160fce30 mode 0
Event: 0.167 Thread 0x000001dc17caba10 DEOPT PACKING pc=0x000001dc1fc4ed8c sp=0x00000033160fd9a0
Event: 0.167 Thread 0x000001dc17caba10 DEOPT UNPACKING pc=0x000001dc271a7543 sp=0x00000033160fce30 mode 0
Event: 0.175 Thread 0x000001dc17caba10 DEOPT PACKING pc=0x000001dc1fc206e7 sp=0x00000033160fd8e0
Event: 0.175 Thread 0x000001dc17caba10 DEOPT UNPACKING pc=0x000001dc271a7543 sp=0x00000033160fcd00 mode 0
Event: 0.182 Thread 0x000001dc17caba10 DEOPT PACKING pc=0x000001dc1fc18a51 sp=0x00000033160fd8a0
Event: 0.182 Thread 0x000001dc17caba10 DEOPT UNPACKING pc=0x000001dc271a7543 sp=0x00000033160fcd18 mode 0

Classes loaded (20 events):
Event: 0.258 Loading class jdk/internal/org/objectweb/asm/Edge
Event: 0.258 Loading class jdk/internal/org/objectweb/asm/Edge done
Event: 0.258 Loading class java/lang/reflect/Proxy$ProxyBuilder$1
Event: 0.258 Loading class java/lang/reflect/Proxy$ProxyBuilder$1 done
Event: 0.259 Loading class java/lang/annotation/Target
Event: 0.259 Loading class java/lang/annotation/Target done
Event: 0.268 Loading class java/lang/reflect/UndeclaredThrowableException
Event: 0.268 Loading class java/lang/reflect/UndeclaredThrowableException done
Event: 0.271 Loading class java/lang/annotation/Documented
Event: 0.271 Loading class java/lang/annotation/Documented done
Event: 0.274 Loading class java/lang/Class$AnnotationData
Event: 0.274 Loading class java/lang/Class$AnnotationData done
Event: 0.277 Loading class java/util/concurrent/ConcurrentLinkedQueue
Event: 0.277 Loading class java/util/AbstractQueue
Event: 0.277 Loading class java/util/AbstractQueue done
Event: 0.277 Loading class java/util/concurrent/ConcurrentLinkedQueue done
Event: 0.277 Loading class java/util/concurrent/ConcurrentLinkedQueue$Node
Event: 0.277 Loading class java/util/concurrent/ConcurrentLinkedQueue$Node done
Event: 0.279 Loading class java/util/Formatter$FixedString
Event: 0.279 Loading class java/util/Formatter$FixedString done

Classes unloaded (0 events):
No events

Classes redefined (0 events):
No events

Internal exceptions (4 events):
Event: 0.139 Thread 0x000001dc17caba10 Exception <a 'java/lang/NoSuchMethodError'{0x0000000710f213a8}: 'void java.lang.invoke.DirectMethodHandle$Holder.invokeStatic(java.lang.Object, java.lang.Object, java.lang.Object)'> (0x0000000710f213a8) 
thrown [s\open\src\hotspot\share\interpreter\linkResolver.cpp, line 774]
Event: 0.144 Thread 0x000001dc17caba10 Exception <a 'java/lang/NoSuchMethodError'{0x0000000710f399a0}: 'java.lang.Object java.lang.invoke.Invokers$Holder.invokeExact_MT(java.lang.Object, java.lang.Object, java.lang.Object, java.lang.Object, java.lang.Object)'> (0x0000000710f399a0) 
thrown [s\open\src\hotspot\share\interpreter\linkResolver.cpp, line 774]
Event: 0.158 Thread 0x000001dc3fa67300 Exception <a 'java/lang/NoSuchMethodError'{0x0000000710f5a538}: 'void java.lang.invoke.DirectMethodHandle$Holder.invokeStatic(java.lang.Object, java.lang.Object)'> (0x0000000710f5a538) 
thrown [s\open\src\hotspot\share\interpreter\linkResolver.cpp, line 774]
Event: 0.244 Thread 0x000001dc17caba10 Exception <a 'java/io/FileNotFoundException'{0x00000007108056e0}> (0x00000007108056e0) 
thrown [s\open\src\hotspot\share\prims\jni.cpp, line 517]

VM Operations (6 events):
Event: 0.111 Executing VM operation: HandshakeAllThreads
Event: 0.111 Executing VM operation: HandshakeAllThreads done
Event: 0.152 Executing VM operation: HandshakeAllThreads
Event: 0.152 Executing VM operation: HandshakeAllThreads done
Event: 0.244 Executing VM operation: HandshakeAllThreads
Event: 0.244 Executing VM operation: HandshakeAllThreads done

Events (15 events):
Event: 0.019 Thread 0x000001dc17caba10 Thread added: 0x000001dc17caba10
Event: 0.036 Thread 0x000001dc3b561800 Thread added: 0x000001dc3b561800
Event: 0.036 Thread 0x000001dc3b562790 Thread added: 0x000001dc3b562790
Event: 0.037 Thread 0x000001dc3b568ca0 Thread added: 0x000001dc3b568ca0
Event: 0.037 Thread 0x000001dc3b56a930 Thread added: 0x000001dc3b56a930
Event: 0.037 Thread 0x000001dc3b56b970 Thread added: 0x000001dc3b56b970
Event: 0.037 Thread 0x000001dc3b56d3b0 Thread added: 0x000001dc3b56d3b0
Event: 0.037 Thread 0x000001dc3b57ea00 Thread added: 0x000001dc3b57ea00
Event: 0.037 Thread 0x000001dc3b57f190 Thread added: 0x000001dc3b57f190
Event: 0.037 Thread 0x000001dc3b582730 Thread added: 0x000001dc3b582730
Event: 0.104 Thread 0x000001dc3f8e2790 Thread added: 0x000001dc3f8e2790
Event: 0.148 Thread 0x000001dc3fa67300 Thread added: 0x000001dc3fa67300
Event: 0.148 Thread 0x000001dc3fa67840 Thread added: 0x000001dc3fa67840
Event: 0.184 Thread 0x000001dc3fa45910 Thread added: 0x000001dc3fa45910
Event: 0.184 Thread 0x000001dc3fadccc0 Thread added: 0x000001dc3fadccc0


Dynamic libraries:
0x00007ff66f140000 - 0x00007ff66f150000 	C:\Program Files\Java\jdk-19\bin\java.exe
0x00007fff51af0000 - 0x00007fff51ce8000 	C:\WINDOWS\SYSTEM32\ntdll.dll
0x00007fff4fbc0000 - 0x00007fff4fc7f000 	C:\WINDOWS\System32\KERNEL32.DLL
0x00007fff4f210000 - 0x00007fff4f4e2000 	C:\WINDOWS\System32\KERNELBASE.dll
0x00007fff4f760000 - 0x00007fff4f860000 	C:\WINDOWS\System32\ucrtbase.dll
0x00007fff29ea0000 - 0x00007fff29eb8000 	C:\Program Files\Java\jdk-19\bin\jli.dll
0x00007fff28370000 - 0x00007fff2838b000 	C:\Program Files\Java\jdk-19\bin\VCRUNTIME140.dll
0x00007fff51330000 - 0x00007fff513de000 	C:\WINDOWS\System32\ADVAPI32.dll
0x00007fff504a0000 - 0x00007fff5053e000 	C:\WINDOWS\System32\msvcrt.dll
0x00007fff51420000 - 0x00007fff514bc000 	C:\WINDOWS\System32\sechost.dll
0x00007fff51570000 - 0x00007fff51695000 	C:\WINDOWS\System32\RPCRT4.dll
0x00007fff4fdb0000 - 0x00007fff4ff51000 	C:\WINDOWS\System32\USER32.dll
0x00007fff37250000 - 0x00007fff374ea000 	C:\WINDOWS\WinSxS\amd64_microsoft.windows.common-controls_6595b64144ccf1df_6.0.19041.1110_none_60b5254171f9507e\COMCTL32.dll
0x00007fff4fa60000 - 0x00007fff4fa82000 	C:\WINDOWS\System32\win32u.dll
0x00007fff50630000 - 0x00007fff5065b000 	C:\WINDOWS\System32\GDI32.dll
0x00007fff4f4f0000 - 0x00007fff4f5ff000 	C:\WINDOWS\System32\gdi32full.dll
0x00007fff4fa90000 - 0x00007fff4fb2d000 	C:\WINDOWS\System32\msvcp_win.dll
0x00007fff489f0000 - 0x00007fff489fa000 	C:\WINDOWS\SYSTEM32\VERSION.dll
0x00007fff513e0000 - 0x00007fff51412000 	C:\WINDOWS\System32\IMM32.DLL
0x00007fff29e90000 - 0x00007fff29e9c000 	C:\Program Files\Java\jdk-19\bin\vcruntime140_1.dll
0x00007fff201f0000 - 0x00007fff2027e000 	C:\Program Files\Java\jdk-19\bin\msvcp140.dll
0x00007ffef7c50000 - 0x00007ffef8910000 	C:\Program Files\Java\jdk-19\bin\server\jvm.dll
0x00007fff36360000 - 0x00007fff36369000 	C:\WINDOWS\SYSTEM32\WSOCK32.dll
0x00007fff489c0000 - 0x00007fff489e7000 	C:\WINDOWS\SYSTEM32\WINMM.dll
0x00007fff4ff60000 - 0x00007fff4ffcb000 	C:\WINDOWS\System32\WS2_32.dll
0x00007fff4d0c0000 - 0x00007fff4d0d2000 	C:\WINDOWS\SYSTEM32\kernel.appcore.dll
0x00007fff285d0000 - 0x00007fff285da000 	C:\Program Files\Java\jdk-19\bin\jimage.dll
0x00007fff41820000 - 0x00007fff41a04000 	C:\WINDOWS\SYSTEM32\DBGHELP.DLL
0x00007fff3efe0000 - 0x00007fff3f015000 	C:\WINDOWS\SYSTEM32\dbgcore.DLL
0x00007fff4f9d0000 - 0x00007fff4fa52000 	C:\WINDOWS\System32\bcryptPrimitives.dll
0x00007fff4ae10000 - 0x00007fff4ae1e000 	C:\Program Files\Java\jdk-19\bin\instrument.dll
0x00007fff215f0000 - 0x00007fff21616000 	C:\Program Files\Java\jdk-19\bin\java.dll
0x00007fff20110000 - 0x00007fff201e7000 	C:\Program Files\Java\jdk-19\bin\jsvml.dll
0x00007fff509f0000 - 0x00007fff51135000 	C:\WINDOWS\System32\SHELL32.dll
0x00007fff4d2c0000 - 0x00007fff4da52000 	C:\WINDOWS\SYSTEM32\windows.storage.dll
0x00007fff51720000 - 0x00007fff51a75000 	C:\WINDOWS\System32\combase.dll
0x00007fff4ebd0000 - 0x00007fff4ec00000 	C:\WINDOWS\SYSTEM32\Wldp.dll
0x00007fff50810000 - 0x00007fff508bd000 	C:\WINDOWS\System32\SHCORE.dll
0x00007fff51140000 - 0x00007fff51195000 	C:\WINDOWS\System32\shlwapi.dll
0x00007fff4f120000 - 0x00007fff4f13f000 	C:\WINDOWS\SYSTEM32\profapi.dll
0x00007fff20080000 - 0x00007fff20098000 	C:\Program Files\Java\jdk-19\bin\zip.dll
0x00007fff215d0000 - 0x00007fff215e3000 	C:\Program Files\Java\jdk-19\bin\net.dll
0x00007fff488a0000 - 0x00007fff489ac000 	C:\WINDOWS\SYSTEM32\WINHTTP.dll
0x00007fff4e8c0000 - 0x00007fff4e92a000 	C:\WINDOWS\system32\mswsock.dll
0x00007fff200a0000 - 0x00007fff200b6000 	C:\Program Files\Java\jdk-19\bin\nio.dll
0x00007fff4adc0000 - 0x00007fff4adda000 	D:\ITdevelop\IntelliJ IDEA 2022.3.1\bin\breakgen64.dll
0x00007fff31330000 - 0x00007fff31338000 	C:\Program Files\Java\jdk-19\bin\extnet.dll
0x00007fff312e0000 - 0x00007fff312f0000 	C:\Program Files\Java\jdk-19\bin\verify.dll

dbghelp: loaded successfully - version: 4.0.5 - missing functions: none
symbol engine: initialized successfully - sym options: 0x614 - pdb path: .;C:\Program Files\Java\jdk-19\bin;C:\WINDOWS\SYSTEM32;C:\WINDOWS\WinSxS\amd64_microsoft.windows.common-controls_6595b64144ccf1df_6.0.19041.1110_none_60b5254171f9507e;C:\Program Files\Java\jdk-19\bin\server;D:\ITdevelop\IntelliJ IDEA 2022.3.1\bin

VM Arguments:
jvm_args: -ea -Didea.test.cyclic.buffer.size=1048576 -javaagent:D:\ITdevelop\IntelliJ IDEA 2022.3.1\lib\idea_rt.jar=5466:D:\ITdevelop\IntelliJ IDEA 2022.3.1\bin -Dfile.encoding=UTF-8 -Dsun.stdout.encoding=UTF-8 -Dsun.stderr.encoding=UTF-8 
java_command: com.intellij.rt.junit.JUnitStarter -ideVersion5 -junit4 com.cy.store.service.OrderServiceTest,create
java_class_path (initial): D:\ITdevelop\IntelliJ IDEA 2022.3.1\lib\idea_rt.jar;D:\ITdevelop\IntelliJ IDEA 2022.3.1\plugins\junit\lib\junit5-rt.jar;D:\ITdevelop\IntelliJ IDEA 2022.3.1\plugins\junit\lib\junit-rt.jar;F:\springboot项目\store\target\test-classes;F:\springboot项目\store\target\classes;C:\Users\b2723\.m2\repository\org\springframework\boot\spring-boot-starter-web\2.6.11\spring-boot-starter-web-2.6.11.jar;C:\Users\b2723\.m2\repository\org\springframework\boot\spring-boot-starter\2.6.11\spring-boot-starter-2.6.11.jar;C:\Users\b2723\.m2\repository\org\springframework\boot\spring-boot\2.6.11\spring-boot-2.6.11.jar;C:\Users\b2723\.m2\repository\org\springframework\boot\spring-boot-autoconfigure\2.6.11\spring-boot-autoconfigure-2.6.11.jar;C:\Users\b2723\.m2\repository\org\springframework\boot\spring-boot-starter-logging\2.6.11\spring-boot-starter-logging-2.6.11.jar;C:\Users\b2723\.m2\repository\ch\qos\logback\logback-classic\1.2.11\logback-classic-1.2.11.jar;C:\Users\b2723\.m2\repository\ch\qos\logback\logback-core\1.2.11\logback-core-1.2.11.jar;C:\Users\b2723\.m2\repository\org\apache\logging\log4j\log4j-to-slf4j\2.17.2\log4j-to-slf4j-2.17.2.jar;C:\Users\b2723\.m2\repository\org\apache\logging\log4j\log4j-api\2.17.2\log4j-api-2.17.2.jar;C:\Users\b2723\.m2\repository\org\slf4j\jul-to-slf4j\1.7.36\jul-to-slf4j-1.7.36.jar;C:\Users\b2723\.m2\repository\jakarta\annotation\jakarta.annotation-api\1.3.5\jakarta.annotation-api-1.3.5.jar;C:\Users\b2723\.m2\repository\org\yaml\snakeyaml\1.29\snakeyaml-1.29.jar;C:\Users\b2723\.m2\repository\org\springframework\boot\spring-boot-starter-json\2.6.11\spring-boot-starter-json-2.6.11.jar;C:\Users\b2723\.m2\repository\com\fasterxml\jackson\core\jackson-databind\2.13.3\jackson-databind-2.13.3.jar;C:\Users\b2723\.m2\repository\com\fasterxml\jackson\core\jackson-annotations\2.13.3\jackson-annotations-2.13.3.jar;C:\Users\b2723\.m2\repository\com\fasterxml\jackson\core\jackson-core\2.13.3\jackson-core-2.13.3.jar;C:\Users\b2723\.m2\repository\com\fasterxml\jackson\datatype\jackson-datatype-jdk8\2.13.3\jackson-datatype-jdk8-2.13.3.jar;C:\Users\b2723\.m2\repository\com\fasterxml\jackson\datatype\jackson-datatype-jsr310\2.13.3\jackson-datatype-jsr310-2.13.3.jar;C:\Users\b2723\.m2\repository\com\fasterxml\jackson\module\jackson-module-parameter-names\2.13.3\jackson-module-parameter-names-2.13.3.jar;C:\Users\b2723\.m2\repository\org\springframework\boot\spring-boot-starter-tomcat\2.6.11\spring-boot-starter-tomcat-2.6.11.jar;C:\Users\b2723\.m2\repository\org\apache\tomcat\embed\tomcat-embed-core\9.0.65\tomcat-embed-core-9.0.65.jar;C:\Users\b2723\.m2\repository\org\apache\tomcat\embed\tomcat-embed-el\9.0.65\tomcat-embed-el-9.0.65.jar;C:\Users\b2723\.m2\repository\org\apache\tomcat\embed\tomcat-embed-websocket\9.0.65\tomcat-embed-websocket-9.0.65.jar;C:\Users\b2723\.m2\repository\org\springframework\spring-web\5.3.22\spring-web-5.3.22.jar;C:\Users\b2723\.m2\repository\org\springframework\spring-beans\5.3.22\spring-beans-5.3.22.jar;C:\Users\b2723\.m2\repository\org\springframework\spring-webmvc\5.3.22\spring-webmvc-5.3.22.jar;C:\Users\b2723\.m2\repository\org\springframework\spring-aop\5.3.22\spring-aop-5.3.22.jar;C:\Users\b2723\.m2\repository\org\springframework\spring-context\5.3.22\spring-context-5.3.22.jar;C:\Users\b2723\.m2\repository\org\springframework\spring-expression\5.3.22\spring-expression-5.3.22.jar;C:\Users\b2723\.m2\repository\org\mybatis\spring\boot\mybatis-spring-boot-starter\2.2.2\mybatis-spring-boot-starter-2.2.2.jar;C:\Users\b2723\.m2\repository\org\springframework\boot\spring-boot-starter-jdbc\2.6.11\spring-boot-starter-jdbc-2.6.11.jar;C:\Users\b2723\.m2\repository\com\zaxxer\HikariCP\4.0.3\HikariCP-4.0.3.jar;C:\Users\b2723\.m2\repository\org\springframework\spring-jdbc\5.3.22\spring-jdbc-5.3.22.jar;C:\Users\b2723\.m2\repository\org\springframework\spring-tx\5.3.22\spring-tx-5.3.22.jar;C:\Users\b2723\.m2\repository\org\mybatis\spring\boot\mybatis-spring-boot-autoconfigure\2.2.2\mybatis-spring-boot-autoconfigure-2.2.2.jar;C:\Users\b2723\.m2\repository\org\mybatis\mybatis\3.5.9\mybatis-3.5.9.jar;C:\Users\b2723\.m2\repository\org\mybatis\mybatis-spring\2.0.7\mybatis-spring-2.0.7.jar;C:\Users\b2723\.m2\repository\com\mysql\mysql-connector-j\8.0.31\mysql-connector-j-8.0.31.jar;C:\Users\b2723\.m2\repository\com\google\protobuf\protobuf-java\3.19.4\protobuf-java-3.19.4.jar;C:\Users\b2723\.m2\repository\org\springframework\boot\spring-boot-starter-test\2.6.11\spring-boot-starter-test-2.6.11.jar;C:\Users\b2723\.m2\repository\org\springframework\boot\spring-boot-test\2.6.11\spring-boot-test-2.6.11.jar;C:\Users\b2723\.m2\repository\org\springframework\boot\spring-boot-test-autoconfigure\2.6.11\spring-boot-test-autoconfigure-2.6.11.jar;C:\Users\b2723\.m2\repository\com\jayway\jsonpath\json-path\2.6.0\json-path-2.6.0.jar;C:\Users\b2723\.m2\repository\net\minidev\json-smart\2.4.8\json-smart-2.4.8.jar;C:\Users\b2723\.m2\repository\net\minidev\accessors-smart\2.4.8\accessors-smart-2.4.8.jar;C:\Users\b2723\.m2\repository\org\ow2\asm\asm\9.1\asm-9.1.jar;C:\Users\b2723\.m2\repository\org\slf4j\slf4j-api\1.7.36\slf4j-api-1.7.36.jar;C:\Users\b2723\.m2\repository\jakarta\xml\bind\jakarta.xml.bind-api\2.3.3\jakarta.xml.bind-api-2.3.3.jar;C:\Users\b2723\.m2\repository\jakarta\activation\jakarta.activation-api\1.2.2\jakarta.activation-api-1.2.2.jar;C:\Users\b2723\.m2\repository\org\assertj\assertj-core\3.21.0\assertj-core-3.21.0.jar;C:\Users\b2723\.m2\repository\org\hamcrest\hamcrest\2.2\hamcrest-2.2.jar;C:\Users\b2723\.m2\repository\org\junit\jupiter\junit-jupiter\5.8.2\junit-jupiter-5.8.2.jar;C:\Users\b2723\.m2\repository\org\junit\jupiter\junit-jupiter-api\5.8.2\junit-jupiter-api-5.8.2.jar;C:\Users\b2723\.m2\repository\org\opentest4j\opentest4j\1.2.0\opentest4j-1.2.0.jar;C:\Users\b2723\.m2\repository\org\junit\platform\junit-platform-commons\1.8.2\junit-platform-commons-1.8.2.jar;C:\Users\b2723\.m2\repository\org\apiguardian\apiguardian-api\1.1.2\apiguardian-api-1.1.2.jar;C:\Users\b2723\.m2\repository\org\junit\jupiter\junit-jupiter-params\5.8.2\junit-jupiter-params-5.8.2.jar;C:\Users\b2723\.m2\repository\org\junit\jupiter\junit-jupiter-engine\5.8.2\junit-jupiter-engine-5.8.2.jar;C:\Users\b2723\.m2\repository\org\junit\platform\junit-platform-engine\1.8.2\junit-platform-engine-1.8.2.jar;C:\Users\b2723\.m2\repository\org\mockito\mockito-core\4.0.0\mockito-core-4.0.0.jar;C:\Users\b2723\.m2\repository\net\bytebuddy\byte-buddy\1.11.22\byte-buddy-1.11.22.jar;C:\Users\b2723\.m2\repository\net\bytebuddy\byte-buddy-agent\1.11.22\byte-buddy-agent-1.11.22.jar;C:\Users\b2723\.m2\repository\org\objenesis\objenesis\3.2\objenesis-3.2.jar;C:\Users\b2723\.m2\repository\org\mockito\mockito-junit-jupiter\4.0.0\mockito-junit-jupiter-4.0.0.jar;C:\Users\b2723\.m2\repository\org\skyscreamer\jsonassert\1.5.1\jsonassert-1.5.1.jar;C:\Users\b2723\.m2\repository\com\vaadin\external\google\android-json\0.0.20131108.vaadin1\android-json-0.0.20131108.vaadin1.jar;C:\Users\b2723\.m2\repository\org\springframework\spring-core\5.3.22\spring-core-5.3.22.jar;C:\Users\b2723\.m2\repository\org\springframework\spring-jcl\5.3.22\spring-jcl-5.3.22.jar;C:\Users\b2723\.m2\repository\org\springframework\spring-test\5.3.22\spring-test-5.3.22.jar;C:\Users\b2723\.m2\repository\org\xmlunit\xmlunit-core\2.8.4\xmlunit-core-2.8.4.jar;C:\Users\b2723\.m2\repository\org\projectlombok\lombok\1.18.24\lombok-1.18.24.jar;C:\Users\b2723\.m2\repository\junit\junit\4.13.2\junit-4.13.2.jar;C:\Users\b2723\.m2\repository\org\hamcrest\hamcrest-core\2.2\hamcrest-core-2.2.jar
Launcher Type: SUN_STANDARD

[Global flags]
     intx CICompilerCount                          = 4                                         {product} {ergonomic}
     uint ConcGCThreads                            = 3                                         {product} {ergonomic}
     uint G1ConcRefinementThreads                  = 10                                        {product} {ergonomic}
   size_t G1HeapRegionSize                         = 2097152                                   {product} {ergonomic}
    uintx GCDrainStackTargetSize                   = 64                                        {product} {ergonomic}
   size_t InitialHeapSize                          = 268435456                                 {product} {ergonomic}
   size_t MarkStackSize                            = 4194304                                   {product} {ergonomic}
   size_t MaxHeapSize                              = 4276092928                                {product} {ergonomic}
   size_t MaxNewSize                               = 2564816896                                {product} {ergonomic}
   size_t MinHeapDeltaBytes                        = 2097152                                   {product} {ergonomic}
   size_t MinHeapSize                              = 8388608                                   {product} {ergonomic}
    uintx NonNMethodCodeHeapSize                   = 5839372                                {pd product} {ergonomic}
    uintx NonProfiledCodeHeapSize                  = 122909434                              {pd product} {ergonomic}
    uintx ProfiledCodeHeapSize                     = 122909434                              {pd product} {ergonomic}
    uintx ReservedCodeCacheSize                    = 251658240                              {pd product} {ergonomic}
     bool SegmentedCodeCache                       = true                                      {product} {ergonomic}
   size_t SoftMaxHeapSize                          = 4276092928                             {manageable} {ergonomic}
     bool UseCompressedClassPointers               = true                           {product lp64_product} {ergonomic}
     bool UseCompressedOops                        = true                           {product lp64_product} {ergonomic}
     bool UseG1GC                                  = true                                      {product} {ergonomic}
     bool UseLargePagesIndividualAllocation        = false                                  {pd product} {ergonomic}

Logging:
Log output configuration:
 #0: stdout all=warning uptime,level,tags foldmultilines=false
 #1: stderr all=off uptime,level,tags foldmultilines=false

Environment Variables:
JAVA_HOME=C:\Program Files\Java\jdk-19
CLASSPATH=.;C:\Program Files\Java\jdk-19\lib\dt.jar;C:\Program Files\Java\jdk-19\lib\tools.jar; 
PATH=C:\Program Files\Java\jdk-19\bin;C:\Program Files\Java\jdk-19\jre\bin;C:\Program Files\Common Files\Oracle\Java\javapath;C:\WINDOWS\system32;C:\WINDOWS;C:\WINDOWS\System32\Wbem;C:\WINDOWS\System32\WindowsPowerShell\v1.0;C:\Program Files\MySQL\MySQL Shell 8.0\bin\;D:\python\Scripts\;D:\python\;C:\Users\b2723\AppData\Local\Microsoft\WindowsApps;D:\DataGrip 2022.3.3\bin;;D:\Microsoft VS Code\bin;C:\Users\b2723\AppData\Local\GitHubDesktop\bin
USERNAME=b2723
OS=Windows_NT
PROCESSOR_IDENTIFIER=AMD64 Family 23 Model 113 Stepping 0, AuthenticAMD
TMP=C:\Users\b2723\AppData\Local\Temp
TEMP=C:\Users\b2723\AppData\Local\Temp



---------------  S Y S T E M  ---------------

OS:
 Windows 10 , 64 bit Build 19041 (10.0.19041.2546)
OS uptime: 0 days 6:53 hours

CPU: total 12 (initial active 12) (12 cores per cpu, 2 threads per core) family 23 model 113 stepping 0 microcode 0x0, cx8, cmov, fxsr, ht, mmx, 3dnowpref, sse, sse2, sse3, ssse3, sse4a, sse4.1, sse4.2, popcnt, lzcnt, tsc, tscinvbit, avx, avx2, aes, clmul, bmi1, bmi2, adx, sha, fma, vzeroupper, clflush, clflushopt, rdtscp, rdpid

Memory: 4k page, system-wide physical 16306M (4952M free)
TotalPageFile size 28306M (AvailPageFile size 0M)
current process WorkingSet (physical memory assigned to process): 51M, peak: 51M
current process commit charge ("private bytes"): 357M, peak: 357M

vm_info: Java HotSpot(TM) 64-Bit Server VM (19.0.2+7-44) for windows-amd64 JRE (19.0.2+7-44), built on 2022-11-30T18:02:09Z by "mach5one" with MS VC++ 17.1 (VS2022)

END.
