#
# A fatal error has been detected by the Java Runtime Environment:
#
#  EXCEPTION_ACCESS_VIOLATION (0xc0000005) at pc=0x00007ffe832e8a4c, pid=2728, tid=16252
#
# JRE version: OpenJDK Runtime Environment JBR-17.0.5+1-653.23-jcef (17.0.5+1) (build 17.0.5+1-b653.23)
# Java VM: OpenJDK 64-Bit Server VM JBR-17.0.5+1-653.23-jcef (17.0.5+1-b653.23, mixed mode, tiered, compressed oops, compressed class ptrs, g1 gc, windows-amd64)
# Problematic frame:
# C  [ucrtbase.dll+0x18a4c]
#
# No core dump will be written. Minidumps are not enabled by default on client versions of Windows
#
# If you would like to submit a bug report, please visit:
#   https://youtrack.jetbrains.com/issues/JBR
#

---------------  S U M M A R Y ------------

Command Line: -Dawt.toolkit=com.intellij.desktop.DesktopActionsToolkit -Djava.rmi.server.hostname=127.0.0.1 -Duser.timezone=UTC -Xmx750m -Xms128m --add-exports=java.desktop/sun.awt=ALL-UNNAMED --add-exports=java.desktop/java.awt.peer=ALL-UNNAMED --add-opens=java.desktop/java.awt=ALL-UNNAMED --add-opens=jdk.unsupported/sun.misc=ALL-UNNAMED --add-opens=java.base/java.nio=ALL-UNNAMED --add-opens=java.base/java.util=ALL-UNNAMED -Dfile.encoding=UTF-8 com.intellij.database.remote.RemoteJdbcServer com.mysql.cj.jdbc.Driver

Host: AMD Ryzen 5 3600 6-Core Processor              , 12 cores, 15G,  Windows 10 , 64 bit Build 19041 (10.0.19041.2546)
Time: Fri Mar 31 14:40:57 2023  Windows 10 , 64 bit Build 19041 (10.0.19041.2546) elapsed time: 16976.670078 seconds (0d 4h 42m 56s)

---------------  T H R E A D  ---------------

Current thread (0x000001c97b2dbb80):  JavaThread "C1 CompilerThread0" daemon [_thread_in_native, id=16252, stack(0x0000006f06d00000,0x0000006f06e00000)]


Current CompileTask:
C1:16976670 3059       3       java.io.ObjectOutputStream::writeClassDesc (60 bytes)

Stack: [0x0000006f06d00000,0x0000006f06e00000],  sp=0x0000006f06dfdcb0,  free space=1015k
Native frames: (J=compiled Java code, j=interpreted, Vv=VM code, C=native code)
C  [ucrtbase.dll+0x18a4c]
C  [ucrtbase.dll+0x17ea9]
C  [ucrtbase.dll+0x1a3f4]
C  [ucrtbase.dll+0x1a587]
C  [ucrtbase.dll+0x1b216]
C  [ucrtbase.dll+0x1b347]
C  [ucrtbase.dll+0x1b3e4]
C  [awt.dll+0x7529d]


siginfo: EXCEPTION_ACCESS_VIOLATION (0xc0000005), writing address 0x0000000000000000


Register to memory mapping:

RIP=0x00007ffe832e8a4c ucrtbase.dll
RAX=0x000001c970c0e26a points into unknown readable memory: 00 00 00 00 00 00
RBX=0x00007ffe833bf540 ucrtbase.dll
RCX=0x0 is NULL
RDX=0x000001c970c0e360 points into unknown readable memory: 0xffffffffffffffff | ff ff ff ff ff ff ff ff
RSP=0x0000006f06dfdcb0 is pointing into the stack for thread: 0x000001c97b2dbb80
RBP=0x0000006f06dfde70 is pointing into the stack for thread: 0x000001c97b2dbb80
RSI=0x0 is NULL
RDI=0x0 is NULL
R8 =0x0000000000002282 is an unknown value
R9 =0x0000000000000002 is an unknown value
R10=0x000001c970c0e360 points into unknown readable memory: 0xffffffffffffffff | ff ff ff ff ff ff ff ff
R11=0x00007ffe833c0980 ucrtbase.dll
R12=0x000001c972da7920 points into unknown readable memory: 0x00007ffe042ac620 | 20 c6 2a 04 fe 7f 00 00
R13=0x0000000000000018 is an unknown value
R14=0x00007ffe8339bc10 ucrtbase.dll
R15=0x0000000000000168 is an unknown value


Registers:
RAX=0x000001c970c0e26a, RBX=0x00007ffe833bf540, RCX=0x0000000000000000, RDX=0x000001c970c0e360
RSP=0x0000006f06dfdcb0, RBP=0x0000006f06dfde70, RSI=0x0000000000000000, RDI=0x0000000000000000
R8 =0x0000000000002282, R9 =0x0000000000000002, R10=0x000001c970c0e360, R11=0x00007ffe833c0980
R12=0x000001c972da7920, R13=0x0000000000000018, R14=0x00007ffe8339bc10, R15=0x0000000000000168
RIP=0x00007ffe832e8a4c, EFLAGS=0x0000000000010246

Top of Stack: (sp=0x0000006f06dfdcb0)
0x0000006f06dfdcb0:   000001c90fa96890 00007ffe03af6627
0x0000006f06dfdcc0:   0000000000000000 000001c90fa96890
0x0000006f06dfdcd0:   000000000000006a 00007ffe832e7ea9
0x0000006f06dfdce0:   000000000000006a 00007ffe833bf540
0x0000006f06dfdcf0:   0000006f06dfe258 00007ffe03affd9b
0x0000006f06dfdd00:   00000000ffffffff 00007ffe832ea3f4
0x0000006f06dfdd10:   0000006f06dfddf0 000000000000000e
0x0000006f06dfdd20:   000001c97da34480 00007ffe03af791a
0x0000006f06dfdd30:   000001c97bc3f970 00007ffe832ea587
0x0000006f06dfdd40:   000001c90fa96960 000001c97da34480
0x0000006f06dfdd50:   0000000000000000 0000006f00000002
0x0000006f06dfdd60:   000001c97da26e50 00007ffe832eb216
0x0000006f06dfdd70:   0000006f06dfe2f0 0000006f06dfe300
0x0000006f06dfdd80:   00007ffe833bf540 000001c97e1b73f0
0x0000006f06dfdd90:   0000006f06dfdda8 0000006f06dfdda0
0x0000006f06dfdda0:   0000006f06dfe390 0000006f06dfddd0 

Instructions: (pc=0x00007ffe832e8a4c)
0x00007ffe832e894c:   cc cc cc cc 48 63 d2 e9 78 ff ff ff cc cc cc cc
0x00007ffe832e895c:   cc cc cc cc 48 89 5c 24 08 48 89 74 24 10 57 48
0x00007ffe832e896c:   83 ec 20 41 8b d9 49 8b f8 48 8b f2 e8 63 d6 ff
0x00007ffe832e897c:   ff 90 44 8b c3 48 8b d7 48 8b ce e8 64 81 00 00
0x00007ffe832e898c:   8b d8 e8 dd d5 ff ff 8b c3 48 8b 5c 24 30 48 8b
0x00007ffe832e899c:   74 24 38 48 83 c4 20 5f c3 cc cc cc cc cc cc cc
0x00007ffe832e89ac:   cc cc cc cc 45 8b c8 4c 8b c2 48 8b d1 e9 a2 ff
0x00007ffe832e89bc:   ff ff cc cc cc cc cc cc 48 89 5c 24 10 48 89 74
0x00007ffe832e89cc:   24 18 88 4c 24 08 57 48 83 ec 20 48 8b ca 48 8b
0x00007ffe832e89dc:   da e8 9e f8 ff ff 8b 4b 14 4c 63 c8 f6 c1 c0 0f
0x00007ffe832e89ec:   84 29 b5 03 00 8b 3b 33 f6 48 8b 53 08 2b 7b 08
0x00007ffe832e89fc:   48 8d 42 01 48 89 03 8b 43 20 ff c8 89 43 10 85
0x00007ffe832e8a0c:   ff 7f 52 41 8d 41 02 83 f8 01 76 58 49 8b c9 48
0x00007ffe832e8a1c:   8d 15 5e 7f 0d 00 49 8b c1 48 c1 f8 06 83 e1 3f
0x00007ffe832e8a2c:   48 8b 04 c2 48 8d 0c c9 48 8d 14 c8 f6 42 38 20
0x00007ffe832e8a3c:   0f 85 b4 b4 03 00 48 8b 4b 08 3b f7 8a 44 24 30
0x00007ffe832e8a4c:   88 01 0f 94 c0 48 8b 5c 24 38 48 8b 74 24 40 48
0x00007ffe832e8a5c:   83 c4 20 5f c3 44 8b c7 41 8b c9 e8 34 f1 ff ff
0x00007ffe832e8a6c:   8b f0 eb d2 48 8d 15 a9 71 0d 00 eb bf cc cc cc
0x00007ffe832e8a7c:   cc cc cc cc 48 89 5c 24 20 48 89 4c 24 08 57 48
0x00007ffe832e8a8c:   83 ec 30 48 89 64 24 20 48 8b d9 48 85 c9 0f 84
0x00007ffe832e8a9c:   96 b4 03 00 48 8d 79 30 48 8b cf ff 15 7b 0b 0a
0x00007ffe832e8aac:   00 90 48 89 5c 24 48 48 8d 4c 24 48 e8 db b7 05
0x00007ffe832e8abc:   00 0f ba e0 0c 72 6d 48 89 5c 24 50 48 8d 4c 24
0x00007ffe832e8acc:   50 e8 2a c9 05 00 8d 48 02 4c 63 c8 4c 8d 15 a1
0x00007ffe832e8adc:   7e 0d 00 83 f9 01 76 6e 4d 8b c1 49 c1 f8 06 49
0x00007ffe832e8aec:   8b c9 83 e1 3f 48 8d 14 c9 4b 8b 0c c2 4c 8d 04
0x00007ffe832e8afc:   d1 48 8d 0d 1c 71 0d 00 41 80 78 39 00 75 53 83
0x00007ffe832e8b0c:   c0 02 83 f8 01 76 17 49 8b c1 48 c1 f8 06 41 83
0x00007ffe832e8b1c:   e1 3f 4b 8d 0c c9 49 8b 04 c2 48 8d 0c c8 f6 41
0x00007ffe832e8b2c:   3d 01 75 2e 83 6b 10 01 78 10 48 8b 03 0f b6 10
0x00007ffe832e8b3c:   48 ff c0 48 89 03 8b da eb 3a 48 8b cb e8 f2 f5 


Stack slot to memory mapping:
stack at sp + 0 slots: 0x000001c90fa96890 points into unknown readable memory: 0x0000000c00000242 | 42 02 00 00 0c 00 00 00
stack at sp + 1 slots: 0x00007ffe03af6627 jvm.dll
stack at sp + 2 slots: 0x0 is NULL
stack at sp + 3 slots: 0x000001c90fa96890 points into unknown readable memory: 0x0000000c00000242 | 42 02 00 00 0c 00 00 00
stack at sp + 4 slots: 0x000000000000006a is an unknown value
stack at sp + 5 slots: 0x00007ffe832e7ea9 ucrtbase.dll
stack at sp + 6 slots: 0x000000000000006a is an unknown value
stack at sp + 7 slots: 0x00007ffe833bf540 ucrtbase.dll


---------------  P R O C E S S  ---------------

Threads class SMR info:
_java_thread_list=0x000001c97c7231f0, length=23, elements={
0x000001c972d69d70, 0x000001c97b2ab260, 0x000001c97b2abfe0, 0x000001c97b2bfaa0,
0x000001c97b2c14d0, 0x000001c97b2c1d90, 0x000001c97b2c4c70, 0x000001c97b2d7cd0,
0x000001c97b2dbb80, 0x000001c97bc10080, 0x000001c97bda8ae0, 0x000001c97bda97d0,
0x000001c97bedcc40, 0x000001c97c0842d0, 0x000001c97c09bf50, 0x000001c97c11f300,
0x000001c97c11c390, 0x000001c97c11c860, 0x000001c97c20b7c0, 0x000001c97c1abe10,
0x000001c97c1ab940, 0x000001c97c1ac7b0, 0x000001c97c1aafa0
}

Java Threads: ( => current thread )
  0x000001c972d69d70 JavaThread "main" [_thread_blocked, id=17464, stack(0x0000006f05f00000,0x0000006f06000000)]
  0x000001c97b2ab260 JavaThread "Reference Handler" daemon [_thread_blocked, id=17632, stack(0x0000006f06600000,0x0000006f06700000)]
  0x000001c97b2abfe0 JavaThread "Finalizer" daemon [_thread_blocked, id=5648, stack(0x0000006f06700000,0x0000006f06800000)]
  0x000001c97b2bfaa0 JavaThread "Signal Dispatcher" daemon [_thread_blocked, id=16848, stack(0x0000006f06800000,0x0000006f06900000)]
  0x000001c97b2c14d0 JavaThread "Attach Listener" daemon [_thread_blocked, id=6596, stack(0x0000006f06900000,0x0000006f06a00000)]
  0x000001c97b2c1d90 JavaThread "Service Thread" daemon [_thread_blocked, id=10860, stack(0x0000006f06a00000,0x0000006f06b00000)]
  0x000001c97b2c4c70 JavaThread "Monitor Deflation Thread" daemon [_thread_blocked, id=16240, stack(0x0000006f06b00000,0x0000006f06c00000)]
  0x000001c97b2d7cd0 JavaThread "C2 CompilerThread0" daemon [_thread_blocked, id=12200, stack(0x0000006f06c00000,0x0000006f06d00000)]
=>0x000001c97b2dbb80 JavaThread "C1 CompilerThread0" daemon [_thread_in_native, id=16252, stack(0x0000006f06d00000,0x0000006f06e00000)]
  0x000001c97bc10080 JavaThread "Sweeper thread" daemon [_thread_blocked, id=8976, stack(0x0000006f06e00000,0x0000006f06f00000)]
  0x000001c97bda8ae0 JavaThread "Common-Cleaner" daemon [_thread_blocked, id=15444, stack(0x0000006f06f00000,0x0000006f07000000)]
  0x000001c97bda97d0 JavaThread "Notification Thread" daemon [_thread_blocked, id=6344, stack(0x0000006f07000000,0x0000006f07100000)]
  0x000001c97bedcc40 JavaThread "mysql-cj-abandoned-connection-cleanup" daemon [_thread_blocked, id=13236, stack(0x0000006f07200000,0x0000006f07300000)]
  0x000001c97c0842d0 JavaThread "Java2D Disposer" daemon [_thread_blocked, id=7352, stack(0x0000006f07300000,0x0000006f07400000)]
  0x000001c97c09bf50 JavaThread "AWT-Windows" daemon [_thread_in_native, id=17828, stack(0x0000006f07500000,0x0000006f07600000)]
  0x000001c97c11f300 JavaThread "RMI TCP Accept-45468" daemon [_thread_in_native, id=14804, stack(0x0000006f07600000,0x0000006f07700000)]
  0x000001c97c11c390 JavaThread "RMI TCP Accept-0" daemon [_thread_in_native, id=5876, stack(0x0000006f07800000,0x0000006f07900000)]
  0x000001c97c11c860 JavaThread "RMI Reaper" [_thread_blocked, id=2780, stack(0x0000006f07900000,0x0000006f07a00000)]
  0x000001c97c20b7c0 JavaThread "RMI GC Daemon" daemon [_thread_blocked, id=10208, stack(0x0000006f07a00000,0x0000006f07b00000)]
  0x000001c97c1abe10 JavaThread "RMI TCP Connection(1)-127.0.0.1" daemon [_thread_in_native, id=10132, stack(0x0000006f07b00000,0x0000006f07c00000)]
  0x000001c97c1ab940 JavaThread "RMI Scheduler(0)" daemon [_thread_blocked, id=13816, stack(0x0000006f07c00000,0x0000006f07d00000)]
  0x000001c97c1ac7b0 JavaThread "RMI TCP Connection(2)-127.0.0.1" daemon [_thread_in_native, id=13156, stack(0x0000006f07d00000,0x0000006f07e00000)]
  0x000001c97c1aafa0 JavaThread "RMI RenewClean-[127.0.0.1:2181]" daemon [_thread_blocked, id=4028, stack(0x0000006f07e00000,0x0000006f07f00000)]

Other Threads:
  0x000001c97b286dd0 VMThread "VM Thread" [stack: 0x0000006f06500000,0x0000006f06600000] [id=10144]
  0x000001c972dcf3e0 WatcherThread [stack: 0x0000006f07100000,0x0000006f07200000] [id=10224]
  0x000001c972d9fec0 GCTaskThread "GC Thread#0" [stack: 0x0000006f06000000,0x0000006f06100000] [id=9400]
  0x000001c97c598030 GCTaskThread "GC Thread#1" [stack: 0x0000006f07f00000,0x0000006f08000000] [id=15132]
  0x000001c97c6451e0 GCTaskThread "GC Thread#2" [stack: 0x0000006f08000000,0x0000006f08100000] [id=18292]
  0x000001c97d5ce030 GCTaskThread "GC Thread#3" [stack: 0x0000006f08100000,0x0000006f08200000] [id=14004]
  0x000001c97d5ce2e0 GCTaskThread "GC Thread#4" [stack: 0x0000006f08200000,0x0000006f08300000] [id=8500]
  0x000001c97c5a1350 GCTaskThread "GC Thread#5" [stack: 0x0000006f08300000,0x0000006f08400000] [id=4056]
  0x000001c97c6669b0 GCTaskThread "GC Thread#6" [stack: 0x0000006f08400000,0x0000006f08500000] [id=16468]
  0x000001c97c666c60 GCTaskThread "GC Thread#7" [stack: 0x0000006f08500000,0x0000006f08600000] [id=7628]
  0x000001c97c57d6d0 GCTaskThread "GC Thread#8" [stack: 0x0000006f08600000,0x0000006f08700000] [id=4260]
  0x000001c97c57dd90 GCTaskThread "GC Thread#9" [stack: 0x0000006f08700000,0x0000006f08800000] [id=4856]
  0x000001c972da7ae0 ConcurrentGCThread "G1 Main Marker" [stack: 0x0000006f06100000,0x0000006f06200000] [id=18016]
  0x000001c972da8400 ConcurrentGCThread "G1 Conc#0" [stack: 0x0000006f06200000,0x0000006f06300000] [id=6972]
  0x000001c97c57e040 ConcurrentGCThread "G1 Conc#1" [stack: 0x0000006f08800000,0x0000006f08900000] [id=1760]
  0x000001c97c57e5d0 ConcurrentGCThread "G1 Conc#2" [stack: 0x0000006f08a00000,0x0000006f08b00000] [id=12960]
  0x000001c972e3c700 ConcurrentGCThread "G1 Refine#0" [stack: 0x0000006f06300000,0x0000006f06400000] [id=9684]
  0x000001c97c57e2f0 ConcurrentGCThread "G1 Refine#1" [stack: 0x0000006f08900000,0x0000006f08a00000] [id=2424]
  0x000001c97c57e880 ConcurrentGCThread "G1 Refine#2" [stack: 0x0000006f08b00000,0x0000006f08c00000] [id=12972]
  0x000001c97c5a1600 ConcurrentGCThread "G1 Refine#3" [stack: 0x0000006f08c00000,0x0000006f08d00000] [id=12964]
  0x000001c972e3d030 ConcurrentGCThread "G1 Service" [stack: 0x0000006f06400000,0x0000006f06500000] [id=7260]

Threads with active compile tasks:
C1 CompilerThread0  16976701 3059       3       java.io.ObjectOutputStream::writeClassDesc (60 bytes)

VM state: not at safepoint (normal execution)

VM Mutex/Monitor currently owned by a thread: None

Heap address: 0x00000000d1200000, size: 750 MB, Compressed Oops mode: 32-bit

CDS archive(s) not mapped
Compressed class space mapped at: 0x0000000100000000-0x0000000140000000, reserved size: 1073741824
Narrow klass base: 0x0000000000000000, Narrow klass shift: 3, Narrow klass range: 0x140000000

GC Precious Log:
 CPUs: 12 total, 12 available
 Memory: 16306M
 Large Page Support: Disabled
 NUMA Support: Disabled
 Compressed Oops: Enabled (32-bit)
 Heap Region Size: 1M
 Heap Min Capacity: 128M
 Heap Initial Capacity: 128M
 Heap Max Capacity: 750M
 Pre-touch: Disabled
 Parallel Workers: 10
 Concurrent Workers: 3
 Concurrent Refinement Workers: 10
 Periodic GC: Disabled

Heap:
 garbage-first heap   total 131072K, used 20132K [0x00000000d1200000, 0x0000000100000000)
  region size 1024K, 12 young (12288K), 0 survivors (0K)
 Metaspace       used 25000K, committed 25216K, reserved 1073152K
  class space    used 2520K, committed 2624K, reserved 1048576K

Heap Regions: E=young(eden), S=young(survivor), O=old, HS=humongous(starts), HC=humongous(continues), CS=collection set, F=free, OA=open archive, CA=closed archive, TAMS=top-at-mark-start (previous, next)
|   0|0x00000000d1200000, 0x00000000d1300000, 0x00000000d1300000|100%|HS|  |TAMS 0x00000000d1300000, 0x00000000d1200000| Untracked 
|   1|0x00000000d1300000, 0x00000000d1400000, 0x00000000d1400000|100%|HC|  |TAMS 0x00000000d1400000, 0x00000000d1300000| Untracked 
|   2|0x00000000d1400000, 0x00000000d1500000, 0x00000000d1500000|100%|HC|  |TAMS 0x00000000d1500000, 0x00000000d1400000| Untracked 
|   3|0x00000000d1500000, 0x00000000d15eb680, 0x00000000d1600000| 91%| O|  |TAMS 0x00000000d1500000, 0x00000000d1500000| Untracked 
|   4|0x00000000d1600000, 0x00000000d1700000, 0x00000000d1700000|100%| O|  |TAMS 0x00000000d1700000, 0x00000000d1600000| Untracked 
|   5|0x00000000d1700000, 0x00000000d17f4410, 0x00000000d1800000| 95%| O|  |TAMS 0x00000000d17f4410, 0x00000000d1700000| Untracked 
|   6|0x00000000d1800000, 0x00000000d1900000, 0x00000000d1900000|100%| O|  |TAMS 0x00000000d1900000, 0x00000000d1800000| Untracked 
|   7|0x00000000d1900000, 0x00000000d19fffb0, 0x00000000d1a00000| 99%| O|  |TAMS 0x00000000d19fffb0, 0x00000000d1900000| Untracked 
|   8|0x00000000d1a00000, 0x00000000d1a6e948, 0x00000000d1b00000| 43%| O|  |TAMS 0x00000000d1a00000, 0x00000000d1a00000| Untracked 
|   9|0x00000000d1b00000, 0x00000000d1b5af58, 0x00000000d1c00000| 35%| O|  |TAMS 0x00000000d1b00000, 0x00000000d1b00000| Untracked 
|  10|0x00000000d1c00000, 0x00000000d1c00000, 0x00000000d1d00000|  0%| F|  |TAMS 0x00000000d1c00000, 0x00000000d1c00000| Untracked 
|  11|0x00000000d1d00000, 0x00000000d1d00000, 0x00000000d1e00000|  0%| F|  |TAMS 0x00000000d1d00000, 0x00000000d1d00000| Untracked 
|  12|0x00000000d1e00000, 0x00000000d1e00000, 0x00000000d1f00000|  0%| F|  |TAMS 0x00000000d1e00000, 0x00000000d1e00000| Untracked 
|  13|0x00000000d1f00000, 0x00000000d1f00000, 0x00000000d2000000|  0%| F|  |TAMS 0x00000000d1f00000, 0x00000000d1f00000| Untracked 
|  14|0x00000000d2000000, 0x00000000d2000000, 0x00000000d2100000|  0%| F|  |TAMS 0x00000000d2000000, 0x00000000d2000000| Untracked 
|  15|0x00000000d2100000, 0x00000000d2100000, 0x00000000d2200000|  0%| F|  |TAMS 0x00000000d2100000, 0x00000000d2100000| Untracked 
|  16|0x00000000d2200000, 0x00000000d2200000, 0x00000000d2300000|  0%| F|  |TAMS 0x00000000d2200000, 0x00000000d2200000| Untracked 
|  17|0x00000000d2300000, 0x00000000d2300000, 0x00000000d2400000|  0%| F|  |TAMS 0x00000000d2300000, 0x00000000d2300000| Untracked 
|  18|0x00000000d2400000, 0x00000000d2400000, 0x00000000d2500000|  0%| F|  |TAMS 0x00000000d2400000, 0x00000000d2400000| Untracked 
|  19|0x00000000d2500000, 0x00000000d2500000, 0x00000000d2600000|  0%| F|  |TAMS 0x00000000d2500000, 0x00000000d2500000| Untracked 
|  20|0x00000000d2600000, 0x00000000d2600000, 0x00000000d2700000|  0%| F|  |TAMS 0x00000000d2600000, 0x00000000d2600000| Untracked 
|  21|0x00000000d2700000, 0x00000000d2700000, 0x00000000d2800000|  0%| F|  |TAMS 0x00000000d2700000, 0x00000000d2700000| Untracked 
|  22|0x00000000d2800000, 0x00000000d2800000, 0x00000000d2900000|  0%| F|  |TAMS 0x00000000d2800000, 0x00000000d2800000| Untracked 
|  23|0x00000000d2900000, 0x00000000d2900000, 0x00000000d2a00000|  0%| F|  |TAMS 0x00000000d2900000, 0x00000000d2900000| Untracked 
|  24|0x00000000d2a00000, 0x00000000d2a00000, 0x00000000d2b00000|  0%| F|  |TAMS 0x00000000d2a00000, 0x00000000d2a00000| Untracked 
|  25|0x00000000d2b00000, 0x00000000d2b00000, 0x00000000d2c00000|  0%| F|  |TAMS 0x00000000d2b00000, 0x00000000d2b00000| Untracked 
|  26|0x00000000d2c00000, 0x00000000d2c00000, 0x00000000d2d00000|  0%| F|  |TAMS 0x00000000d2c00000, 0x00000000d2c00000| Untracked 
|  27|0x00000000d2d00000, 0x00000000d2d00000, 0x00000000d2e00000|  0%| F|  |TAMS 0x00000000d2d00000, 0x00000000d2d00000| Untracked 
|  28|0x00000000d2e00000, 0x00000000d2e00000, 0x00000000d2f00000|  0%| F|  |TAMS 0x00000000d2e00000, 0x00000000d2e00000| Untracked 
|  29|0x00000000d2f00000, 0x00000000d2f00000, 0x00000000d3000000|  0%| F|  |TAMS 0x00000000d2f00000, 0x00000000d2f00000| Untracked 
|  30|0x00000000d3000000, 0x00000000d3000000, 0x00000000d3100000|  0%| F|  |TAMS 0x00000000d3000000, 0x00000000d3000000| Untracked 
|  31|0x00000000d3100000, 0x00000000d3100000, 0x00000000d3200000|  0%| F|  |TAMS 0x00000000d3100000, 0x00000000d3100000| Untracked 
|  32|0x00000000d3200000, 0x00000000d3200000, 0x00000000d3300000|  0%| F|  |TAMS 0x00000000d3200000, 0x00000000d3200000| Untracked 
|  33|0x00000000d3300000, 0x00000000d3300000, 0x00000000d3400000|  0%| F|  |TAMS 0x00000000d3300000, 0x00000000d3300000| Untracked 
|  34|0x00000000d3400000, 0x00000000d3400000, 0x00000000d3500000|  0%| F|  |TAMS 0x00000000d3400000, 0x00000000d3400000| Untracked 
|  35|0x00000000d3500000, 0x00000000d3500000, 0x00000000d3600000|  0%| F|  |TAMS 0x00000000d3500000, 0x00000000d3500000| Untracked 
|  36|0x00000000d3600000, 0x00000000d3600000, 0x00000000d3700000|  0%| F|  |TAMS 0x00000000d3600000, 0x00000000d3600000| Untracked 
|  37|0x00000000d3700000, 0x00000000d3700000, 0x00000000d3800000|  0%| F|  |TAMS 0x00000000d3700000, 0x00000000d3700000| Untracked 
|  38|0x00000000d3800000, 0x00000000d3800000, 0x00000000d3900000|  0%| F|  |TAMS 0x00000000d3800000, 0x00000000d3800000| Untracked 
|  39|0x00000000d3900000, 0x00000000d3900000, 0x00000000d3a00000|  0%| F|  |TAMS 0x00000000d3900000, 0x00000000d3900000| Untracked 
|  40|0x00000000d3a00000, 0x00000000d3a00000, 0x00000000d3b00000|  0%| F|  |TAMS 0x00000000d3a00000, 0x00000000d3a00000| Untracked 
|  41|0x00000000d3b00000, 0x00000000d3b00000, 0x00000000d3c00000|  0%| F|  |TAMS 0x00000000d3b00000, 0x00000000d3b00000| Untracked 
|  42|0x00000000d3c00000, 0x00000000d3c00000, 0x00000000d3d00000|  0%| F|  |TAMS 0x00000000d3c00000, 0x00000000d3c00000| Untracked 
|  43|0x00000000d3d00000, 0x00000000d3d00000, 0x00000000d3e00000|  0%| F|  |TAMS 0x00000000d3d00000, 0x00000000d3d00000| Untracked 
|  44|0x00000000d3e00000, 0x00000000d3e00000, 0x00000000d3f00000|  0%| F|  |TAMS 0x00000000d3e00000, 0x00000000d3e00000| Untracked 
|  45|0x00000000d3f00000, 0x00000000d3f00000, 0x00000000d4000000|  0%| F|  |TAMS 0x00000000d3f00000, 0x00000000d3f00000| Untracked 
|  46|0x00000000d4000000, 0x00000000d4000000, 0x00000000d4100000|  0%| F|  |TAMS 0x00000000d4000000, 0x00000000d4000000| Untracked 
|  47|0x00000000d4100000, 0x00000000d4100000, 0x00000000d4200000|  0%| F|  |TAMS 0x00000000d4100000, 0x00000000d4100000| Untracked 
|  48|0x00000000d4200000, 0x00000000d4200000, 0x00000000d4300000|  0%| F|  |TAMS 0x00000000d4200000, 0x00000000d4200000| Untracked 
|  49|0x00000000d4300000, 0x00000000d4300000, 0x00000000d4400000|  0%| F|  |TAMS 0x00000000d4300000, 0x00000000d4300000| Untracked 
|  50|0x00000000d4400000, 0x00000000d4400000, 0x00000000d4500000|  0%| F|  |TAMS 0x00000000d4400000, 0x00000000d4400000| Untracked 
|  51|0x00000000d4500000, 0x00000000d4500000, 0x00000000d4600000|  0%| F|  |TAMS 0x00000000d4500000, 0x00000000d4500000| Untracked 
|  52|0x00000000d4600000, 0x00000000d4600000, 0x00000000d4700000|  0%| F|  |TAMS 0x00000000d4600000, 0x00000000d4600000| Untracked 
|  53|0x00000000d4700000, 0x00000000d4700000, 0x00000000d4800000|  0%| F|  |TAMS 0x00000000d4700000, 0x00000000d4700000| Untracked 
|  54|0x00000000d4800000, 0x00000000d4800000, 0x00000000d4900000|  0%| F|  |TAMS 0x00000000d4800000, 0x00000000d4800000| Untracked 
|  55|0x00000000d4900000, 0x00000000d4900000, 0x00000000d4a00000|  0%| F|  |TAMS 0x00000000d4900000, 0x00000000d4900000| Untracked 
|  56|0x00000000d4a00000, 0x00000000d4a00000, 0x00000000d4b00000|  0%| F|  |TAMS 0x00000000d4a00000, 0x00000000d4a00000| Untracked 
|  57|0x00000000d4b00000, 0x00000000d4b00000, 0x00000000d4c00000|  0%| F|  |TAMS 0x00000000d4b00000, 0x00000000d4b00000| Untracked 
|  58|0x00000000d4c00000, 0x00000000d4c00000, 0x00000000d4d00000|  0%| F|  |TAMS 0x00000000d4c00000, 0x00000000d4c00000| Untracked 
|  59|0x00000000d4d00000, 0x00000000d4d00000, 0x00000000d4e00000|  0%| F|  |TAMS 0x00000000d4d00000, 0x00000000d4d00000| Untracked 
|  60|0x00000000d4e00000, 0x00000000d4e00000, 0x00000000d4f00000|  0%| F|  |TAMS 0x00000000d4e00000, 0x00000000d4e00000| Untracked 
|  61|0x00000000d4f00000, 0x00000000d4f00000, 0x00000000d5000000|  0%| F|  |TAMS 0x00000000d4f00000, 0x00000000d4f00000| Untracked 
|  62|0x00000000d5000000, 0x00000000d5000000, 0x00000000d5100000|  0%| F|  |TAMS 0x00000000d5000000, 0x00000000d5000000| Untracked 
|  63|0x00000000d5100000, 0x00000000d5100000, 0x00000000d5200000|  0%| F|  |TAMS 0x00000000d5100000, 0x00000000d5100000| Untracked 
|  64|0x00000000d5200000, 0x00000000d5200000, 0x00000000d5300000|  0%| F|  |TAMS 0x00000000d5200000, 0x00000000d5200000| Untracked 
|  65|0x00000000d5300000, 0x00000000d5300000, 0x00000000d5400000|  0%| F|  |TAMS 0x00000000d5300000, 0x00000000d5300000| Untracked 
|  66|0x00000000d5400000, 0x00000000d5400000, 0x00000000d5500000|  0%| F|  |TAMS 0x00000000d5400000, 0x00000000d5400000| Untracked 
|  67|0x00000000d5500000, 0x00000000d5500000, 0x00000000d5600000|  0%| F|  |TAMS 0x00000000d5500000, 0x00000000d5500000| Untracked 
|  68|0x00000000d5600000, 0x00000000d5600000, 0x00000000d5700000|  0%| F|  |TAMS 0x00000000d5600000, 0x00000000d5600000| Untracked 
|  69|0x00000000d5700000, 0x00000000d5700000, 0x00000000d5800000|  0%| F|  |TAMS 0x00000000d5700000, 0x00000000d5700000| Untracked 
|  70|0x00000000d5800000, 0x00000000d5800000, 0x00000000d5900000|  0%| F|  |TAMS 0x00000000d5800000, 0x00000000d5800000| Untracked 
|  71|0x00000000d5900000, 0x00000000d5900000, 0x00000000d5a00000|  0%| F|  |TAMS 0x00000000d5900000, 0x00000000d5900000| Untracked 
|  72|0x00000000d5a00000, 0x00000000d5a00000, 0x00000000d5b00000|  0%| F|  |TAMS 0x00000000d5a00000, 0x00000000d5a00000| Untracked 
|  73|0x00000000d5b00000, 0x00000000d5b00000, 0x00000000d5c00000|  0%| F|  |TAMS 0x00000000d5b00000, 0x00000000d5b00000| Untracked 
|  74|0x00000000d5c00000, 0x00000000d5c00000, 0x00000000d5d00000|  0%| F|  |TAMS 0x00000000d5c00000, 0x00000000d5c00000| Untracked 
|  75|0x00000000d5d00000, 0x00000000d5d00000, 0x00000000d5e00000|  0%| F|  |TAMS 0x00000000d5d00000, 0x00000000d5d00000| Untracked 
|  76|0x00000000d5e00000, 0x00000000d5e00000, 0x00000000d5f00000|  0%| F|  |TAMS 0x00000000d5e00000, 0x00000000d5e00000| Untracked 
|  77|0x00000000d5f00000, 0x00000000d5f00000, 0x00000000d6000000|  0%| F|  |TAMS 0x00000000d5f00000, 0x00000000d5f00000| Untracked 
|  78|0x00000000d6000000, 0x00000000d6000000, 0x00000000d6100000|  0%| F|  |TAMS 0x00000000d6000000, 0x00000000d6000000| Untracked 
|  79|0x00000000d6100000, 0x00000000d6100000, 0x00000000d6200000|  0%| F|  |TAMS 0x00000000d6100000, 0x00000000d6100000| Untracked 
|  80|0x00000000d6200000, 0x00000000d6200000, 0x00000000d6300000|  0%| F|  |TAMS 0x00000000d6200000, 0x00000000d6200000| Untracked 
|  81|0x00000000d6300000, 0x00000000d6300000, 0x00000000d6400000|  0%| F|  |TAMS 0x00000000d6300000, 0x00000000d6300000| Untracked 
|  82|0x00000000d6400000, 0x00000000d6400000, 0x00000000d6500000|  0%| F|  |TAMS 0x00000000d6400000, 0x00000000d6400000| Untracked 
|  83|0x00000000d6500000, 0x00000000d6500000, 0x00000000d6600000|  0%| F|  |TAMS 0x00000000d6500000, 0x00000000d6500000| Untracked 
|  84|0x00000000d6600000, 0x00000000d6600000, 0x00000000d6700000|  0%| F|  |TAMS 0x00000000d6600000, 0x00000000d6600000| Untracked 
|  85|0x00000000d6700000, 0x00000000d6700000, 0x00000000d6800000|  0%| F|  |TAMS 0x00000000d6700000, 0x00000000d6700000| Untracked 
|  86|0x00000000d6800000, 0x00000000d6800000, 0x00000000d6900000|  0%| F|  |TAMS 0x00000000d6800000, 0x00000000d6800000| Untracked 
|  87|0x00000000d6900000, 0x00000000d6900000, 0x00000000d6a00000|  0%| F|  |TAMS 0x00000000d6900000, 0x00000000d6900000| Untracked 
|  88|0x00000000d6a00000, 0x00000000d6a00000, 0x00000000d6b00000|  0%| F|  |TAMS 0x00000000d6a00000, 0x00000000d6a00000| Untracked 
|  89|0x00000000d6b00000, 0x00000000d6b00000, 0x00000000d6c00000|  0%| F|  |TAMS 0x00000000d6b00000, 0x00000000d6b00000| Untracked 
|  90|0x00000000d6c00000, 0x00000000d6c00000, 0x00000000d6d00000|  0%| F|  |TAMS 0x00000000d6c00000, 0x00000000d6c00000| Untracked 
|  91|0x00000000d6d00000, 0x00000000d6d00000, 0x00000000d6e00000|  0%| F|  |TAMS 0x00000000d6d00000, 0x00000000d6d00000| Untracked 
|  92|0x00000000d6e00000, 0x00000000d6e00000, 0x00000000d6f00000|  0%| F|  |TAMS 0x00000000d6e00000, 0x00000000d6e00000| Untracked 
|  93|0x00000000d6f00000, 0x00000000d6f00000, 0x00000000d7000000|  0%| F|  |TAMS 0x00000000d6f00000, 0x00000000d6f00000| Untracked 
|  94|0x00000000d7000000, 0x00000000d7000000, 0x00000000d7100000|  0%| F|  |TAMS 0x00000000d7000000, 0x00000000d7000000| Untracked 
|  95|0x00000000d7100000, 0x00000000d7100000, 0x00000000d7200000|  0%| F|  |TAMS 0x00000000d7100000, 0x00000000d7100000| Untracked 
|  96|0x00000000d7200000, 0x00000000d7200000, 0x00000000d7300000|  0%| F|  |TAMS 0x00000000d7200000, 0x00000000d7200000| Untracked 
|  97|0x00000000d7300000, 0x00000000d7300000, 0x00000000d7400000|  0%| F|  |TAMS 0x00000000d7300000, 0x00000000d7300000| Untracked 
|  98|0x00000000d7400000, 0x00000000d7400000, 0x00000000d7500000|  0%| F|  |TAMS 0x00000000d7400000, 0x00000000d7400000| Untracked 
|  99|0x00000000d7500000, 0x00000000d7500000, 0x00000000d7600000|  0%| F|  |TAMS 0x00000000d7500000, 0x00000000d7500000| Untracked 
| 100|0x00000000d7600000, 0x00000000d7600000, 0x00000000d7700000|  0%| F|  |TAMS 0x00000000d7600000, 0x00000000d7600000| Untracked 
| 101|0x00000000d7700000, 0x00000000d7700000, 0x00000000d7800000|  0%| F|  |TAMS 0x00000000d7700000, 0x00000000d7700000| Untracked 
| 102|0x00000000d7800000, 0x00000000d7800000, 0x00000000d7900000|  0%| F|  |TAMS 0x00000000d7800000, 0x00000000d7800000| Untracked 
| 103|0x00000000d7900000, 0x00000000d7900000, 0x00000000d7a00000|  0%| F|  |TAMS 0x00000000d7900000, 0x00000000d7900000| Untracked 
| 104|0x00000000d7a00000, 0x00000000d7a00000, 0x00000000d7b00000|  0%| F|  |TAMS 0x00000000d7a00000, 0x00000000d7a00000| Untracked 
| 105|0x00000000d7b00000, 0x00000000d7b00000, 0x00000000d7c00000|  0%| F|  |TAMS 0x00000000d7b00000, 0x00000000d7b00000| Untracked 
| 106|0x00000000d7c00000, 0x00000000d7c00000, 0x00000000d7d00000|  0%| F|  |TAMS 0x00000000d7c00000, 0x00000000d7c00000| Untracked 
| 107|0x00000000d7d00000, 0x00000000d7d00000, 0x00000000d7e00000|  0%| F|  |TAMS 0x00000000d7d00000, 0x00000000d7d00000| Untracked 
| 108|0x00000000d7e00000, 0x00000000d7e00000, 0x00000000d7f00000|  0%| F|  |TAMS 0x00000000d7e00000, 0x00000000d7e00000| Untracked 
| 109|0x00000000d7f00000, 0x00000000d7f00000, 0x00000000d8000000|  0%| F|  |TAMS 0x00000000d7f00000, 0x00000000d7f00000| Untracked 
| 110|0x00000000d8000000, 0x00000000d8000000, 0x00000000d8100000|  0%| F|  |TAMS 0x00000000d8000000, 0x00000000d8000000| Untracked 
| 111|0x00000000d8100000, 0x00000000d8100000, 0x00000000d8200000|  0%| F|  |TAMS 0x00000000d8100000, 0x00000000d8100000| Untracked 
| 112|0x00000000d8200000, 0x00000000d8200000, 0x00000000d8300000|  0%| F|  |TAMS 0x00000000d8200000, 0x00000000d8200000| Untracked 
| 113|0x00000000d8300000, 0x00000000d8300000, 0x00000000d8400000|  0%| F|  |TAMS 0x00000000d8300000, 0x00000000d8300000| Untracked 
| 114|0x00000000d8400000, 0x00000000d8400000, 0x00000000d8500000|  0%| F|  |TAMS 0x00000000d8400000, 0x00000000d8400000| Untracked 
| 115|0x00000000d8500000, 0x00000000d8500000, 0x00000000d8600000|  0%| F|  |TAMS 0x00000000d8500000, 0x00000000d8500000| Untracked 
| 116|0x00000000d8600000, 0x00000000d866c080, 0x00000000d8700000| 42%| E|  |TAMS 0x00000000d8600000, 0x00000000d8600000| Complete 
| 117|0x00000000d8700000, 0x00000000d8800000, 0x00000000d8800000|100%| E|CS|TAMS 0x00000000d8700000, 0x00000000d8700000| Complete 
| 118|0x00000000d8800000, 0x00000000d8900000, 0x00000000d8900000|100%| E|CS|TAMS 0x00000000d8800000, 0x00000000d8800000| Complete 
| 119|0x00000000d8900000, 0x00000000d8a00000, 0x00000000d8a00000|100%| E|CS|TAMS 0x00000000d8900000, 0x00000000d8900000| Complete 
| 120|0x00000000d8a00000, 0x00000000d8b00000, 0x00000000d8b00000|100%| E|CS|TAMS 0x00000000d8a00000, 0x00000000d8a00000| Complete 
| 121|0x00000000d8b00000, 0x00000000d8c00000, 0x00000000d8c00000|100%| E|CS|TAMS 0x00000000d8b00000, 0x00000000d8b00000| Complete 
| 122|0x00000000d8c00000, 0x00000000d8d00000, 0x00000000d8d00000|100%| E|CS|TAMS 0x00000000d8c00000, 0x00000000d8c00000| Complete 
| 123|0x00000000d8d00000, 0x00000000d8e00000, 0x00000000d8e00000|100%| E|CS|TAMS 0x00000000d8d00000, 0x00000000d8d00000| Complete 
| 124|0x00000000d8e00000, 0x00000000d8f00000, 0x00000000d8f00000|100%| E|CS|TAMS 0x00000000d8e00000, 0x00000000d8e00000| Complete 
| 125|0x00000000d8f00000, 0x00000000d9000000, 0x00000000d9000000|100%| E|CS|TAMS 0x00000000d8f00000, 0x00000000d8f00000| Complete 
| 126|0x00000000d9000000, 0x00000000d9100000, 0x00000000d9100000|100%| E|CS|TAMS 0x00000000d9000000, 0x00000000d9000000| Complete 
| 127|0x00000000d9100000, 0x00000000d9200000, 0x00000000d9200000|100%| E|CS|TAMS 0x00000000d9100000, 0x00000000d9100000| Complete 

Card table byte_map: [0x000001c976bb0000,0x000001c976d30000] _byte_map_base: 0x000001c976527000

Marking Bits (Prev, Next): (CMBitMap*) 0x000001c972da0420, (CMBitMap*) 0x000001c972da03e0
 Prev Bits: [0x000001c977a70000, 0x000001c978628000)
 Next Bits: [0x000001c976eb0000, 0x000001c977a68000)

Polling page: 0x000001c972540000

Metaspace:

Usage:
  Non-class:     21.95 MB used.
      Class:      2.46 MB used.
       Both:     24.41 MB used.

Virtual space:
  Non-class space:       24.00 MB reserved,      22.06 MB ( 92%) committed,  3 nodes.
      Class space:        1.00 GB reserved,       2.56 MB ( <1%) committed,  1 nodes.
             Both:        1.02 GB reserved,      24.62 MB (  2%) committed. 

Chunk freelists:
   Non-Class:  1.98 MB
       Class:  1.48 MB
        Both:  3.46 MB

MaxMetaspaceSize: unlimited
CompressedClassSpaceSize: 1.00 GB
Initial GC threshold: 21.00 MB
Current GC threshold: 40.00 MB
CDS: off
MetaspaceReclaimPolicy: balanced
 - commit_granule_bytes: 65536.
 - commit_granule_words: 8192.
 - virtual_space_node_default_size: 1048576.
 - enlarge_chunks_in_place: 1.
 - new_chunks_are_fully_committed: 0.
 - uncommit_free_chunks: 1.
 - use_allocation_guard: 0.
 - handle_deallocations: 1.


Internal statistics:

num_allocs_failed_limit: 3.
num_arena_births: 376.
num_arena_deaths: 168.
num_vsnodes_births: 4.
num_vsnodes_deaths: 0.
num_space_committed: 394.
num_space_uncommitted: 0.
num_chunks_returned_to_freelist: 233.
num_chunks_taken_from_freelist: 780.
num_chunk_merges: 67.
num_chunk_splits: 393.
num_chunks_enlarged: 193.
num_purges: 6.
num_inconsistent_stats: 0.

CodeHeap 'non-profiled nmethods': size=120000Kb used=1680Kb max_used=1680Kb free=118319Kb
 bounds [0x000001c907ad0000, 0x000001c907d40000, 0x000001c90f000000]
CodeHeap 'profiled nmethods': size=120000Kb used=6127Kb max_used=6127Kb free=113872Kb
 bounds [0x000001c9005a0000, 0x000001c900ba0000, 0x000001c907ad0000]
CodeHeap 'non-nmethods': size=5760Kb used=1285Kb max_used=1342Kb free=4474Kb
 bounds [0x000001c900000000, 0x000001c900270000, 0x000001c9005a0000]
 total_blobs=3661 nmethods=3057 adapters=516
 compilation: enabled
              stopped_count=0, restarted_count=0
 full_count=0

Compilation events (20 events):
Event: 16891.773 Thread 0x000001c97b2dbb80 3052       3       java.util.stream.IntPipeline$10$1::begin (13 bytes)
Event: 16891.773 Thread 0x000001c97b2dbb80 nmethod 3052 0x000001c900b95c90 code [0x000001c900b95e40, 0x000001c900b96008]
Event: 16891.773 Thread 0x000001c97b2dbb80 3053       3       java.util.Formatter::zero (57 bytes)
Event: 16891.774 Thread 0x000001c97b2dbb80 nmethod 3053 0x000001c900b96110 code [0x000001c900b962c0, 0x000001c900b96558]
Event: 16891.774 Thread 0x000001c97b2dbb80 3032       1       java.lang.reflect.Field::getType (5 bytes)
Event: 16891.774 Thread 0x000001c97b2dbb80 nmethod 3032 0x000001c907c60e90 code [0x000001c907c61020, 0x000001c907c610f8]
Event: 16891.793 Thread 0x000001c97b2dbb80 3055       3       com.sun.crypto.provider.GaloisCounterMode$GCMDecrypt::doFinal (512 bytes)
Event: 16891.795 Thread 0x000001c97b2dbb80 nmethod 3055 0x000001c900b96690 code [0x000001c900b96c00, 0x000001c900b99b48]
Event: 16891.795 Thread 0x000001c97b2dbb80 3056       1       java.io.SerialCallbackContext::getDesc (5 bytes)
Event: 16891.795 Thread 0x000001c97b2dbb80 nmethod 3056 0x000001c907c61190 code [0x000001c907c61320, 0x000001c907c613f8]
Event: 16891.808 Thread 0x000001c97b2dbb80 3057       3       com.sun.crypto.provider.GHASH::digest (50 bytes)
Event: 16891.808 Thread 0x000001c97b2dbb80 nmethod 3057 0x000001c900b9ac10 code [0x000001c900b9ae80, 0x000001c900b9ba38]
Event: 16892.106 Thread 0x000001c97b2d7cd0 nmethod 3023 0x000001c907c61490 code [0x000001c907c61ba0, 0x000001c907c6c8f0]
Event: 16892.107 Thread 0x000001c97b2d7cd0 3026 %     4       java.io.DataOutputStream::writeUTF @ 187 (411 bytes)
Event: 16892.112 Thread 0x000001c97b2d7cd0 nmethod 3026% 0x000001c907c73010 code [0x000001c907c731c0, 0x000001c907c73828]
Event: 16892.112 Thread 0x000001c97b2d7cd0 3034       4       java.lang.Integer::valueOf (32 bytes)
Event: 16892.112 Thread 0x000001c97b2d7cd0 nmethod 3034 0x000001c907c73c10 code [0x000001c907c73da0, 0x000001c907c73e78]
Event: 16956.890 Thread 0x000001c97b2dbb80 3058       1       java.lang.Thread::getThreadGroup (5 bytes)
Event: 16956.890 Thread 0x000001c97b2dbb80 nmethod 3058 0x000001c907c73f10 code [0x000001c907c740a0, 0x000001c907c74178]
Event: 16976.648 Thread 0x000001c97b2dbb80 3059       3       java.io.ObjectOutputStream::writeClassDesc (60 bytes)

GC Heap History (12 events):
Event: 0.918 GC heap before
{Heap before GC invocations=0 (full 0):
 garbage-first heap   total 131072K, used 25600K [0x00000000d1200000, 0x0000000100000000)
  region size 1024K, 23 young (23552K), 0 survivors (0K)
 Metaspace       used 21326K, committed 21504K, reserved 1073152K
  class space    used 2262K, committed 2368K, reserved 1048576K
}
Event: 0.923 GC heap after
{Heap after GC invocations=1 (full 0):
 garbage-first heap   total 131072K, used 8665K [0x00000000d1200000, 0x0000000100000000)
  region size 1024K, 3 young (3072K), 3 survivors (3072K)
 Metaspace       used 21326K, committed 21504K, reserved 1073152K
  class space    used 2262K, committed 2368K, reserved 1048576K
}
Event: 1056.086 GC heap before
{Heap before GC invocations=2 (full 0):
 garbage-first heap   total 131072K, used 26073K [0x00000000d1200000, 0x0000000100000000)
  region size 1024K, 20 young (20480K), 3 survivors (3072K)
 Metaspace       used 24140K, committed 24384K, reserved 1073152K
  class space    used 2481K, committed 2560K, reserved 1048576K
}
Event: 1056.089 GC heap after
{Heap after GC invocations=3 (full 0):
 garbage-first heap   total 131072K, used 10001K [0x00000000d1200000, 0x0000000100000000)
  region size 1024K, 2 young (2048K), 2 survivors (2048K)
 Metaspace       used 24140K, committed 24384K, reserved 1073152K
  class space    used 2481K, committed 2560K, reserved 1048576K
}
Event: 3600.928 GC heap before
{Heap before GC invocations=3 (full 0):
 garbage-first heap   total 131072K, used 18193K [0x00000000d1200000, 0x0000000100000000)
  region size 1024K, 11 young (11264K), 2 survivors (2048K)
 Metaspace       used 24318K, committed 24576K, reserved 1073152K
  class space    used 2483K, committed 2560K, reserved 1048576K
}
Event: 3600.938 GC heap after
{Heap after GC invocations=4 (full 1):
 garbage-first heap   total 131072K, used 9012K [0x00000000d1200000, 0x0000000100000000)
  region size 1024K, 0 young (0K), 0 survivors (0K)
 Metaspace       used 24185K, committed 24576K, reserved 1073152K
  class space    used 2452K, committed 2560K, reserved 1048576K
}
Event: 7200.938 GC heap before
{Heap before GC invocations=4 (full 1):
 garbage-first heap   total 131072K, used 20276K [0x00000000d1200000, 0x0000000100000000)
  region size 1024K, 12 young (12288K), 0 survivors (0K)
 Metaspace       used 24313K, committed 24640K, reserved 1073152K
  class space    used 2460K, committed 2560K, reserved 1048576K
}
Event: 7200.948 GC heap after
{Heap after GC invocations=5 (full 2):
 garbage-first heap   total 131072K, used 9280K [0x00000000d1200000, 0x0000000100000000)
  region size 1024K, 0 young (0K), 0 survivors (0K)
 Metaspace       used 24313K, committed 24640K, reserved 1073152K
  class space    used 2460K, committed 2560K, reserved 1048576K
}
Event: 10800.948 GC heap before
{Heap before GC invocations=5 (full 2):
 garbage-first heap   total 131072K, used 18496K [0x00000000d1200000, 0x0000000100000000)
  region size 1024K, 10 young (10240K), 0 survivors (0K)
 Metaspace       used 24449K, committed 24704K, reserved 1073152K
  class space    used 2468K, committed 2560K, reserved 1048576K
}
Event: 10800.958 GC heap after
{Heap after GC invocations=6 (full 3):
 garbage-first heap   total 131072K, used 9080K [0x00000000d1200000, 0x0000000100000000)
  region size 1024K, 0 young (0K), 0 survivors (0K)
 Metaspace       used 24425K, committed 24704K, reserved 1073152K
  class space    used 2464K, committed 2560K, reserved 1048576K
}
Event: 14400.959 GC heap before
{Heap before GC invocations=6 (full 3):
 garbage-first heap   total 131072K, used 15224K [0x00000000d1200000, 0x0000000100000000)
  region size 1024K, 7 young (7168K), 0 survivors (0K)
 Metaspace       used 24426K, committed 24704K, reserved 1073152K
  class space    used 2464K, committed 2560K, reserved 1048576K
}
Event: 14400.970 GC heap after
{Heap after GC invocations=7 (full 4):
 garbage-first heap   total 131072K, used 8868K [0x00000000d1200000, 0x0000000100000000)
  region size 1024K, 0 young (0K), 0 survivors (0K)
 Metaspace       used 24360K, committed 24704K, reserved 1073152K
  class space    used 2453K, committed 2560K, reserved 1048576K
}

Dll operation events (1 events):
Event: 0.004 Loaded shared library D:\ITdevelop\IntelliJ IDEA 2022.3.1\jbr\bin\java.dll

Deoptimization events (20 events):
Event: 5224.432 Thread 0x000001c97c1ac7b0 Uncommon trap: trap_request=0xffffff45 fr.pc=0x000001c907bf3be4 relative=0x0000000000000064
Event: 5224.432 Thread 0x000001c97c1ac7b0 Uncommon trap: reason=unstable_if action=reinterpret pc=0x000001c907bf3be4 method=java.io.ObjectStreamClass.getSerialVersionUID()J @ 4 c2
Event: 5224.432 Thread 0x000001c97c1ac7b0 DEOPT PACKING pc=0x000001c907bf3be4 sp=0x0000006f07dfe1e0
Event: 5224.432 Thread 0x000001c97c1ac7b0 DEOPT UNPACKING pc=0x000001c9000523a3 sp=0x0000006f07dfe178 mode 2
Event: 15280.275 Thread 0x000001c97c1adaf0 Uncommon trap: trap_request=0xffffff45 fr.pc=0x000001c907bacc38 relative=0x0000000000000038
Event: 15280.275 Thread 0x000001c97c1adaf0 Uncommon trap: reason=unstable_if action=reinterpret pc=0x000001c907bacc38 method=java.util.concurrent.locks.AbstractQueuedSynchronizer.signalNext(Ljava/util/concurrent/locks/AbstractQueuedSynchronizer$Node;)V @ 10 c2
Event: 15280.275 Thread 0x000001c97c1adaf0 DEOPT PACKING pc=0x000001c907bacc38 sp=0x0000006f05cfeda0
Event: 15280.275 Thread 0x000001c97c1adaf0 DEOPT UNPACKING pc=0x000001c9000523a3 sp=0x0000006f05cfed20 mode 2
Event: 16891.655 Thread 0x000001c97c1abe10 Uncommon trap: trap_request=0xffffffcc fr.pc=0x000001c907c2d07c relative=0x00000000000068fc
Event: 16891.655 Thread 0x000001c97c1abe10 Uncommon trap: reason=intrinsic_or_type_checked_inlining action=make_not_entrant pc=0x000001c907c2d07c method=java.util.ArrayList.toArray([Ljava/lang/Object;)[Ljava/lang/Object; @ 36 c2
Event: 16891.655 Thread 0x000001c97c1abe10 DEOPT PACKING pc=0x000001c907c2d07c sp=0x0000006f07bfe910
Event: 16891.656 Thread 0x000001c97c1abe10 DEOPT UNPACKING pc=0x000001c9000523a3 sp=0x0000006f07bfe710 mode 2
Event: 16891.686 Thread 0x000001c97c1ac7b0 DEOPT PACKING pc=0x000001c90064b37a sp=0x0000006f07dfdac0
Event: 16891.686 Thread 0x000001c97c1ac7b0 DEOPT UNPACKING pc=0x000001c900052b43 sp=0x0000006f07dfced8 mode 0
Event: 16891.687 Thread 0x000001c97c1ac7b0 DEOPT PACKING pc=0x000001c90093b83a sp=0x0000006f07dfcbe0
Event: 16891.687 Thread 0x000001c97c1ac7b0 DEOPT UNPACKING pc=0x000001c900052b43 sp=0x0000006f07dfc0a0 mode 0
Event: 16891.766 Thread 0x000001c97c1ac7b0 Uncommon trap: trap_request=0xffffff45 fr.pc=0x000001c907bebb18 relative=0x0000000000003198
Event: 16891.766 Thread 0x000001c97c1ac7b0 Uncommon trap: reason=unstable_if action=reinterpret pc=0x000001c907bebb18 method=java.io.ObjectStreamClass.getSerialVersionUID()J @ 4 c2
Event: 16891.766 Thread 0x000001c97c1ac7b0 DEOPT PACKING pc=0x000001c907bebb18 sp=0x0000006f07dfdb50
Event: 16891.766 Thread 0x000001c97c1ac7b0 DEOPT UNPACKING pc=0x000001c9000523a3 sp=0x0000006f07dfd9d0 mode 2

Classes unloaded (20 events):
Event: 14400.962 Thread 0x000001c97b286dd0 Unloading class 0x000000010014e800 'jdk/internal/reflect/GeneratedMethodAccessor29'
Event: 14400.962 Thread 0x000001c97b286dd0 Unloading class 0x0000000100284c00 'jdk/internal/reflect/GeneratedMethodAccessor28'
Event: 14400.962 Thread 0x000001c97b286dd0 Unloading class 0x0000000100284800 'jdk/internal/reflect/GeneratedMethodAccessor27'
Event: 14400.962 Thread 0x000001c97b286dd0 Unloading class 0x0000000100285400 'jdk/internal/reflect/GeneratedMethodAccessor26'
Event: 14400.962 Thread 0x000001c97b286dd0 Unloading class 0x0000000100285000 'jdk/internal/reflect/GeneratedMethodAccessor25'
Event: 14400.962 Thread 0x000001c97b286dd0 Unloading class 0x0000000100084c00 'jdk/internal/reflect/GeneratedMethodAccessor24'
Event: 14400.962 Thread 0x000001c97b286dd0 Unloading class 0x0000000100085400 'jdk/internal/reflect/GeneratedMethodAccessor23'
Event: 14400.962 Thread 0x000001c97b286dd0 Unloading class 0x0000000100085800 'jdk/internal/reflect/GeneratedMethodAccessor22'
Event: 14400.962 Thread 0x000001c97b286dd0 Unloading class 0x0000000100086c00 'jdk/internal/reflect/GeneratedMethodAccessor21'
Event: 14400.962 Thread 0x000001c97b286dd0 Unloading class 0x000000010008b800 'jdk/internal/reflect/GeneratedSerializationConstructorAccessor36'
Event: 14400.962 Thread 0x000001c97b286dd0 Unloading class 0x0000000100140000 'jdk/internal/reflect/GeneratedSerializationConstructorAccessor35'
Event: 14400.962 Thread 0x000001c97b286dd0 Unloading class 0x0000000100140c00 'jdk/internal/reflect/GeneratedSerializationConstructorAccessor34'
Event: 14400.962 Thread 0x000001c97b286dd0 Unloading class 0x0000000100141800 'jdk/internal/reflect/GeneratedSerializationConstructorAccessor33'
Event: 14400.962 Thread 0x000001c97b286dd0 Unloading class 0x0000000100288400 'jdk/internal/reflect/GeneratedMethodAccessor1'
Event: 14400.962 Thread 0x000001c97b286dd0 Unloading class 0x0000000100288000 'jdk/internal/reflect/GeneratedSerializationConstructorAccessor24'
Event: 14400.962 Thread 0x000001c97b286dd0 Unloading class 0x0000000100285c00 'jdk/internal/reflect/GeneratedSerializationConstructorAccessor23'
Event: 14400.962 Thread 0x000001c97b286dd0 Unloading class 0x0000000100285800 'jdk/internal/reflect/GeneratedSerializationConstructorAccessor22'
Event: 14400.962 Thread 0x000001c97b286dd0 Unloading class 0x0000000100284400 'jdk/internal/reflect/GeneratedSerializationConstructorAccessor17'
Event: 14400.962 Thread 0x000001c97b286dd0 Unloading class 0x0000000100284000 'jdk/internal/reflect/GeneratedSerializationConstructorAccessor16'
Event: 14400.962 Thread 0x000001c97b286dd0 Unloading class 0x000000010025cc00 'jdk/internal/reflect/GeneratedSerializationConstructorAccessor15'

Classes redefined (0 events):
No events

Internal exceptions (20 events):
Event: 0.646 Thread 0x000001c97c1ac7b0 Exception <a 'java/lang/NoSuchMethodError'{0x00000000d85a2d58}: 'void java.lang.invoke.DirectMethodHandle$Holder.invokeStatic(java.lang.Object, java.lang.Object, java.lang.Object)'> (0x00000000d85a2d58) 
thrown [s\src\hotspot\share\interpreter\linkResolver.cpp, line 771]
Event: 0.646 Thread 0x000001c97c1ac7b0 Exception <a 'java/lang/NoSuchMethodError'{0x00000000d85ad158}: 'java.lang.Object java.lang.invoke.DirectMethodHandle$Holder.invokeVirtual(java.lang.Object, java.lang.Object, java.lang.Object)'> (0x00000000d85ad158) 
thrown [s\src\hotspot\share\interpreter\linkResolver.cpp, line 771]
Event: 0.718 Thread 0x000001c97c1ac7b0 Exception <a 'java/lang/NoSuchMethodError'{0x00000000d81cafb8}: 'void java.lang.invoke.DirectMethodHandle$Holder.invokeStaticInit(java.lang.Object, java.lang.Object)'> (0x00000000d81cafb8) 
thrown [s\src\hotspot\share\interpreter\linkResolver.cpp, line 771]
Event: 0.795 Thread 0x000001c97c1ac7b0 Exception <a 'sun/nio/fs/WindowsException'{0x00000000d7e8f830}> (0x00000000d7e8f830) 
thrown [s\src\hotspot\share\prims\jni.cpp, line 517]
Event: 0.805 Thread 0x000001c97c1ac7b0 Exception <a 'java/lang/NoSuchMethodError'{0x00000000d7eb3ba0}: 'int java.lang.invoke.DirectMethodHandle$Holder.invokeStaticInit(java.lang.Object, java.lang.Object, java.lang.Object, java.lang.Object)'> (0x00000000d7eb3ba0) 
thrown [s\src\hotspot\share\interpreter\linkResolver.cpp, line 771]
Event: 0.806 Thread 0x000001c97c1ac7b0 Exception <a 'java/lang/IncompatibleClassChangeError'{0x00000000d7ec1600}: Found class java.lang.Object, but interface was expected> (0x00000000d7ec1600) 
thrown [s\src\hotspot\share\interpreter\linkResolver.cpp, line 838]
Event: 0.806 Thread 0x000001c97c1ac7b0 Exception <a 'java/lang/NoSuchMethodError'{0x00000000d7ec6e60}: 'int java.lang.invoke.DirectMethodHandle$Holder.invokeStaticInit(java.lang.Object, java.lang.Object)'> (0x00000000d7ec6e60) 
thrown [s\src\hotspot\share\interpreter\linkResolver.cpp, line 771]
Event: 0.982 Thread 0x000001c97c1ac7b0 Implicit null exception at 0x000001c907b05275 to 0x000001c907b0597c
Event: 0.983 Thread 0x000001c97c1ac7b0 Exception <a 'java/lang/NoSuchMethodError'{0x00000000d8f50500}: 'java.lang.Object java.lang.invoke.DirectMethodHandle$Holder.newInvokeSpecial(java.lang.Object, java.lang.Object, int)'> (0x00000000d8f50500) 
thrown [s\src\hotspot\share\interpreter\linkResolver.cpp, line 771]
Event: 1.084 Thread 0x000001c97c1ac7b0 Implicit null exception at 0x000001c907b4cd72 to 0x000001c907b4d464
Event: 1.236 Thread 0x000001c97c1ac7b0 Exception <a 'java/lang/NoSuchMethodError'{0x00000000d8a63a88}: static Lcom/intellij/database/remote/jdbc/RemoteResultSet$DataRetrievingOptions;.<clinit>()V> (0x00000000d8a63a88) 
thrown [s\src\hotspot\share\prims\jni.cpp, line 1108]
Event: 1.247 Thread 0x000001c97c1ac7b0 Exception <a 'java/lang/NoSuchMethodError'{0x00000000d8ada418}: static [Ljava/lang/Object;.<clinit>()V> (0x00000000d8ada418) 
thrown [s\src\hotspot\share\prims\jni.cpp, line 1108]
Event: 44.983 Thread 0x000001c97c1ac7b0 Exception <a 'java/io/IOException'{0x00000000d87e9068}> (0x00000000d87e9068) 
thrown [s\src\hotspot\share\prims\jni.cpp, line 517]
Event: 2065.887 Thread 0x000001c97c1ac7b0 Exception <a 'java/io/IOException'{0x00000000d8c4a818}> (0x00000000d8c4a818) 
thrown [s\src\hotspot\share\prims\jni.cpp, line 517]
Event: 5224.432 Thread 0x000001c97c1ac7b0 Exception <a 'java/lang/NoSuchMethodError'{0x00000000d8a51560}: static Lcom/intellij/database/remote/jdbc/RemoteResultSet$DataRetrievingOptions;.<clinit>()V> (0x00000000d8a51560) 
thrown [s\src\hotspot\share\prims\jni.cpp, line 1108]
Event: 15277.717 Thread 0x000001c97c09bf50 Exception <a 'java/lang/NoSuchMethodError'{0x00000000d8f95130}: 'void java.lang.invoke.DirectMethodHandle$Holder.invokeStaticInit(java.lang.Object)'> (0x00000000d8f95130) 
thrown [s\src\hotspot\share\interpreter\linkResolver.cpp, line 771]
Event: 15278.071 Thread 0x000001c97c1ac2e0 Exception <a 'java/lang/NoSuchMethodError'{0x00000000d8ffdd78}: 'void java.lang.invoke.DirectMethodHandle$Holder.invokeInterface(java.lang.Object, java.lang.Object)'> (0x00000000d8ffdd78) 
thrown [s\src\hotspot\share\interpreter\linkResolver.cpp, line 771]
Event: 16591.503 Thread 0x000001c97c1ac7b0 Exception <a 'java/net/SocketException'{0x00000000d8cd2090}: Connection reset by peer: shutdown> (0x00000000d8cd2090) 
thrown [s\src\hotspot\share\prims\jni.cpp, line 536]
Event: 16891.763 Thread 0x000001c97c1ac7b0 Exception <a 'java/lang/NoSuchMethodError'{0x00000000d88b9a28}: static Lcom/intellij/database/remote/jdbc/RemoteResultSet$DataRetrievingOptions;.<clinit>()V> (0x00000000d88b9a28) 
thrown [s\src\hotspot\share\prims\jni.cpp, line 1108]
Event: 16891.766 Thread 0x000001c97c1ac7b0 Exception <a 'java/lang/NoSuchMethodError'{0x00000000d88cd9d0}: static [Ljava/lang/Object;.<clinit>()V> (0x00000000d88cd9d0) 
thrown [s\src\hotspot\share\prims\jni.cpp, line 1108]

VM Operations (20 events):
Event: 10800.948 Executing VM operation: G1CollectFull
Event: 10800.958 Executing VM operation: G1CollectFull done
Event: 11702.186 Executing VM operation: Cleanup
Event: 11702.186 Executing VM operation: Cleanup done
Event: 11825.215 Executing VM operation: Cleanup
Event: 11825.215 Executing VM operation: Cleanup done
Event: 14400.959 Executing VM operation: G1CollectFull
Event: 14400.970 Executing VM operation: G1CollectFull done
Event: 15277.718 Executing VM operation: HandshakeAllThreads
Event: 15277.718 Executing VM operation: HandshakeAllThreads done
Event: 15277.718 Executing VM operation: Cleanup
Event: 15277.718 Executing VM operation: Cleanup done
Event: 15279.717 Executing VM operation: Cleanup
Event: 15279.717 Executing VM operation: Cleanup done
Event: 15554.799 Executing VM operation: Cleanup
Event: 15554.799 Executing VM operation: Cleanup done
Event: 15724.854 Executing VM operation: Cleanup
Event: 15724.854 Executing VM operation: Cleanup done
Event: 16892.220 Executing VM operation: Cleanup
Event: 16892.221 Executing VM operation: Cleanup done

Events (20 events):
Event: 16791.928 Thread 0x000001c97c1ad150 Thread added: 0x000001c97c1ad150
Event: 16792.931 Thread 0x000001c97c1ad150 Thread exited: 0x000001c97c1ad150
Event: 16871.763 Thread 0x000001c97c1ac2e0 Thread added: 0x000001c97c1ac2e0
Event: 16872.766 Thread 0x000001c97c1ac2e0 Thread exited: 0x000001c97c1ac2e0
Event: 16906.743 Thread 0x000001c97c1ac2e0 Thread added: 0x000001c97c1ac2e0
Event: 16906.743 Thread 0x000001c97c1adaf0 Thread added: 0x000001c97c1adaf0
Event: 16906.743 Thread 0x000001c97c1adfc0 Thread added: 0x000001c97c1adfc0
Event: 16906.743 Thread 0x000001c97c1ad620 Thread added: 0x000001c97c1ad620
Event: 16906.743 Thread 0x000001c97c1ad150 Thread added: 0x000001c97c1ad150
Event: 16906.743 Thread 0x000001c97e268af0 Thread added: 0x000001c97e268af0
Event: 16906.743 Thread 0x000001c97e2672e0 Thread added: 0x000001c97e2672e0
Event: 16906.744 Thread 0x000001c97c1adfc0 Thread exited: 0x000001c97c1adfc0
Event: 16906.744 Thread 0x000001c97e268af0 Thread exited: 0x000001c97e268af0
Event: 16906.744 Thread 0x000001c97c1adaf0 Thread exited: 0x000001c97c1adaf0
Event: 16906.744 Thread 0x000001c97c1ad620 Thread exited: 0x000001c97c1ad620
Event: 16906.744 Thread 0x000001c97c1ac2e0 Thread exited: 0x000001c97c1ac2e0
Event: 16906.744 Thread 0x000001c97e2672e0 Thread exited: 0x000001c97e2672e0
Event: 16906.745 Thread 0x000001c97c1ad150 Thread exited: 0x000001c97c1ad150
Event: 16956.890 Thread 0x000001c97c1ac2e0 Thread added: 0x000001c97c1ac2e0
Event: 16957.894 Thread 0x000001c97c1ac2e0 Thread exited: 0x000001c97c1ac2e0


Dynamic libraries:
0x00007ff7a6310000 - 0x00007ff7a631a000 	D:\ITdevelop\IntelliJ IDEA 2022.3.1\jbr\bin\java.exe
0x00007ffe857d0000 - 0x00007ffe859c8000 	C:\WINDOWS\SYSTEM32\ntdll.dll
0x00007ffe84f40000 - 0x00007ffe84fff000 	C:\WINDOWS\System32\KERNEL32.DLL
0x00007ffe82ff0000 - 0x00007ffe832c2000 	C:\WINDOWS\System32\KERNELBASE.dll
0x00007ffe832d0000 - 0x00007ffe833d0000 	C:\WINDOWS\System32\ucrtbase.dll
0x00007ffe5cf80000 - 0x00007ffe5cf97000 	D:\ITdevelop\IntelliJ IDEA 2022.3.1\jbr\bin\jli.dll
0x00007ffe84630000 - 0x00007ffe847d1000 	C:\WINDOWS\System32\USER32.dll
0x00007ffe82fc0000 - 0x00007ffe82fe2000 	C:\WINDOWS\System32\win32u.dll
0x00007ffe69c50000 - 0x00007ffe69eea000 	C:\WINDOWS\WinSxS\amd64_microsoft.windows.common-controls_6595b64144ccf1df_6.0.19041.1110_none_60b5254171f9507e\COMCTL32.dll
0x00007ffe84570000 - 0x00007ffe8459b000 	C:\WINDOWS\System32\GDI32.dll
0x00007ffe85400000 - 0x00007ffe8549e000 	C:\WINDOWS\System32\msvcrt.dll
0x00007ffe83470000 - 0x00007ffe8357f000 	C:\WINDOWS\System32\gdi32full.dll
0x00007ffe833d0000 - 0x00007ffe8346d000 	C:\WINDOWS\System32\msvcp_win.dll
0x00007ffe7eac0000 - 0x00007ffe7eadb000 	D:\ITdevelop\IntelliJ IDEA 2022.3.1\jbr\bin\VCRUNTIME140.dll
0x00007ffe85750000 - 0x00007ffe85782000 	C:\WINDOWS\System32\IMM32.DLL
0x00007ffe7eab0000 - 0x00007ffe7eabc000 	D:\ITdevelop\IntelliJ IDEA 2022.3.1\jbr\bin\vcruntime140_1.dll
0x00007ffe621b0000 - 0x00007ffe6223d000 	D:\ITdevelop\IntelliJ IDEA 2022.3.1\jbr\bin\msvcp140.dll
0x00007ffe03980000 - 0x00007ffe045eb000 	D:\ITdevelop\IntelliJ IDEA 2022.3.1\jbr\bin\server\jvm.dll
0x00007ffe85140000 - 0x00007ffe851ee000 	C:\WINDOWS\System32\ADVAPI32.dll
0x00007ffe85520000 - 0x00007ffe855bc000 	C:\WINDOWS\System32\sechost.dll
0x00007ffe851f0000 - 0x00007ffe85315000 	C:\WINDOWS\System32\RPCRT4.dll
0x00007ffe5fce0000 - 0x00007ffe5fce9000 	C:\WINDOWS\SYSTEM32\WSOCK32.dll
0x00007ffe7c690000 - 0x00007ffe7c6b7000 	C:\WINDOWS\SYSTEM32\WINMM.dll
0x00007ffe83a30000 - 0x00007ffe83a9b000 	C:\WINDOWS\System32\WS2_32.dll
0x00007ffe7d270000 - 0x00007ffe7d27a000 	C:\WINDOWS\SYSTEM32\VERSION.dll
0x00007ffe80da0000 - 0x00007ffe80db2000 	C:\WINDOWS\SYSTEM32\kernel.appcore.dll
0x00007ffe5fcd0000 - 0x00007ffe5fcda000 	D:\ITdevelop\IntelliJ IDEA 2022.3.1\jbr\bin\jimage.dll
0x00007ffe7c790000 - 0x00007ffe7c974000 	C:\WINDOWS\SYSTEM32\DBGHELP.DLL
0x00007ffe72c60000 - 0x00007ffe72c95000 	C:\WINDOWS\SYSTEM32\dbgcore.DLL
0x00007ffe83580000 - 0x00007ffe83602000 	C:\WINDOWS\System32\bcryptPrimitives.dll
0x00007ffe5d4e0000 - 0x00007ffe5d505000 	D:\ITdevelop\IntelliJ IDEA 2022.3.1\jbr\bin\java.dll
0x00007ffe5e630000 - 0x00007ffe5e648000 	D:\ITdevelop\IntelliJ IDEA 2022.3.1\jbr\bin\zip.dll
0x00007ffe847f0000 - 0x00007ffe84f35000 	C:\WINDOWS\System32\SHELL32.dll
0x00007ffe80fa0000 - 0x00007ffe81732000 	C:\WINDOWS\SYSTEM32\windows.storage.dll
0x00007ffe84210000 - 0x00007ffe84565000 	C:\WINDOWS\System32\combase.dll
0x00007ffe828b0000 - 0x00007ffe828e0000 	C:\WINDOWS\SYSTEM32\Wldp.dll
0x00007ffe85020000 - 0x00007ffe850cd000 	C:\WINDOWS\System32\SHCORE.dll
0x00007ffe83c70000 - 0x00007ffe83cc5000 	C:\WINDOWS\System32\shlwapi.dll
0x00007ffe82e00000 - 0x00007ffe82e1f000 	C:\WINDOWS\SYSTEM32\profapi.dll
0x00007ffe5d4c0000 - 0x00007ffe5d4d9000 	D:\ITdevelop\IntelliJ IDEA 2022.3.1\jbr\bin\net.dll
0x00007ffe7bbb0000 - 0x00007ffe7bcbc000 	C:\WINDOWS\SYSTEM32\WINHTTP.dll
0x00007ffe825a0000 - 0x00007ffe8260a000 	C:\WINDOWS\system32\mswsock.dll
0x00007ffe5cfa0000 - 0x00007ffe5cfb6000 	D:\ITdevelop\IntelliJ IDEA 2022.3.1\jbr\bin\nio.dll
0x00007ffe5c910000 - 0x00007ffe5caa3000 	D:\ITdevelop\IntelliJ IDEA 2022.3.1\jbr\bin\awt.dll
0x00007ffe84140000 - 0x00007ffe8420d000 	C:\WINDOWS\System32\OLEAUT32.dll
0x00007ffe80ab0000 - 0x00007ffe80adf000 	C:\WINDOWS\SYSTEM32\dwmapi.dll
0x00007ffe806f0000 - 0x00007ffe80780000 	C:\WINDOWS\SYSTEM32\apphelp.dll
0x00007ffe808d0000 - 0x00007ffe8096e000 	C:\WINDOWS\system32\uxtheme.dll
0x00007ffe83b50000 - 0x00007ffe83c65000 	C:\WINDOWS\System32\MSCTF.dll
0x00007ffe85620000 - 0x00007ffe8574a000 	C:\WINDOWS\System32\ole32.dll
0x00007ffe82290000 - 0x00007ffe822cb000 	C:\WINDOWS\SYSTEM32\IPHLPAPI.DLL
0x00007ffe847e0000 - 0x00007ffe847e8000 	C:\WINDOWS\System32\NSI.dll
0x00007ffe7d280000 - 0x00007ffe7d297000 	C:\WINDOWS\SYSTEM32\dhcpcsvc6.DLL
0x00007ffe7d1a0000 - 0x00007ffe7d1bd000 	C:\WINDOWS\SYSTEM32\dhcpcsvc.DLL
0x00007ffe822d0000 - 0x00007ffe8239b000 	C:\WINDOWS\SYSTEM32\DNSAPI.dll
0x00007ffe82790000 - 0x00007ffe827a8000 	C:\WINDOWS\SYSTEM32\CRYPTSP.dll
0x00007ffe81ec0000 - 0x00007ffe81ef4000 	C:\WINDOWS\system32\rsaenh.dll
0x00007ffe83610000 - 0x00007ffe83637000 	C:\WINDOWS\System32\bcrypt.dll
0x00007ffe82d80000 - 0x00007ffe82dae000 	C:\WINDOWS\SYSTEM32\USERENV.dll
0x00007ffe827b0000 - 0x00007ffe827bc000 	C:\WINDOWS\SYSTEM32\CRYPTBASE.dll
0x00007ffe5ce10000 - 0x00007ffe5ce17000 	D:\ITdevelop\IntelliJ IDEA 2022.3.1\jbr\bin\rmi.dll
0x00007ffe7bd40000 - 0x00007ffe7bd4a000 	C:\Windows\System32\rasadhlp.dll
0x00007ffe77a40000 - 0x00007ffe77ac0000 	C:\WINDOWS\System32\fwpuclnt.dll
0x00007ffe5fb30000 - 0x00007ffe5fb3e000 	D:\ITdevelop\IntelliJ IDEA 2022.3.1\jbr\bin\sunmscapi.dll
0x00007ffe836b0000 - 0x00007ffe83806000 	C:\WINDOWS\System32\CRYPT32.dll
0x00007ffe82920000 - 0x00007ffe82947000 	C:\WINDOWS\SYSTEM32\ncrypt.dll
0x00007ffe828e0000 - 0x00007ffe8291b000 	C:\WINDOWS\SYSTEM32\NTASN1.dll
0x00007ffe1d5b0000 - 0x00007ffe1d6d5000 	C:\WINDOWS\system32\opengl32.dll
0x00007ffe551a0000 - 0x00007ffe551cc000 	C:\WINDOWS\SYSTEM32\GLU32.dll
0x00007ffe27600000 - 0x00007ffe277ce000 	C:\WINDOWS\system32\d3d9.dll
0x00007ffe7afd0000 - 0x00007ffe7b18b000 	C:\WINDOWS\System32\DriverStore\FileRepository\u0388646.inf_amd64_cec79a959dad0433\B388577\aticfx64.dll
0x00007ffe129e0000 - 0x00007ffe1559b000 	C:\WINDOWS\System32\DriverStore\FileRepository\u0388646.inf_amd64_cec79a959dad0433\B388577\amdxn64.dll
0x00007ffe83cd0000 - 0x00007ffe84138000 	C:\WINDOWS\System32\SETUPAPI.dll
0x00007ffe82f70000 - 0x00007ffe82fbe000 	C:\WINDOWS\System32\cfgmgr32.dll
0x00007ffe81780000 - 0x00007ffe81873000 	C:\WINDOWS\SYSTEM32\dxgi.dll
0x00007ffe75a70000 - 0x00007ffe75aa5000 	C:\WINDOWS\SYSTEM32\amdihk64.dll
0x00007ffe7be30000 - 0x00007ffe7be6b000 	C:\WINDOWS\SYSTEM32\dxcore.dll

dbghelp: loaded successfully - version: 4.0.5 - missing functions: none
symbol engine: initialized successfully - sym options: 0x614 - pdb path: .;D:\ITdevelop\IntelliJ IDEA 2022.3.1\jbr\bin;C:\WINDOWS\SYSTEM32;C:\WINDOWS\WinSxS\amd64_microsoft.windows.common-controls_6595b64144ccf1df_6.0.19041.1110_none_60b5254171f9507e;D:\ITdevelop\IntelliJ IDEA 2022.3.1\jbr\bin\server;C:\WINDOWS\System32\DriverStore\FileRepository\u0388646.inf_amd64_cec79a959dad0433\B388577

VM Arguments:
jvm_args: -Dawt.toolkit=com.intellij.desktop.DesktopActionsToolkit -Djava.rmi.server.hostname=127.0.0.1 -Duser.timezone=UTC -Xmx750m -Xms128m --add-exports=java.desktop/sun.awt=ALL-UNNAMED --add-exports=java.desktop/java.awt.peer=ALL-UNNAMED --add-opens=java.desktop/java.awt=ALL-UNNAMED --add-opens=jdk.unsupported/sun.misc=ALL-UNNAMED --add-opens=java.base/java.nio=ALL-UNNAMED --add-opens=java.base/java.util=ALL-UNNAMED -Dfile.encoding=UTF-8 
java_command: com.intellij.database.remote.RemoteJdbcServer com.mysql.cj.jdbc.Driver
java_class_path (initial): D:\ITdevelop\IntelliJ IDEA 2022.3.1\lib\util_rt.jar;D:\ITdevelop\IntelliJ IDEA 2022.3.1\lib\3rd-party-rt.jar;D:\ITdevelop\IntelliJ IDEA 2022.3.1\lib\groovy.jar;D:\ITdevelop\IntelliJ IDEA 2022.3.1\plugins\DatabaseTools\lib\jdbc-console.jar;D:\ITdevelop\IntelliJ IDEA 2022.3.1\plugins\grid-core-impl\lib\jdbc-console-types.jar;C:\Users\b2723\AppData\Roaming\JetBrains\IntelliJIdea2022.3\jdbc-drivers\MySQL ConnectorJ\8.0.25\mysql-connector-java-8.0.25.jar
Launcher Type: SUN_STANDARD

[Global flags]
     intx CICompilerCount                          = 4                                         {product} {ergonomic}
     uint ConcGCThreads                            = 3                                         {product} {ergonomic}
     uint G1ConcRefinementThreads                  = 10                                        {product} {ergonomic}
   size_t G1HeapRegionSize                         = 1048576                                   {product} {ergonomic}
    uintx GCDrainStackTargetSize                   = 64                                        {product} {ergonomic}
   size_t InitialHeapSize                          = 134217728                                 {product} {command line}
   size_t MarkStackSize                            = 4194304                                   {product} {ergonomic}
   size_t MaxHeapSize                              = 786432000                                 {product} {command line}
   size_t MaxNewSize                               = 471859200                                 {product} {ergonomic}
   size_t MinHeapDeltaBytes                        = 1048576                                   {product} {ergonomic}
   size_t MinHeapSize                              = 134217728                                 {product} {command line}
    uintx NonNMethodCodeHeapSize                   = 5839372                                {pd product} {ergonomic}
    uintx NonProfiledCodeHeapSize                  = 122909434                              {pd product} {ergonomic}
    uintx ProfiledCodeHeapSize                     = 122909434                              {pd product} {ergonomic}
    uintx ReservedCodeCacheSize                    = 251658240                              {pd product} {ergonomic}
     bool SegmentedCodeCache                       = true                                      {product} {ergonomic}
   size_t SoftMaxHeapSize                          = 786432000                              {manageable} {ergonomic}
     bool UseCompressedClassPointers               = true                           {product lp64_product} {ergonomic}
     bool UseCompressedOops                        = true                           {product lp64_product} {ergonomic}
     bool UseG1GC                                  = true                                      {product} {ergonomic}
     bool UseLargePagesIndividualAllocation        = false                                  {pd product} {ergonomic}

Logging:
Log output configuration:
 #0: stdout all=warning uptime,level,tags
 #1: stderr all=off uptime,level,tags

Environment Variables:
JAVA_HOME=C:\Program Files\Java\jdk-19
CLASSPATH=.;C:\Program Files\Java\jdk-19\lib\dt.jar;C:\Program Files\Java\jdk-19\lib\tools.jar; 
PATH=C:\Program Files\Java\jdk-19\bin;C:\Program Files\Java\jdk-19\jre\bin;C:\Program Files\Common Files\Oracle\Java\javapath;C:\WINDOWS\system32;C:\WINDOWS;C:\WINDOWS\System32\Wbem;C:\WINDOWS\System32\WindowsPowerShell\v1.0;C:\Program Files\MySQL\MySQL Shell 8.0\bin\;D:\python\Scripts\;D:\python\;C:\Users\b2723\AppData\Local\Microsoft\WindowsApps;D:\DataGrip 2022.3.3\bin;;D:\Microsoft VS Code\bin;C:\Users\b2723\AppData\Local\GitHubDesktop\bin
USERNAME=b2723
OS=Windows_NT
PROCESSOR_IDENTIFIER=AMD64 Family 23 Model 113 Stepping 0, AuthenticAMD
TMP=C:\Users\b2723\AppData\Local\Temp
TEMP=C:\Users\b2723\AppData\Local\Temp



---------------  S Y S T E M  ---------------

OS:
 Windows 10 , 64 bit Build 19041 (10.0.19041.2546)
OS uptime: 0 days 5:09 hours

CPU: total 12 (initial active 12) (12 cores per cpu, 2 threads per core) family 23 model 113 stepping 0 microcode 0x0, cx8, cmov, fxsr, ht, mmx, 3dnowpref, sse, sse2, sse3, ssse3, sse4a, sse4.1, sse4.2, popcnt, lzcnt, tsc, tscinvbit, avx, avx2, aes, clmul, bmi1, bmi2, adx, sha, fma, vzeroupper, clflush, clflushopt

Memory: 4k page, system-wide physical 16306M (2695M free)
TotalPageFile size 28306M (AvailPageFile size 7M)
current process WorkingSet (physical memory assigned to process): 111M, peak: 142M
current process commit charge ("private bytes"): 278M, peak: 310M

vm_info: OpenJDK 64-Bit Server VM (17.0.5+1-b653.23) for windows-amd64 JRE (17.0.5+1-b653.23), built on 2022-12-12 by "builduser" with MS VC++ 16.10 / 16.11 (VS2019)

END.
